<?xml version="1.0" encoding="UTF-8"?>
<coverage generated="1754288891812" clover="3.2.0">
  <project timestamp="1754288891812" name="All files">
    <metrics statements="177" coveredstatements="123" conditionals="170" coveredconditionals="120" methods="64" coveredmethods="39" elements="411" coveredelements="282" complexity="0" loc="177" ncloc="177" packages="2" files="5" classes="5"/>
    <package name="src">
      <metrics statements="33" coveredstatements="15" conditionals="15" coveredconditionals="7" methods="14" coveredmethods="4"/>
      <file name="App.js" path="/workspace/src/App.js">
        <metrics statements="31" coveredstatements="15" conditionals="15" coveredconditionals="7" methods="14" coveredmethods="4"/>
        <line num="7" count="12" type="stmt"/>
        <line num="8" count="11" type="stmt"/>
        <line num="9" count="11" type="stmt"/>
        <line num="12" count="11" type="stmt"/>
        <line num="13" count="5" type="stmt"/>
        <line num="14" count="5" type="cond" truecount="2" falsecount="0"/>
        <line num="15" count="4" type="stmt"/>
        <line num="20" count="11" type="stmt"/>
        <line num="21" count="9" type="stmt"/>
        <line num="24" count="11" type="stmt"/>
        <line num="25" count="0" type="stmt"/>
        <line num="31" count="0" type="stmt"/>
        <line num="32" count="0" type="stmt"/>
        <line num="35" count="11" type="stmt"/>
        <line num="36" count="0" type="stmt"/>
        <line num="37" count="0" type="cond" truecount="0" falsecount="2"/>
        <line num="39" count="0" type="stmt"/>
        <line num="42" count="11" type="stmt"/>
        <line num="43" count="0" type="stmt"/>
        <line num="44" count="0" type="cond" truecount="0" falsecount="4"/>
        <line num="45" count="0" type="stmt"/>
        <line num="46" count="0" type="stmt"/>
        <line num="50" count="11" type="stmt"/>
        <line num="51" count="0" type="stmt"/>
        <line num="52" count="0" type="stmt"/>
        <line num="55" count="11" type="stmt"/>
        <line num="67" count="2" type="stmt"/>
        <line num="73" count="0" type="stmt"/>
        <line num="82" count="0" type="stmt"/>
        <line num="97" count="0" type="stmt"/>
        <line num="98" count="0" type="stmt"/>
      </file>
      <file name="index.js" path="/workspace/src/index.js">
        <metrics statements="2" coveredstatements="0" conditionals="0" coveredconditionals="0" methods="0" coveredmethods="0"/>
        <line num="6" count="0" type="stmt"/>
        <line num="7" count="0" type="stmt"/>
      </file>
    </package>
    <package name="src.components">
      <metrics statements="144" coveredstatements="108" conditionals="155" coveredconditionals="113" methods="50" coveredmethods="35"/>
      <file name="InvoiceDetails.js" path="/workspace/src/components/InvoiceDetails.js">
        <metrics statements="26" coveredstatements="1" conditionals="18" coveredconditionals="0" methods="10" coveredmethods="0"/>
        <line num="5" count="1" type="stmt"/>
        <line num="6" count="0" type="stmt"/>
        <line num="7" count="0" type="stmt"/>
        <line num="9" count="0" type="stmt"/>
        <line num="10" count="0" type="stmt"/>
        <line num="11" count="0" type="stmt"/>
        <line num="13" count="0" type="stmt"/>
        <line num="17" count="0" type="stmt"/>
        <line num="18" count="0" type="stmt"/>
        <line num="19" count="0" type="stmt"/>
        <line num="22" count="0" type="stmt"/>
        <line num="23" count="0" type="stmt"/>
        <line num="24" count="0" type="stmt"/>
        <line num="27" count="0" type="stmt"/>
        <line num="28" count="0" type="stmt"/>
        <line num="31" count="0" type="stmt"/>
        <line num="33" count="0" type="cond" truecount="0" falsecount="2"/>
        <line num="34" count="0" type="cond" truecount="0" falsecount="2"/>
        <line num="35" count="0" type="stmt"/>
        <line num="38" count="0" type="cond" truecount="0" falsecount="2"/>
        <line num="39" count="0" type="stmt"/>
        <line num="43" count="0" type="stmt"/>
        <line num="48" count="0" type="stmt"/>
        <line num="55" count="0" type="stmt"/>
        <line num="102" count="0" type="stmt"/>
        <line num="130" count="0" type="cond" truecount="0" falsecount="2"/>
      </file>
      <file name="InvoiceForm.js" path="/workspace/src/components/InvoiceForm.js">
        <metrics statements="67" coveredstatements="63" conditionals="80" coveredconditionals="74" methods="24" coveredmethods="22"/>
        <line num="4" count="3" type="stmt"/>
        <line num="5" count="96" type="stmt"/>
        <line num="17" count="96" type="stmt"/>
        <line num="19" count="96" type="stmt"/>
        <line num="20" count="53" type="stmt"/>
        <line num="21" count="53" type="stmt"/>
        <line num="27" count="53" type="cond" truecount="1" falsecount="1"/>
        <line num="28" count="0" type="stmt"/>
        <line num="35" count="96" type="stmt"/>
        <line num="36" count="19" type="stmt"/>
        <line num="37" count="19" type="cond" truecount="1" falsecount="1"/>
        <line num="39" count="19" type="stmt"/>
        <line num="45" count="96" type="stmt"/>
        <line num="46" count="1" type="stmt"/>
        <line num="52" count="96" type="stmt"/>
        <line num="53" count="1" type="cond" truecount="1" falsecount="1"/>
        <line num="54" count="1" type="stmt"/>
        <line num="56" count="2" type="stmt"/>
        <line num="61" count="96" type="stmt"/>
        <line num="62" count="384" type="stmt"/>
        <line num="64" count="388" type="cond" truecount="2" falsecount="0"/>
        <line num="65" count="388" type="cond" truecount="2" falsecount="0"/>
        <line num="66" count="388" type="stmt"/>
        <line num="70" count="96" type="stmt"/>
        <line num="71" count="192" type="stmt"/>
        <line num="73" count="192" type="cond" truecount="1" falsecount="1"/>
        <line num="74" count="192" type="stmt"/>
        <line num="77" count="96" type="stmt"/>
        <line num="78" count="96" type="stmt"/>
        <line num="79" count="96" type="stmt"/>
        <line num="81" count="96" type="stmt"/>
        <line num="84" count="96" type="stmt"/>
        <line num="85" count="8" type="stmt"/>
        <line num="87" count="8" type="cond" truecount="2" falsecount="0"/>
        <line num="88" count="5" type="stmt"/>
        <line num="91" count="8" type="cond" truecount="2" falsecount="0"/>
        <line num="92" count="5" type="stmt"/>
        <line num="95" count="8" type="cond" truecount="2" falsecount="0"/>
        <line num="96" count="4" type="stmt"/>
        <line num="97" count="4" type="cond" truecount="2" falsecount="0"/>
        <line num="98" count="1" type="stmt"/>
        <line num="101" count="8" type="cond" truecount="2" falsecount="0"/>
        <line num="102" count="4" type="stmt"/>
        <line num="103" count="4" type="cond" truecount="1" falsecount="1"/>
        <line num="104" count="4" type="stmt"/>
        <line num="108" count="8" type="stmt"/>
        <line num="109" count="8" type="cond" truecount="2" falsecount="0"/>
        <line num="110" count="6" type="stmt"/>
        <line num="113" count="8" type="stmt"/>
        <line num="114" count="8" type="cond" truecount="4" falsecount="0"/>
        <line num="115" count="3" type="stmt"/>
        <line num="118" count="8" type="stmt"/>
        <line num="119" count="8" type="cond" truecount="4" falsecount="0"/>
        <line num="120" count="1" type="stmt"/>
        <line num="124" count="8" type="stmt"/>
        <line num="125" count="8" type="stmt"/>
        <line num="128" count="96" type="stmt"/>
        <line num="129" count="8" type="stmt"/>
        <line num="131" count="8" type="cond" truecount="1" falsecount="1"/>
        <line num="132" count="0" type="stmt"/>
        <line num="138" count="0" type="stmt"/>
        <line num="142" count="96" type="stmt"/>
        <line num="237" count="97" type="stmt"/>
        <line num="244" count="0" type="stmt"/>
        <line num="255" count="8" type="cond" truecount="2" falsecount="0"/>
        <line num="267" count="11" type="cond" truecount="2" falsecount="0"/>
        <line num="278" count="1" type="stmt"/>
      </file>
      <file name="InvoiceList.js" path="/workspace/src/components/InvoiceList.js">
        <metrics statements="51" coveredstatements="44" conditionals="57" coveredconditionals="39" methods="16" coveredmethods="13"/>
        <line num="4" count="2" type="stmt"/>
        <line num="5" count="24" type="stmt"/>
        <line num="6" count="24" type="stmt"/>
        <line num="7" count="24" type="stmt"/>
        <line num="9" count="24" type="stmt"/>
        <line num="10" count="2" type="cond" truecount="1" falsecount="1"/>
        <line num="11" count="0" type="cond" truecount="0" falsecount="2"/>
        <line num="13" count="2" type="stmt"/>
        <line num="14" count="2" type="stmt"/>
        <line num="18" count="24" type="stmt"/>
        <line num="20" count="40" type="cond" truecount="2" falsecount="0"/>
        <line num="21" count="6" type="stmt"/>
        <line num="24" count="24" type="stmt"/>
        <line num="25" count="24" type="stmt"/>
        <line num="27" count="24" type="cond" truecount="2" falsecount="0"/>
        <line num="28" count="4" type="cond" truecount="1" falsecount="1"/>
        <line num="29" count="4" type="cond" truecount="1" falsecount="1"/>
        <line num="32" count="24" type="cond" truecount="4" falsecount="0"/>
        <line num="33" count="18" type="stmt"/>
        <line num="34" count="18" type="stmt"/>
        <line num="37" count="24" type="cond" truecount="2" falsecount="0"/>
        <line num="38" count="6" type="cond" truecount="2" falsecount="0"/>
        <line num="40" count="18" type="cond" truecount="1" falsecount="1"/>
        <line num="44" count="24" type="stmt"/>
        <line num="45" count="35" type="cond" truecount="3" falsecount="2"/>
        <line num="46" count="12" type="stmt"/>
        <line num="47" count="11" type="stmt"/>
        <line num="48" count="12" type="stmt"/>
        <line num="49" count="0" type="stmt"/>
        <line num="50" count="0" type="stmt"/>
        <line num="54" count="24" type="stmt"/>
        <line num="55" count="70" type="stmt"/>
        <line num="56" count="70" type="stmt"/>
        <line num="57" count="70" type="cond" truecount="2" falsecount="0"/>
        <line num="59" count="2" type="stmt"/>
        <line num="61" count="68" type="stmt"/>
        <line num="64" count="0" type="stmt"/>
        <line num="68" count="24" type="stmt"/>
        <line num="69" count="2" type="stmt"/>
        <line num="70" count="2" type="cond" truecount="2" falsecount="0"/>
        <line num="71" count="1" type="stmt"/>
        <line num="75" count="24" type="stmt"/>
        <line num="86" count="2" type="stmt"/>
        <line num="110" count="0" type="stmt"/>
        <line num="116" count="1" type="stmt"/>
        <line num="122" count="0" type="stmt"/>
        <line num="128" count="0" type="stmt"/>
        <line num="134" count="1" type="stmt"/>
        <line num="148" count="35" type="stmt"/>
        <line num="155" count="1" type="stmt"/>
        <line num="191" count="2" type="stmt"/>
      </file>
    </package>
  </project>
</coverage>
