{"/workspace/src/App.js": {"path":"/workspace/src/App.js","statementMap":{"0":{"start":{"line":12,"column":48},"end":{"line":12,"column":62}},"1":{"start":{"line":13,"column":26},"end":{"line":13,"column":42}},"2":{"start":{"line":14,"column":42},"end":{"line":14,"column":86}},"3":{"start":{"line":15,"column":42},"end":{"line":15,"column":56}},"4":{"start":{"line":17,"column":16},"end":{"line":17,"column":26}},"5":{"start":{"line":28,"column":6},"end":{"line":28,"column":24}},"6":{"start":{"line":30,"column":30},"end":{"line":35,"column":21}},"7":{"start":{"line":31,"column":19},"end":{"line":31,"column":45}},"8":{"start":{"line":32,"column":4},"end":{"line":34,"column":5}},"9":{"start":{"line":33,"column":6},"end":{"line":33,"column":22}},"10":{"start":{"line":37,"column":28},"end":{"line":46,"column":38}},"11":{"start":{"line":38,"column":19},"end":{"line":38,"column":49}},"12":{"start":{"line":39,"column":4},"end":{"line":45,"column":5}},"13":{"start":{"line":40,"column":6},"end":{"line":40,"column":22}},"14":{"start":{"line":42,"column":6},"end":{"line":44,"column":7}},"15":{"start":{"line":43,"column":8},"end":{"line":43,"column":67}},"16":{"start":{"line":48,"column":28},"end":{"line":50,"column":8}},"17":{"start":{"line":49,"column":4},"end":{"line":49,"column":53}},"18":{"start":{"line":52,"column":30},"end":{"line":63,"column":62}},"19":{"start":{"line":53,"column":4},"end":{"line":61,"column":5}},"20":{"start":{"line":54,"column":21},"end":{"line":54,"column":58}},"21":{"start":{"line":55,"column":6},"end":{"line":60,"column":7}},"22":{"start":{"line":56,"column":8},"end":{"line":59,"column":9}},"23":{"start":{"line":57,"column":10},"end":{"line":57,"column":35}},"24":{"start":{"line":58,"column":10},"end":{"line":58,"column":26}},"25":{"start":{"line":62,"column":4},"end":{"line":62,"column":56}},"26":{"start":{"line":65,"column":29},"end":{"line":67,"column":8}},"27":{"start":{"line":66,"column":4},"end":{"line":66,"column":56}},"28":{"start":{"line":69,"column":30},"end":{"line":72,"column":8}},"29":{"start":{"line":70,"column":4},"end":{"line":70,"column":32}},"30":{"start":{"line":71,"column":4},"end":{"line":71,"column":23}},"31":{"start":{"line":74,"column":31},"end":{"line":76,"column":22}},"32":{"start":{"line":75,"column":4},"end":{"line":75,"column":21}},"33":{"start":{"line":78,"column":31},"end":{"line":85,"column":22}},"34":{"start":{"line":79,"column":17},"end":{"line":79,"column":38}},"35":{"start":{"line":80,"column":4},"end":{"line":84,"column":5}},"36":{"start":{"line":81,"column":6},"end":{"line":81,"column":27}},"37":{"start":{"line":83,"column":6},"end":{"line":83,"column":30}},"38":{"start":{"line":87,"column":27},"end":{"line":89,"column":20}},"39":{"start":{"line":88,"column":4},"end":{"line":88,"column":26}},"40":{"start":{"line":91,"column":2},"end":{"line":93,"column":3}},"41":{"start":{"line":92,"column":4},"end":{"line":92,"column":57}},"42":{"start":{"line":95,"column":2},"end":{"line":215,"column":4}},"43":{"start":{"line":137,"column":29},"end":{"line":137,"column":46}},"44":{"start":{"line":144,"column":29},"end":{"line":144,"column":44}},"45":{"start":{"line":182,"column":30},"end":{"line":182,"column":45}},"46":{"start":{"line":197,"column":39},"end":{"line":197,"column":89}},"47":{"start":{"line":198,"column":28},"end":{"line":198,"column":43}}},"fnMap":{"0":{"name":"App","decl":{"start":{"line":11,"column":9},"end":{"line":11,"column":12}},"loc":{"start":{"line":11,"column":15},"end":{"line":216,"column":1}},"line":11},"1":{"name":"(anonymous_1)","decl":{"start":{"line":30,"column":42},"end":{"line":30,"column":43}},"loc":{"start":{"line":30,"column":59},"end":{"line":35,"column":3}},"line":30},"2":{"name":"(anonymous_2)","decl":{"start":{"line":37,"column":40},"end":{"line":37,"column":41}},"loc":{"start":{"line":37,"column":61},"end":{"line":46,"column":3}},"line":37},"3":{"name":"(anonymous_3)","decl":{"start":{"line":48,"column":40},"end":{"line":48,"column":41}},"loc":{"start":{"line":48,"column":48},"end":{"line":50,"column":3}},"line":48},"4":{"name":"(anonymous_4)","decl":{"start":{"line":52,"column":42},"end":{"line":52,"column":43}},"loc":{"start":{"line":52,"column":48},"end":{"line":63,"column":3}},"line":52},"5":{"name":"(anonymous_5)","decl":{"start":{"line":65,"column":41},"end":{"line":65,"column":42}},"loc":{"start":{"line":65,"column":47},"end":{"line":67,"column":3}},"line":65},"6":{"name":"(anonymous_6)","decl":{"start":{"line":69,"column":42},"end":{"line":69,"column":43}},"loc":{"start":{"line":69,"column":55},"end":{"line":72,"column":3}},"line":69},"7":{"name":"(anonymous_7)","decl":{"start":{"line":74,"column":43},"end":{"line":74,"column":44}},"loc":{"start":{"line":74,"column":49},"end":{"line":76,"column":3}},"line":74},"8":{"name":"(anonymous_8)","decl":{"start":{"line":78,"column":43},"end":{"line":78,"column":44}},"loc":{"start":{"line":78,"column":54},"end":{"line":85,"column":3}},"line":78},"9":{"name":"(anonymous_9)","decl":{"start":{"line":87,"column":39},"end":{"line":87,"column":40}},"loc":{"start":{"line":87,"column":45},"end":{"line":89,"column":3}},"line":87},"10":{"name":"(anonymous_10)","decl":{"start":{"line":137,"column":23},"end":{"line":137,"column":24}},"loc":{"start":{"line":137,"column":29},"end":{"line":137,"column":46}},"line":137},"11":{"name":"(anonymous_11)","decl":{"start":{"line":144,"column":23},"end":{"line":144,"column":24}},"loc":{"start":{"line":144,"column":29},"end":{"line":144,"column":44}},"line":144},"12":{"name":"(anonymous_12)","decl":{"start":{"line":182,"column":24},"end":{"line":182,"column":25}},"loc":{"start":{"line":182,"column":30},"end":{"line":182,"column":45}},"line":182},"13":{"name":"(anonymous_13)","decl":{"start":{"line":197,"column":22},"end":{"line":197,"column":23}},"loc":{"start":{"line":197,"column":39},"end":{"line":197,"column":89}},"line":197},"14":{"name":"(anonymous_14)","decl":{"start":{"line":198,"column":22},"end":{"line":198,"column":23}},"loc":{"start":{"line":198,"column":28},"end":{"line":198,"column":43}},"line":198}},"branchMap":{"0":{"loc":{"start":{"line":32,"column":4},"end":{"line":34,"column":5}},"type":"if","locations":[{"start":{"line":32,"column":4},"end":{"line":34,"column":5}},{"start":{},"end":{}}],"line":32},"1":{"loc":{"start":{"line":39,"column":4},"end":{"line":45,"column":5}},"type":"if","locations":[{"start":{"line":39,"column":4},"end":{"line":45,"column":5}},{"start":{},"end":{}}],"line":39},"2":{"loc":{"start":{"line":42,"column":6},"end":{"line":44,"column":7}},"type":"if","locations":[{"start":{"line":42,"column":6},"end":{"line":44,"column":7}},{"start":{},"end":{}}],"line":42},"3":{"loc":{"start":{"line":42,"column":10},"end":{"line":42,"column":54}},"type":"binary-expr","locations":[{"start":{"line":42,"column":10},"end":{"line":42,"column":25}},{"start":{"line":42,"column":29},"end":{"line":42,"column":54}}],"line":42},"4":{"loc":{"start":{"line":53,"column":4},"end":{"line":61,"column":5}},"type":"if","locations":[{"start":{"line":53,"column":4},"end":{"line":61,"column":5}},{"start":{},"end":{}}],"line":53},"5":{"loc":{"start":{"line":55,"column":6},"end":{"line":60,"column":7}},"type":"if","locations":[{"start":{"line":55,"column":6},"end":{"line":60,"column":7}},{"start":{},"end":{}}],"line":55},"6":{"loc":{"start":{"line":56,"column":8},"end":{"line":59,"column":9}},"type":"if","locations":[{"start":{"line":56,"column":8},"end":{"line":59,"column":9}},{"start":{},"end":{}}],"line":56},"7":{"loc":{"start":{"line":56,"column":12},"end":{"line":56,"column":76}},"type":"binary-expr","locations":[{"start":{"line":56,"column":12},"end":{"line":56,"column":27}},{"start":{"line":56,"column":31},"end":{"line":56,"column":76}}],"line":56},"8":{"loc":{"start":{"line":80,"column":4},"end":{"line":84,"column":5}},"type":"if","locations":[{"start":{"line":80,"column":4},"end":{"line":84,"column":5}},{"start":{},"end":{}}],"line":80},"9":{"loc":{"start":{"line":91,"column":2},"end":{"line":93,"column":3}},"type":"if","locations":[{"start":{"line":91,"column":2},"end":{"line":93,"column":3}},{"start":{},"end":{}}],"line":91},"10":{"loc":{"start":{"line":91,"column":6},"end":{"line":91,"column":38}},"type":"binary-expr","locations":[{"start":{"line":91,"column":6},"end":{"line":91,"column":13}},{"start":{"line":91,"column":17},"end":{"line":91,"column":38}}],"line":91},"11":{"loc":{"start":{"line":105,"column":11},"end":{"line":132,"column":11}},"type":"binary-expr","locations":[{"start":{"line":105,"column":11},"end":{"line":105,"column":16}},{"start":{"line":106,"column":12},"end":{"line":131,"column":18}}],"line":105},"12":{"loc":{"start":{"line":152,"column":24},"end":{"line":152,"column":56}},"type":"binary-expr","locations":[{"start":{"line":152,"column":24},"end":{"line":152,"column":31}},{"start":{"line":152,"column":35},"end":{"line":152,"column":56}}],"line":152},"13":{"loc":{"start":{"line":173,"column":11},"end":{"line":177,"column":11}},"type":"binary-expr","locations":[{"start":{"line":173,"column":11},"end":{"line":173,"column":18}},{"start":{"line":173,"column":22},"end":{"line":173,"column":37}},{"start":{"line":174,"column":12},"end":{"line":176,"column":18}}],"line":173},"14":{"loc":{"start":{"line":179,"column":11},"end":{"line":184,"column":11}},"type":"binary-expr","locations":[{"start":{"line":179,"column":11},"end":{"line":179,"column":28}},{"start":{"line":180,"column":12},"end":{"line":183,"column":14}}],"line":179},"15":{"loc":{"start":{"line":186,"column":11},"end":{"line":192,"column":11}},"type":"binary-expr","locations":[{"start":{"line":186,"column":11},"end":{"line":186,"column":26}},{"start":{"line":187,"column":12},"end":{"line":191,"column":14}}],"line":186},"16":{"loc":{"start":{"line":194,"column":11},"end":{"line":200,"column":11}},"type":"binary-expr","locations":[{"start":{"line":194,"column":11},"end":{"line":194,"column":29}},{"start":{"line":194,"column":33},"end":{"line":194,"column":48}},{"start":{"line":195,"column":12},"end":{"line":199,"column":14}}],"line":194}},"s":{"0":21,"1":20,"2":20,"3":20,"4":20,"5":0,"6":0,"7":0,"8":0,"9":0,"10":0,"11":0,"12":0,"13":0,"14":0,"15":0,"16":0,"17":0,"18":0,"19":0,"20":0,"21":0,"22":0,"23":0,"24":0,"25":0,"26":0,"27":0,"28":0,"29":0,"30":0,"31":0,"32":0,"33":0,"34":0,"35":0,"36":0,"37":0,"38":0,"39":0,"40":0,"41":0,"42":0,"43":0,"44":0,"45":0,"46":0,"47":0},"f":{"0":21,"1":0,"2":0,"3":0,"4":0,"5":0,"6":0,"7":0,"8":0,"9":0,"10":0,"11":0,"12":0,"13":0,"14":0},"b":{"0":[0,0],"1":[0,0],"2":[0,0],"3":[0,0],"4":[0,0],"5":[0,0],"6":[0,0],"7":[0,0],"8":[0,0],"9":[0,0],"10":[0,0],"11":[0,0],"12":[0,0],"13":[0,0,0],"14":[0,0],"15":[0,0],"16":[0,0,0]},"_coverageSchema":"1a1c01bbd47fc00a2c39e90264f33305004495a9","hash":"4807f04ff44ea201683211e0dbf26af849254d27"}
,"/workspace/src/index.js": {"path":"/workspace/src/index.js","statementMap":{"0":{"start":{"line":7,"column":13},"end":{"line":7,"column":65}},"1":{"start":{"line":8,"column":0},"end":{"line":14,"column":2}}},"fnMap":{},"branchMap":{},"s":{"0":0,"1":0},"f":{},"b":{}}
,"/workspace/src/components/ConfirmationModal.js": {"path":"/workspace/src/components/ConfirmationModal.js","statementMap":{"0":{"start":{"line":3,"column":26},"end":{"line":196,"column":1}},"1":{"start":{"line":13,"column":2},"end":{"line":29,"column":25}},"2":{"start":{"line":14,"column":25},"end":{"line":18,"column":5}},"3":{"start":{"line":15,"column":6},"end":{"line":17,"column":7}},"4":{"start":{"line":16,"column":8},"end":{"line":16,"column":19}},"5":{"start":{"line":20,"column":4},"end":{"line":23,"column":5}},"6":{"start":{"line":21,"column":6},"end":{"line":21,"column":57}},"7":{"start":{"line":22,"column":6},"end":{"line":22,"column":46}},"8":{"start":{"line":25,"column":4},"end":{"line":28,"column":6}},"9":{"start":{"line":26,"column":6},"end":{"line":26,"column":60}},"10":{"start":{"line":27,"column":6},"end":{"line":27,"column":45}},"11":{"start":{"line":31,"column":2},"end":{"line":31,"column":27}},"12":{"start":{"line":31,"column":15},"end":{"line":31,"column":27}},"13":{"start":{"line":33,"column":24},"end":{"line":52,"column":3}},"14":{"start":{"line":34,"column":19},"end":{"line":50,"column":5}},"15":{"start":{"line":51,"column":4},"end":{"line":51,"column":41}},"16":{"start":{"line":54,"column":21},"end":{"line":54,"column":36}},"17":{"start":{"line":56,"column":23},"end":{"line":67,"column":3}},"18":{"start":{"line":69,"column":21},"end":{"line":77,"column":3}},"19":{"start":{"line":79,"column":20},"end":{"line":90,"column":3}},"20":{"start":{"line":92,"column":21},"end":{"line":98,"column":3}},"21":{"start":{"line":100,"column":23},"end":{"line":106,"column":3}},"22":{"start":{"line":108,"column":31},"end":{"line":112,"column":3}},"23":{"start":{"line":114,"column":28},"end":{"line":124,"column":3}},"24":{"start":{"line":126,"column":29},"end":{"line":136,"column":3}},"25":{"start":{"line":138,"column":18},"end":{"line":149,"column":3}},"26":{"start":{"line":139,"column":4},"end":{"line":148,"column":5}},"27":{"start":{"line":141,"column":8},"end":{"line":141,"column":20}},"28":{"start":{"line":143,"column":8},"end":{"line":143,"column":20}},"29":{"start":{"line":145,"column":8},"end":{"line":145,"column":20}},"30":{"start":{"line":147,"column":8},"end":{"line":147,"column":19}},"31":{"start":{"line":151,"column":2},"end":{"line":195,"column":4}},"32":{"start":{"line":168,"column":46},"end":{"line":168,"column":65}},"33":{"start":{"line":178,"column":33},"end":{"line":178,"column":75}},"34":{"start":{"line":179,"column":33},"end":{"line":179,"column":73}},"35":{"start":{"line":186,"column":33},"end":{"line":186,"column":95}},"36":{"start":{"line":187,"column":33},"end":{"line":187,"column":95}}},"fnMap":{"0":{"name":"(anonymous_0)","decl":{"start":{"line":3,"column":26},"end":{"line":3,"column":27}},"loc":{"start":{"line":12,"column":6},"end":{"line":196,"column":1}},"line":12},"1":{"name":"(anonymous_1)","decl":{"start":{"line":13,"column":12},"end":{"line":13,"column":13}},"loc":{"start":{"line":13,"column":18},"end":{"line":29,"column":3}},"line":13},"2":{"name":"(anonymous_2)","decl":{"start":{"line":14,"column":25},"end":{"line":14,"column":26}},"loc":{"start":{"line":14,"column":32},"end":{"line":18,"column":5}},"line":14},"3":{"name":"(anonymous_3)","decl":{"start":{"line":25,"column":11},"end":{"line":25,"column":12}},"loc":{"start":{"line":25,"column":17},"end":{"line":28,"column":5}},"line":25},"4":{"name":"(anonymous_4)","decl":{"start":{"line":33,"column":24},"end":{"line":33,"column":25}},"loc":{"start":{"line":33,"column":30},"end":{"line":52,"column":3}},"line":33},"5":{"name":"(anonymous_5)","decl":{"start":{"line":138,"column":18},"end":{"line":138,"column":19}},"loc":{"start":{"line":138,"column":24},"end":{"line":149,"column":3}},"line":138},"6":{"name":"(anonymous_6)","decl":{"start":{"line":168,"column":41},"end":{"line":168,"column":42}},"loc":{"start":{"line":168,"column":46},"end":{"line":168,"column":65}},"line":168},"7":{"name":"(anonymous_7)","decl":{"start":{"line":178,"column":28},"end":{"line":178,"column":29}},"loc":{"start":{"line":178,"column":33},"end":{"line":178,"column":75}},"line":178},"8":{"name":"(anonymous_8)","decl":{"start":{"line":179,"column":28},"end":{"line":179,"column":29}},"loc":{"start":{"line":179,"column":33},"end":{"line":179,"column":73}},"line":179},"9":{"name":"(anonymous_9)","decl":{"start":{"line":186,"column":28},"end":{"line":186,"column":29}},"loc":{"start":{"line":186,"column":33},"end":{"line":186,"column":95}},"line":186},"10":{"name":"(anonymous_10)","decl":{"start":{"line":187,"column":28},"end":{"line":187,"column":29}},"loc":{"start":{"line":187,"column":33},"end":{"line":187,"column":95}},"line":187}},"branchMap":{"0":{"loc":{"start":{"line":5,"column":2},"end":{"line":5,"column":26}},"type":"default-arg","locations":[{"start":{"line":5,"column":10},"end":{"line":5,"column":26}}],"line":5},"1":{"loc":{"start":{"line":7,"column":2},"end":{"line":7,"column":25}},"type":"default-arg","locations":[{"start":{"line":7,"column":16},"end":{"line":7,"column":25}}],"line":7},"2":{"loc":{"start":{"line":8,"column":2},"end":{"line":8,"column":23}},"type":"default-arg","locations":[{"start":{"line":8,"column":15},"end":{"line":8,"column":23}}],"line":8},"3":{"loc":{"start":{"line":11,"column":2},"end":{"line":11,"column":17}},"type":"default-arg","locations":[{"start":{"line":11,"column":9},"end":{"line":11,"column":17}}],"line":11},"4":{"loc":{"start":{"line":15,"column":6},"end":{"line":17,"column":7}},"type":"if","locations":[{"start":{"line":15,"column":6},"end":{"line":17,"column":7}},{"start":{},"end":{}}],"line":15},"5":{"loc":{"start":{"line":20,"column":4},"end":{"line":23,"column":5}},"type":"if","locations":[{"start":{"line":20,"column":4},"end":{"line":23,"column":5}},{"start":{},"end":{}}],"line":20},"6":{"loc":{"start":{"line":31,"column":2},"end":{"line":31,"column":27}},"type":"if","locations":[{"start":{"line":31,"column":2},"end":{"line":31,"column":27}},{"start":{},"end":{}}],"line":31},"7":{"loc":{"start":{"line":51,"column":11},"end":{"line":51,"column":40}},"type":"binary-expr","locations":[{"start":{"line":51,"column":11},"end":{"line":51,"column":23}},{"start":{"line":51,"column":27},"end":{"line":51,"column":40}}],"line":51},"8":{"loc":{"start":{"line":139,"column":4},"end":{"line":148,"column":5}},"type":"switch","locations":[{"start":{"line":140,"column":6},"end":{"line":141,"column":20}},{"start":{"line":142,"column":6},"end":{"line":143,"column":20}},{"start":{"line":144,"column":6},"end":{"line":145,"column":20}},{"start":{"line":146,"column":6},"end":{"line":147,"column":19}}],"line":139}},"s":{"0":1,"1":0,"2":0,"3":0,"4":0,"5":0,"6":0,"7":0,"8":0,"9":0,"10":0,"11":0,"12":0,"13":0,"14":0,"15":0,"16":0,"17":0,"18":0,"19":0,"20":0,"21":0,"22":0,"23":0,"24":0,"25":0,"26":0,"27":0,"28":0,"29":0,"30":0,"31":0,"32":0,"33":0,"34":0,"35":0,"36":0},"f":{"0":0,"1":0,"2":0,"3":0,"4":0,"5":0,"6":0,"7":0,"8":0,"9":0,"10":0},"b":{"0":[0],"1":[0],"2":[0],"3":[0],"4":[0,0],"5":[0,0],"6":[0,0],"7":[0,0],"8":[0,0,0,0]},"_coverageSchema":"1a1c01bbd47fc00a2c39e90264f33305004495a9","hash":"90ff74858043f1a1ad7b808d1d035560c2d42705"}
,"/workspace/src/components/ErrorBoundary.js": {"path":"/workspace/src/components/ErrorBoundary.js","statementMap":{"0":{"start":{"line":5,"column":4},"end":{"line":5,"column":17}},"1":{"start":{"line":6,"column":4},"end":{"line":10,"column":6}},"2":{"start":{"line":15,"column":4},"end":{"line":15,"column":30}},"3":{"start":{"line":20,"column":4},"end":{"line":20,"column":70}},"4":{"start":{"line":22,"column":4},"end":{"line":25,"column":7}},"5":{"start":{"line":31,"column":16},"end":{"line":37,"column":3}},"6":{"start":{"line":32,"column":4},"end":{"line":36,"column":7}},"7":{"start":{"line":40,"column":4},"end":{"line":149,"column":5}},"8":{"start":{"line":42,"column":6},"end":{"line":148,"column":8}},"9":{"start":{"line":122,"column":33},"end":{"line":122,"column":75}},"10":{"start":{"line":123,"column":33},"end":{"line":123,"column":75}},"11":{"start":{"line":129,"column":29},"end":{"line":129,"column":53}},"12":{"start":{"line":141,"column":33},"end":{"line":141,"column":75}},"13":{"start":{"line":142,"column":33},"end":{"line":142,"column":75}},"14":{"start":{"line":152,"column":4},"end":{"line":152,"column":31}},"15":{"start":{"line":157,"column":33},"end":{"line":166,"column":1}},"16":{"start":{"line":158,"column":27},"end":{"line":162,"column":3}},"17":{"start":{"line":159,"column":4},"end":{"line":161,"column":20}},"18":{"start":{"line":164,"column":2},"end":{"line":164,"column":97}},"19":{"start":{"line":165,"column":2},"end":{"line":165,"column":26}}},"fnMap":{"0":{"name":"(anonymous_0)","decl":{"start":{"line":4,"column":2},"end":{"line":4,"column":3}},"loc":{"start":{"line":4,"column":21},"end":{"line":11,"column":3}},"line":4},"1":{"name":"(anonymous_1)","decl":{"start":{"line":13,"column":2},"end":{"line":13,"column":3}},"loc":{"start":{"line":13,"column":41},"end":{"line":16,"column":3}},"line":13},"2":{"name":"(anonymous_2)","decl":{"start":{"line":18,"column":2},"end":{"line":18,"column":3}},"loc":{"start":{"line":18,"column":38},"end":{"line":29,"column":3}},"line":18},"3":{"name":"(anonymous_3)","decl":{"start":{"line":31,"column":16},"end":{"line":31,"column":17}},"loc":{"start":{"line":31,"column":22},"end":{"line":37,"column":3}},"line":31},"4":{"name":"(anonymous_4)","decl":{"start":{"line":39,"column":2},"end":{"line":39,"column":3}},"loc":{"start":{"line":39,"column":11},"end":{"line":153,"column":3}},"line":39},"5":{"name":"(anonymous_5)","decl":{"start":{"line":122,"column":28},"end":{"line":122,"column":29}},"loc":{"start":{"line":122,"column":33},"end":{"line":122,"column":75}},"line":122},"6":{"name":"(anonymous_6)","decl":{"start":{"line":123,"column":28},"end":{"line":123,"column":29}},"loc":{"start":{"line":123,"column":33},"end":{"line":123,"column":75}},"line":123},"7":{"name":"(anonymous_7)","decl":{"start":{"line":129,"column":23},"end":{"line":129,"column":24}},"loc":{"start":{"line":129,"column":29},"end":{"line":129,"column":53}},"line":129},"8":{"name":"(anonymous_8)","decl":{"start":{"line":141,"column":28},"end":{"line":141,"column":29}},"loc":{"start":{"line":141,"column":33},"end":{"line":141,"column":75}},"line":141},"9":{"name":"(anonymous_9)","decl":{"start":{"line":142,"column":28},"end":{"line":142,"column":29}},"loc":{"start":{"line":142,"column":33},"end":{"line":142,"column":75}},"line":142},"10":{"name":"(anonymous_10)","decl":{"start":{"line":157,"column":33},"end":{"line":157,"column":34}},"loc":{"start":{"line":157,"column":73},"end":{"line":166,"column":1}},"line":157},"11":{"name":"(anonymous_11)","decl":{"start":{"line":158,"column":27},"end":{"line":158,"column":28}},"loc":{"start":{"line":159,"column":4},"end":{"line":161,"column":20}},"line":159}},"branchMap":{"0":{"loc":{"start":{"line":40,"column":4},"end":{"line":149,"column":5}},"type":"if","locations":[{"start":{"line":40,"column":4},"end":{"line":149,"column":5}},{"start":{},"end":{}}],"line":40},"1":{"loc":{"start":{"line":78,"column":11},"end":{"line":106,"column":11}},"type":"binary-expr","locations":[{"start":{"line":78,"column":11},"end":{"line":78,"column":33}},{"start":{"line":78,"column":37},"end":{"line":78,"column":53}},{"start":{"line":79,"column":12},"end":{"line":105,"column":22}}],"line":78},"2":{"loc":{"start":{"line":157,"column":45},"end":{"line":157,"column":68}},"type":"default-arg","locations":[{"start":{"line":157,"column":66},"end":{"line":157,"column":68}}],"line":157},"3":{"loc":{"start":{"line":164,"column":54},"end":{"line":164,"column":93}},"type":"binary-expr","locations":[{"start":{"line":164,"column":54},"end":{"line":164,"column":75}},{"start":{"line":164,"column":79},"end":{"line":164,"column":93}}],"line":164}},"s":{"0":0,"1":0,"2":0,"3":0,"4":0,"5":0,"6":0,"7":0,"8":0,"9":0,"10":0,"11":0,"12":0,"13":0,"14":0,"15":1,"16":0,"17":0,"18":0,"19":0},"f":{"0":0,"1":0,"2":0,"3":0,"4":0,"5":0,"6":0,"7":0,"8":0,"9":0,"10":0,"11":0},"b":{"0":[0,0],"1":[0,0,0],"2":[0],"3":[0,0]},"_coverageSchema":"1a1c01bbd47fc00a2c39e90264f33305004495a9","hash":"51e6945a503b398867d68e63f4663c03385b37cd"}
,"/workspace/src/components/InvoiceDetails.js": {"path":"/workspace/src/components/InvoiceDetails.js","statementMap":{"0":{"start":{"line":5,"column":23},"end":{"line":170,"column":1}},"1":{"start":{"line":6,"column":36},"end":{"line":6,"column":51}},"2":{"start":{"line":7,"column":30},"end":{"line":7,"column":54}},"3":{"start":{"line":9,"column":21},"end":{"line":15,"column":3}},"4":{"start":{"line":10,"column":4},"end":{"line":14,"column":5}},"5":{"start":{"line":11,"column":6},"end":{"line":11,"column":59}},"6":{"start":{"line":13,"column":6},"end":{"line":13,"column":24}},"7":{"start":{"line":17,"column":29},"end":{"line":20,"column":3}},"8":{"start":{"line":18,"column":4},"end":{"line":18,"column":25}},"9":{"start":{"line":19,"column":4},"end":{"line":19,"column":34}},"10":{"start":{"line":22,"column":27},"end":{"line":25,"column":3}},"11":{"start":{"line":23,"column":4},"end":{"line":23,"column":24}},"12":{"start":{"line":24,"column":4},"end":{"line":24,"column":24}},"13":{"start":{"line":27,"column":22},"end":{"line":29,"column":3}},"14":{"start":{"line":28,"column":4},"end":{"line":28,"column":19}},"15":{"start":{"line":31,"column":29},"end":{"line":36,"column":3}},"16":{"start":{"line":33,"column":21},"end":{"line":33,"column":51}},"17":{"start":{"line":34,"column":18},"end":{"line":34,"column":45}},"18":{"start":{"line":35,"column":4},"end":{"line":35,"column":28}},"19":{"start":{"line":38,"column":2},"end":{"line":46,"column":3}},"20":{"start":{"line":39,"column":4},"end":{"line":45,"column":6}},"21":{"start":{"line":43,"column":24},"end":{"line":43,"column":43}},"22":{"start":{"line":48,"column":2},"end":{"line":169,"column":4}},"23":{"start":{"line":55,"column":61},"end":{"line":55,"column":79}},"24":{"start":{"line":102,"column":33},"end":{"line":102,"column":67}},"25":{"start":{"line":130,"column":12},"end":{"line":135,"column":17}}},"fnMap":{"0":{"name":"(anonymous_0)","decl":{"start":{"line":5,"column":23},"end":{"line":5,"column":24}},"loc":{"start":{"line":5,"column":56},"end":{"line":170,"column":1}},"line":5},"1":{"name":"(anonymous_1)","decl":{"start":{"line":9,"column":21},"end":{"line":9,"column":22}},"loc":{"start":{"line":9,"column":37},"end":{"line":15,"column":3}},"line":9},"2":{"name":"(anonymous_2)","decl":{"start":{"line":17,"column":29},"end":{"line":17,"column":30}},"loc":{"start":{"line":17,"column":44},"end":{"line":20,"column":3}},"line":17},"3":{"name":"(anonymous_3)","decl":{"start":{"line":22,"column":27},"end":{"line":22,"column":28}},"loc":{"start":{"line":22,"column":44},"end":{"line":25,"column":3}},"line":22},"4":{"name":"(anonymous_4)","decl":{"start":{"line":27,"column":22},"end":{"line":27,"column":23}},"loc":{"start":{"line":27,"column":28},"end":{"line":29,"column":3}},"line":27},"5":{"name":"(anonymous_5)","decl":{"start":{"line":31,"column":29},"end":{"line":31,"column":30}},"loc":{"start":{"line":31,"column":39},"end":{"line":36,"column":3}},"line":31},"6":{"name":"(anonymous_6)","decl":{"start":{"line":43,"column":18},"end":{"line":43,"column":19}},"loc":{"start":{"line":43,"column":24},"end":{"line":43,"column":43}},"line":43},"7":{"name":"(anonymous_7)","decl":{"start":{"line":55,"column":55},"end":{"line":55,"column":56}},"loc":{"start":{"line":55,"column":61},"end":{"line":55,"column":79}},"line":55},"8":{"name":"(anonymous_8)","decl":{"start":{"line":102,"column":26},"end":{"line":102,"column":27}},"loc":{"start":{"line":102,"column":33},"end":{"line":102,"column":67}},"line":102},"9":{"name":"(anonymous_9)","decl":{"start":{"line":129,"column":29},"end":{"line":129,"column":30}},"loc":{"start":{"line":130,"column":12},"end":{"line":135,"column":17}},"line":130}},"branchMap":{"0":{"loc":{"start":{"line":33,"column":21},"end":{"line":33,"column":51}},"type":"binary-expr","locations":[{"start":{"line":33,"column":21},"end":{"line":33,"column":46}},{"start":{"line":33,"column":50},"end":{"line":33,"column":51}}],"line":33},"1":{"loc":{"start":{"line":34,"column":18},"end":{"line":34,"column":45}},"type":"binary-expr","locations":[{"start":{"line":34,"column":18},"end":{"line":34,"column":40}},{"start":{"line":34,"column":44},"end":{"line":34,"column":45}}],"line":34},"2":{"loc":{"start":{"line":38,"column":2},"end":{"line":46,"column":3}},"type":"if","locations":[{"start":{"line":38,"column":2},"end":{"line":46,"column":3}},{"start":{},"end":{}}],"line":38},"3":{"loc":{"start":{"line":83,"column":13},"end":{"line":85,"column":13}},"type":"binary-expr","locations":[{"start":{"line":83,"column":13},"end":{"line":83,"column":36}},{"start":{"line":84,"column":14},"end":{"line":84,"column":102}}],"line":83},"4":{"loc":{"start":{"line":130,"column":21},"end":{"line":130,"column":37}},"type":"binary-expr","locations":[{"start":{"line":130,"column":21},"end":{"line":130,"column":28}},{"start":{"line":130,"column":32},"end":{"line":130,"column":37}}],"line":130},"5":{"loc":{"start":{"line":143,"column":17},"end":{"line":143,"column":55}},"type":"binary-expr","locations":[{"start":{"line":143,"column":17},"end":{"line":143,"column":45}},{"start":{"line":143,"column":49},"end":{"line":143,"column":55}}],"line":143},"6":{"loc":{"start":{"line":146,"column":17},"end":{"line":146,"column":56}},"type":"binary-expr","locations":[{"start":{"line":146,"column":17},"end":{"line":146,"column":46}},{"start":{"line":146,"column":50},"end":{"line":146,"column":56}}],"line":146},"7":{"loc":{"start":{"line":152,"column":22},"end":{"line":152,"column":57}},"type":"binary-expr","locations":[{"start":{"line":152,"column":22},"end":{"line":152,"column":47}},{"start":{"line":152,"column":51},"end":{"line":152,"column":57}}],"line":152},"8":{"loc":{"start":{"line":157,"column":7},"end":{"line":162,"column":7}},"type":"binary-expr","locations":[{"start":{"line":157,"column":7},"end":{"line":157,"column":20}},{"start":{"line":158,"column":8},"end":{"line":161,"column":14}}],"line":157}},"s":{"0":1,"1":0,"2":0,"3":0,"4":0,"5":0,"6":0,"7":0,"8":0,"9":0,"10":0,"11":0,"12":0,"13":0,"14":0,"15":0,"16":0,"17":0,"18":0,"19":0,"20":0,"21":0,"22":0,"23":0,"24":0,"25":0},"f":{"0":0,"1":0,"2":0,"3":0,"4":0,"5":0,"6":0,"7":0,"8":0,"9":0},"b":{"0":[0,0],"1":[0,0],"2":[0,0],"3":[0,0],"4":[0,0],"5":[0,0],"6":[0,0],"7":[0,0],"8":[0,0]},"_coverageSchema":"1a1c01bbd47fc00a2c39e90264f33305004495a9","hash":"40ee2bdc3b6b676630f353e47f2511497f49cd07"}
,"/workspace/src/components/InvoiceForm.js": {"path":"/workspace/src/components/InvoiceForm.js","statementMap":{"0":{"start":{"line":4,"column":20},"end":{"line":319,"column":2}},"1":{"start":{"line":5,"column":34},"end":{"line":15,"column":4}},"2":{"start":{"line":17,"column":30},"end":{"line":17,"column":42}},"3":{"start":{"line":19,"column":28},"end":{"line":33,"column":14}},"4":{"start":{"line":20,"column":28},"end":{"line":20,"column":36}},"5":{"start":{"line":21,"column":4},"end":{"line":24,"column":8}},"6":{"start":{"line":21,"column":25},"end":{"line":24,"column":5}},"7":{"start":{"line":27,"column":4},"end":{"line":32,"column":5}},"8":{"start":{"line":28,"column":6},"end":{"line":31,"column":10}},"9":{"start":{"line":28,"column":25},"end":{"line":31,"column":7}},"10":{"start":{"line":35,"column":27},"end":{"line":43,"column":22}},"11":{"start":{"line":36,"column":25},"end":{"line":38,"column":5}},"12":{"start":{"line":37,"column":6},"end":{"line":37,"column":54}},"13":{"start":{"line":39,"column":4},"end":{"line":42,"column":8}},"14":{"start":{"line":39,"column":25},"end":{"line":42,"column":5}},"15":{"start":{"line":45,"column":18},"end":{"line":50,"column":3}},"16":{"start":{"line":46,"column":4},"end":{"line":49,"column":8}},"17":{"start":{"line":46,"column":25},"end":{"line":49,"column":5}},"18":{"start":{"line":52,"column":21},"end":{"line":59,"column":3}},"19":{"start":{"line":53,"column":4},"end":{"line":58,"column":5}},"20":{"start":{"line":54,"column":6},"end":{"line":57,"column":10}},"21":{"start":{"line":54,"column":27},"end":{"line":57,"column":7}},"22":{"start":{"line":56,"column":43},"end":{"line":56,"column":54}},"23":{"start":{"line":61,"column":28},"end":{"line":68,"column":22}},"24":{"start":{"line":62,"column":4},"end":{"line":67,"column":10}},"25":{"start":{"line":64,"column":23},"end":{"line":64,"column":53}},"26":{"start":{"line":65,"column":20},"end":{"line":65,"column":47}},"27":{"start":{"line":66,"column":6},"end":{"line":66,"column":38}},"28":{"start":{"line":70,"column":23},"end":{"line":74,"column":39}},"29":{"start":{"line":72,"column":20},"end":{"line":72,"column":49}},"30":{"start":{"line":73,"column":4},"end":{"line":73,"column":71}},"31":{"start":{"line":76,"column":25},"end":{"line":79,"column":39}},"32":{"start":{"line":78,"column":4},"end":{"line":78,"column":70}},"33":{"start":{"line":81,"column":23},"end":{"line":123,"column":3}},"34":{"start":{"line":82,"column":22},"end":{"line":82,"column":24}},"35":{"start":{"line":84,"column":4},"end":{"line":86,"column":5}},"36":{"start":{"line":85,"column":6},"end":{"line":85,"column":61}},"37":{"start":{"line":88,"column":4},"end":{"line":90,"column":5}},"38":{"start":{"line":89,"column":6},"end":{"line":89,"column":59}},"39":{"start":{"line":92,"column":4},"end":{"line":96,"column":5}},"40":{"start":{"line":93,"column":6},"end":{"line":93,"column":61}},"41":{"start":{"line":94,"column":11},"end":{"line":96,"column":5}},"42":{"start":{"line":95,"column":6},"end":{"line":95,"column":69}},"43":{"start":{"line":98,"column":4},"end":{"line":102,"column":5}},"44":{"start":{"line":99,"column":6},"end":{"line":99,"column":49}},"45":{"start":{"line":100,"column":11},"end":{"line":102,"column":5}},"46":{"start":{"line":101,"column":6},"end":{"line":101,"column":62}},"47":{"start":{"line":105,"column":4},"end":{"line":119,"column":7}},"48":{"start":{"line":106,"column":6},"end":{"line":108,"column":7}},"49":{"start":{"line":107,"column":8},"end":{"line":107,"column":80}},"50":{"start":{"line":110,"column":23},"end":{"line":110,"column":48}},"51":{"start":{"line":111,"column":6},"end":{"line":113,"column":7}},"52":{"start":{"line":112,"column":8},"end":{"line":112,"column":80}},"53":{"start":{"line":115,"column":20},"end":{"line":115,"column":42}},"54":{"start":{"line":116,"column":6},"end":{"line":118,"column":7}},"55":{"start":{"line":117,"column":8},"end":{"line":117,"column":70}},"56":{"start":{"line":121,"column":4},"end":{"line":121,"column":25}},"57":{"start":{"line":122,"column":4},"end":{"line":122,"column":47}},"58":{"start":{"line":125,"column":23},"end":{"line":137,"column":3}},"59":{"start":{"line":126,"column":4},"end":{"line":126,"column":23}},"60":{"start":{"line":128,"column":10},"end":{"line":136,"column":7}},"61":{"start":{"line":129,"column":28},"end":{"line":134,"column":9}},"62":{"start":{"line":135,"column":8},"end":{"line":135,"column":30}},"63":{"start":{"line":139,"column":2},"end":{"line":318,"column":4}},"64":{"start":{"line":234,"column":10},"end":{"line":284,"column":16}},"65":{"start":{"line":241,"column":35},"end":{"line":241,"column":89}},"66":{"start":{"line":252,"column":35},"end":{"line":252,"column":101}},"67":{"start":{"line":264,"column":35},"end":{"line":264,"column":100}},"68":{"start":{"line":275,"column":31},"end":{"line":275,"column":48}}},"fnMap":{"0":{"name":"(anonymous_0)","decl":{"start":{"line":4,"column":31},"end":{"line":4,"column":32}},"loc":{"start":{"line":4,"column":68},"end":{"line":319,"column":1}},"line":4},"1":{"name":"(anonymous_1)","decl":{"start":{"line":19,"column":40},"end":{"line":19,"column":41}},"loc":{"start":{"line":19,"column":47},"end":{"line":33,"column":3}},"line":19},"2":{"name":"(anonymous_2)","decl":{"start":{"line":21,"column":16},"end":{"line":21,"column":17}},"loc":{"start":{"line":21,"column":25},"end":{"line":24,"column":5}},"line":21},"3":{"name":"(anonymous_3)","decl":{"start":{"line":28,"column":16},"end":{"line":28,"column":17}},"loc":{"start":{"line":28,"column":25},"end":{"line":31,"column":7}},"line":28},"4":{"name":"(anonymous_4)","decl":{"start":{"line":35,"column":39},"end":{"line":35,"column":40}},"loc":{"start":{"line":35,"column":64},"end":{"line":43,"column":3}},"line":35},"5":{"name":"(anonymous_5)","decl":{"start":{"line":36,"column":44},"end":{"line":36,"column":45}},"loc":{"start":{"line":37,"column":6},"end":{"line":37,"column":54}},"line":37},"6":{"name":"(anonymous_6)","decl":{"start":{"line":39,"column":16},"end":{"line":39,"column":17}},"loc":{"start":{"line":39,"column":25},"end":{"line":42,"column":5}},"line":39},"7":{"name":"(anonymous_7)","decl":{"start":{"line":45,"column":18},"end":{"line":45,"column":19}},"loc":{"start":{"line":45,"column":24},"end":{"line":50,"column":3}},"line":45},"8":{"name":"(anonymous_8)","decl":{"start":{"line":46,"column":16},"end":{"line":46,"column":17}},"loc":{"start":{"line":46,"column":25},"end":{"line":49,"column":5}},"line":46},"9":{"name":"(anonymous_9)","decl":{"start":{"line":52,"column":21},"end":{"line":52,"column":22}},"loc":{"start":{"line":52,"column":32},"end":{"line":59,"column":3}},"line":52},"10":{"name":"(anonymous_10)","decl":{"start":{"line":54,"column":18},"end":{"line":54,"column":19}},"loc":{"start":{"line":54,"column":27},"end":{"line":57,"column":7}},"line":54},"11":{"name":"(anonymous_11)","decl":{"start":{"line":56,"column":33},"end":{"line":56,"column":34}},"loc":{"start":{"line":56,"column":43},"end":{"line":56,"column":54}},"line":56},"12":{"name":"(anonymous_12)","decl":{"start":{"line":61,"column":36},"end":{"line":61,"column":37}},"loc":{"start":{"line":61,"column":42},"end":{"line":68,"column":3}},"line":61},"13":{"name":"(anonymous_13)","decl":{"start":{"line":62,"column":33},"end":{"line":62,"column":34}},"loc":{"start":{"line":62,"column":48},"end":{"line":67,"column":5}},"line":62},"14":{"name":"(anonymous_14)","decl":{"start":{"line":70,"column":31},"end":{"line":70,"column":32}},"loc":{"start":{"line":70,"column":37},"end":{"line":74,"column":3}},"line":70},"15":{"name":"(anonymous_15)","decl":{"start":{"line":76,"column":33},"end":{"line":76,"column":34}},"loc":{"start":{"line":76,"column":39},"end":{"line":79,"column":3}},"line":76},"16":{"name":"(anonymous_16)","decl":{"start":{"line":81,"column":23},"end":{"line":81,"column":24}},"loc":{"start":{"line":81,"column":29},"end":{"line":123,"column":3}},"line":81},"17":{"name":"(anonymous_17)","decl":{"start":{"line":105,"column":27},"end":{"line":105,"column":28}},"loc":{"start":{"line":105,"column":44},"end":{"line":119,"column":5}},"line":105},"18":{"name":"(anonymous_18)","decl":{"start":{"line":125,"column":23},"end":{"line":125,"column":24}},"loc":{"start":{"line":125,"column":30},"end":{"line":137,"column":3}},"line":125},"19":{"name":"(anonymous_19)","decl":{"start":{"line":233,"column":28},"end":{"line":233,"column":29}},"loc":{"start":{"line":234,"column":10},"end":{"line":284,"column":16}},"line":234},"20":{"name":"(anonymous_20)","decl":{"start":{"line":241,"column":28},"end":{"line":241,"column":29}},"loc":{"start":{"line":241,"column":35},"end":{"line":241,"column":89}},"line":241},"21":{"name":"(anonymous_21)","decl":{"start":{"line":252,"column":28},"end":{"line":252,"column":29}},"loc":{"start":{"line":252,"column":35},"end":{"line":252,"column":101}},"line":252},"22":{"name":"(anonymous_22)","decl":{"start":{"line":264,"column":28},"end":{"line":264,"column":29}},"loc":{"start":{"line":264,"column":35},"end":{"line":264,"column":100}},"line":264},"23":{"name":"(anonymous_23)","decl":{"start":{"line":275,"column":25},"end":{"line":275,"column":26}},"loc":{"start":{"line":275,"column":31},"end":{"line":275,"column":48}},"line":275}},"branchMap":{"0":{"loc":{"start":{"line":6,"column":19},"end":{"line":6,"column":47}},"type":"binary-expr","locations":[{"start":{"line":6,"column":19},"end":{"line":6,"column":41}},{"start":{"line":6,"column":45},"end":{"line":6,"column":47}}],"line":6},"1":{"loc":{"start":{"line":7,"column":18},"end":{"line":7,"column":45}},"type":"binary-expr","locations":[{"start":{"line":7,"column":18},"end":{"line":7,"column":39}},{"start":{"line":7,"column":43},"end":{"line":7,"column":45}}],"line":7},"2":{"loc":{"start":{"line":8,"column":19},"end":{"line":8,"column":47}},"type":"binary-expr","locations":[{"start":{"line":8,"column":19},"end":{"line":8,"column":41}},{"start":{"line":8,"column":45},"end":{"line":8,"column":47}}],"line":8},"3":{"loc":{"start":{"line":9,"column":21},"end":{"line":9,"column":51}},"type":"binary-expr","locations":[{"start":{"line":9,"column":21},"end":{"line":9,"column":45}},{"start":{"line":9,"column":49},"end":{"line":9,"column":51}}],"line":9},"4":{"loc":{"start":{"line":10,"column":15},"end":{"line":10,"column":75}},"type":"binary-expr","locations":[{"start":{"line":10,"column":15},"end":{"line":10,"column":33}},{"start":{"line":10,"column":37},"end":{"line":10,"column":75}}],"line":10},"5":{"loc":{"start":{"line":11,"column":13},"end":{"line":11,"column":35}},"type":"binary-expr","locations":[{"start":{"line":11,"column":13},"end":{"line":11,"column":29}},{"start":{"line":11,"column":33},"end":{"line":11,"column":35}}],"line":11},"6":{"loc":{"start":{"line":12,"column":11},"end":{"line":12,"column":87}},"type":"binary-expr","locations":[{"start":{"line":12,"column":11},"end":{"line":12,"column":25}},{"start":{"line":12,"column":29},"end":{"line":12,"column":87}}],"line":12},"7":{"loc":{"start":{"line":13,"column":11},"end":{"line":13,"column":31}},"type":"binary-expr","locations":[{"start":{"line":13,"column":11},"end":{"line":13,"column":25}},{"start":{"line":13,"column":29},"end":{"line":13,"column":31}}],"line":13},"8":{"loc":{"start":{"line":14,"column":9},"end":{"line":14,"column":27}},"type":"binary-expr","locations":[{"start":{"line":14,"column":9},"end":{"line":14,"column":21}},{"start":{"line":14,"column":25},"end":{"line":14,"column":27}}],"line":14},"9":{"loc":{"start":{"line":27,"column":4},"end":{"line":32,"column":5}},"type":"if","locations":[{"start":{"line":27,"column":4},"end":{"line":32,"column":5}},{"start":{},"end":{}}],"line":27},"10":{"loc":{"start":{"line":37,"column":6},"end":{"line":37,"column":54}},"type":"cond-expr","locations":[{"start":{"line":37,"column":20},"end":{"line":37,"column":47}},{"start":{"line":37,"column":50},"end":{"line":37,"column":54}}],"line":37},"11":{"loc":{"start":{"line":53,"column":4},"end":{"line":58,"column":5}},"type":"if","locations":[{"start":{"line":53,"column":4},"end":{"line":58,"column":5}},{"start":{},"end":{}}],"line":53},"12":{"loc":{"start":{"line":64,"column":23},"end":{"line":64,"column":53}},"type":"binary-expr","locations":[{"start":{"line":64,"column":23},"end":{"line":64,"column":48}},{"start":{"line":64,"column":52},"end":{"line":64,"column":53}}],"line":64},"13":{"loc":{"start":{"line":65,"column":20},"end":{"line":65,"column":47}},"type":"binary-expr","locations":[{"start":{"line":65,"column":20},"end":{"line":65,"column":42}},{"start":{"line":65,"column":46},"end":{"line":65,"column":47}}],"line":65},"14":{"loc":{"start":{"line":72,"column":20},"end":{"line":72,"column":49}},"type":"binary-expr","locations":[{"start":{"line":72,"column":20},"end":{"line":72,"column":44}},{"start":{"line":72,"column":48},"end":{"line":72,"column":49}}],"line":72},"15":{"loc":{"start":{"line":84,"column":4},"end":{"line":86,"column":5}},"type":"if","locations":[{"start":{"line":84,"column":4},"end":{"line":86,"column":5}},{"start":{},"end":{}}],"line":84},"16":{"loc":{"start":{"line":88,"column":4},"end":{"line":90,"column":5}},"type":"if","locations":[{"start":{"line":88,"column":4},"end":{"line":90,"column":5}},{"start":{},"end":{}}],"line":88},"17":{"loc":{"start":{"line":92,"column":4},"end":{"line":96,"column":5}},"type":"if","locations":[{"start":{"line":92,"column":4},"end":{"line":96,"column":5}},{"start":{"line":94,"column":11},"end":{"line":96,"column":5}}],"line":92},"18":{"loc":{"start":{"line":94,"column":11},"end":{"line":96,"column":5}},"type":"if","locations":[{"start":{"line":94,"column":11},"end":{"line":96,"column":5}},{"start":{},"end":{}}],"line":94},"19":{"loc":{"start":{"line":98,"column":4},"end":{"line":102,"column":5}},"type":"if","locations":[{"start":{"line":98,"column":4},"end":{"line":102,"column":5}},{"start":{"line":100,"column":11},"end":{"line":102,"column":5}}],"line":98},"20":{"loc":{"start":{"line":100,"column":11},"end":{"line":102,"column":5}},"type":"if","locations":[{"start":{"line":100,"column":11},"end":{"line":102,"column":5}},{"start":{},"end":{}}],"line":100},"21":{"loc":{"start":{"line":106,"column":6},"end":{"line":108,"column":7}},"type":"if","locations":[{"start":{"line":106,"column":6},"end":{"line":108,"column":7}},{"start":{},"end":{}}],"line":106},"22":{"loc":{"start":{"line":111,"column":6},"end":{"line":113,"column":7}},"type":"if","locations":[{"start":{"line":111,"column":6},"end":{"line":113,"column":7}},{"start":{},"end":{}}],"line":111},"23":{"loc":{"start":{"line":111,"column":10},"end":{"line":111,"column":42}},"type":"binary-expr","locations":[{"start":{"line":111,"column":10},"end":{"line":111,"column":25}},{"start":{"line":111,"column":29},"end":{"line":111,"column":42}}],"line":111},"24":{"loc":{"start":{"line":116,"column":6},"end":{"line":118,"column":7}},"type":"if","locations":[{"start":{"line":116,"column":6},"end":{"line":118,"column":7}},{"start":{},"end":{}}],"line":116},"25":{"loc":{"start":{"line":116,"column":10},"end":{"line":116,"column":35}},"type":"binary-expr","locations":[{"start":{"line":116,"column":10},"end":{"line":116,"column":22}},{"start":{"line":116,"column":26},"end":{"line":116,"column":35}}],"line":116},"26":{"loc":{"start":{"line":128,"column":10},"end":{"line":136,"column":7}},"type":"if","locations":[{"start":{"line":128,"column":10},"end":{"line":136,"column":7}},{"start":{},"end":{}}],"line":128},"27":{"loc":{"start":{"line":141,"column":11},"end":{"line":141,"column":58}},"type":"cond-expr","locations":[{"start":{"line":141,"column":21},"end":{"line":141,"column":35}},{"start":{"line":141,"column":38},"end":{"line":141,"column":58}}],"line":141},"28":{"loc":{"start":{"line":153,"column":11},"end":{"line":153,"column":86}},"type":"binary-expr","locations":[{"start":{"line":153,"column":11},"end":{"line":153,"column":31}},{"start":{"line":153,"column":35},"end":{"line":153,"column":86}}],"line":153},"29":{"loc":{"start":{"line":177,"column":9},"end":{"line":177,"column":82}},"type":"binary-expr","locations":[{"start":{"line":177,"column":9},"end":{"line":177,"column":28}},{"start":{"line":177,"column":32},"end":{"line":177,"column":82}}],"line":177},"30":{"loc":{"start":{"line":189,"column":9},"end":{"line":189,"column":84}},"type":"binary-expr","locations":[{"start":{"line":189,"column":9},"end":{"line":189,"column":29}},{"start":{"line":189,"column":33},"end":{"line":189,"column":84}}],"line":189},"31":{"loc":{"start":{"line":213,"column":11},"end":{"line":213,"column":74}},"type":"binary-expr","locations":[{"start":{"line":213,"column":11},"end":{"line":213,"column":25}},{"start":{"line":213,"column":29},"end":{"line":213,"column":74}}],"line":213},"32":{"loc":{"start":{"line":243,"column":17},"end":{"line":244,"column":84}},"type":"binary-expr","locations":[{"start":{"line":243,"column":17},"end":{"line":243,"column":52}},{"start":{"line":244,"column":18},"end":{"line":244,"column":84}}],"line":243},"33":{"loc":{"start":{"line":252,"column":71},"end":{"line":252,"column":100}},"type":"binary-expr","locations":[{"start":{"line":252,"column":71},"end":{"line":252,"column":95}},{"start":{"line":252,"column":99},"end":{"line":252,"column":100}}],"line":252},"34":{"loc":{"start":{"line":255,"column":17},"end":{"line":256,"column":81}},"type":"binary-expr","locations":[{"start":{"line":255,"column":17},"end":{"line":255,"column":49}},{"start":{"line":256,"column":18},"end":{"line":256,"column":81}}],"line":255},"35":{"loc":{"start":{"line":264,"column":68},"end":{"line":264,"column":99}},"type":"binary-expr","locations":[{"start":{"line":264,"column":68},"end":{"line":264,"column":94}},{"start":{"line":264,"column":98},"end":{"line":264,"column":99}}],"line":264},"36":{"loc":{"start":{"line":268,"column":17},"end":{"line":269,"column":78}},"type":"binary-expr","locations":[{"start":{"line":268,"column":17},"end":{"line":268,"column":46}},{"start":{"line":269,"column":18},"end":{"line":269,"column":78}}],"line":268},"37":{"loc":{"start":{"line":282,"column":25},"end":{"line":282,"column":55}},"type":"binary-expr","locations":[{"start":{"line":282,"column":25},"end":{"line":282,"column":50}},{"start":{"line":282,"column":54},"end":{"line":282,"column":55}}],"line":282},"38":{"loc":{"start":{"line":282,"column":60},"end":{"line":282,"column":87}},"type":"binary-expr","locations":[{"start":{"line":282,"column":60},"end":{"line":282,"column":82}},{"start":{"line":282,"column":86},"end":{"line":282,"column":87}}],"line":282},"39":{"loc":{"start":{"line":311,"column":11},"end":{"line":311,"column":56}},"type":"cond-expr","locations":[{"start":{"line":311,"column":21},"end":{"line":311,"column":37}},{"start":{"line":311,"column":40},"end":{"line":311,"column":56}}],"line":311}},"s":{"0":3,"1":56,"2":56,"3":56,"4":16,"5":16,"6":16,"7":16,"8":0,"9":0,"10":56,"11":19,"12":19,"13":19,"14":19,"15":56,"16":1,"17":1,"18":56,"19":1,"20":1,"21":1,"22":2,"23":56,"24":33,"25":34,"26":34,"27":34,"28":56,"29":19,"30":19,"31":56,"32":19,"33":56,"34":7,"35":7,"36":5,"37":7,"38":5,"39":7,"40":4,"41":3,"42":1,"43":7,"44":4,"45":3,"46":3,"47":7,"48":7,"49":5,"50":7,"51":7,"52":3,"53":7,"54":7,"55":1,"56":7,"57":7,"58":56,"59":7,"60":7,"61":0,"62":0,"63":56,"64":57,"65":0,"66":8,"67":11,"68":1},"f":{"0":56,"1":16,"2":16,"3":0,"4":19,"5":19,"6":19,"7":1,"8":1,"9":1,"10":1,"11":2,"12":33,"13":34,"14":19,"15":19,"16":7,"17":7,"18":7,"19":57,"20":0,"21":8,"22":11,"23":1},"b":{"0":[56,52],"1":[56,52],"2":[56,52],"3":[56,56],"4":[56,56],"5":[56,52],"6":[56,52],"7":[56,56],"8":[56,56],"9":[0,16],"10":[19,0],"11":[1,0],"12":[34,7],"13":[34,25],"14":[19,0],"15":[5,2],"16":[5,2],"17":[4,3],"18":[1,2],"19":[4,3],"20":[3,0],"21":[5,2],"22":[3,4],"23":[7,7],"24":[1,6],"25":[7,7],"26":[0,7],"27":[4,52],"28":[56,5],"29":[56,5],"30":[56,5],"31":[56,7],"32":[57,5],"33":[8,5],"34":[57,3],"35":[11,4],"36":[57,1],"37":[57,10],"38":[57,46],"39":[4,52]},"_coverageSchema":"1a1c01bbd47fc00a2c39e90264f33305004495a9","hash":"0162e11590cc4059efa7fe96f525e8b1b938f0bb"}
,"/workspace/src/components/InvoiceList.js": {"path":"/workspace/src/components/InvoiceList.js","statementMap":{"0":{"start":{"line":4,"column":20},"end":{"line":326,"column":2}},"1":{"start":{"line":5,"column":30},"end":{"line":5,"column":51}},"2":{"start":{"line":6,"column":36},"end":{"line":6,"column":52}},"3":{"start":{"line":7,"column":42},"end":{"line":7,"column":57}},"4":{"start":{"line":8,"column":38},"end":{"line":8,"column":50}},"5":{"start":{"line":9,"column":36},"end":{"line":9,"column":68}},"6":{"start":{"line":11,"column":21},"end":{"line":18,"column":25}},"7":{"start":{"line":12,"column":4},"end":{"line":17,"column":5}},"8":{"start":{"line":13,"column":6},"end":{"line":13,"column":57}},"9":{"start":{"line":15,"column":6},"end":{"line":15,"column":23}},"10":{"start":{"line":16,"column":6},"end":{"line":16,"column":26}},"11":{"start":{"line":20,"column":36},"end":{"line":69,"column":81}},"12":{"start":{"line":20,"column":50},"end":{"line":69,"column":12}},"13":{"start":{"line":23,"column":6},"end":{"line":25,"column":7}},"14":{"start":{"line":24,"column":8},"end":{"line":24,"column":21}},"15":{"start":{"line":28,"column":6},"end":{"line":35,"column":7}},"16":{"start":{"line":29,"column":28},"end":{"line":29,"column":52}},"17":{"start":{"line":31,"column":10},"end":{"line":33,"column":67}},"18":{"start":{"line":34,"column":8},"end":{"line":34,"column":41}},"19":{"start":{"line":34,"column":28},"end":{"line":34,"column":41}},"20":{"start":{"line":38,"column":6},"end":{"line":46,"column":7}},"21":{"start":{"line":39,"column":28},"end":{"line":39,"column":55}},"22":{"start":{"line":40,"column":8},"end":{"line":42,"column":9}},"23":{"start":{"line":41,"column":10},"end":{"line":41,"column":23}},"24":{"start":{"line":43,"column":8},"end":{"line":45,"column":9}},"25":{"start":{"line":44,"column":10},"end":{"line":44,"column":23}},"26":{"start":{"line":48,"column":6},"end":{"line":48,"column":18}},"27":{"start":{"line":51,"column":19},"end":{"line":51,"column":28}},"28":{"start":{"line":52,"column":19},"end":{"line":52,"column":28}},"29":{"start":{"line":54,"column":6},"end":{"line":57,"column":7}},"30":{"start":{"line":55,"column":8},"end":{"line":55,"column":41}},"31":{"start":{"line":56,"column":8},"end":{"line":56,"column":41}},"32":{"start":{"line":59,"column":6},"end":{"line":62,"column":7}},"33":{"start":{"line":60,"column":8},"end":{"line":60,"column":34}},"34":{"start":{"line":61,"column":8},"end":{"line":61,"column":34}},"35":{"start":{"line":64,"column":6},"end":{"line":68,"column":7}},"36":{"start":{"line":65,"column":8},"end":{"line":65,"column":40}},"37":{"start":{"line":67,"column":8},"end":{"line":67,"column":40}},"38":{"start":{"line":71,"column":25},"end":{"line":79,"column":3}},"39":{"start":{"line":72,"column":4},"end":{"line":78,"column":5}},"40":{"start":{"line":73,"column":20},"end":{"line":73,"column":37}},"41":{"start":{"line":74,"column":19},"end":{"line":74,"column":36}},"42":{"start":{"line":75,"column":19},"end":{"line":75,"column":36}},"43":{"start":{"line":76,"column":22},"end":{"line":76,"column":39}},"44":{"start":{"line":77,"column":15},"end":{"line":77,"column":32}},"45":{"start":{"line":81,"column":21},"end":{"line":93,"column":3}},"46":{"start":{"line":82,"column":4},"end":{"line":92,"column":5}},"47":{"start":{"line":83,"column":19},"end":{"line":83,"column":39}},"48":{"start":{"line":84,"column":6},"end":{"line":87,"column":7}},"49":{"start":{"line":86,"column":8},"end":{"line":86,"column":30}},"50":{"start":{"line":88,"column":6},"end":{"line":88,"column":42}},"51":{"start":{"line":91,"column":6},"end":{"line":91,"column":28}},"52":{"start":{"line":95,"column":23},"end":{"line":98,"column":16}},"53":{"start":{"line":96,"column":4},"end":{"line":96,"column":24}},"54":{"start":{"line":97,"column":4},"end":{"line":97,"column":17}},"55":{"start":{"line":100,"column":2},"end":{"line":325,"column":4}},"56":{"start":{"line":126,"column":31},"end":{"line":126,"column":60}},"57":{"start":{"line":143,"column":31},"end":{"line":143,"column":62}},"58":{"start":{"line":167,"column":31},"end":{"line":167,"column":89}},"59":{"start":{"line":167,"column":53},"end":{"line":167,"column":87}},"60":{"start":{"line":185,"column":31},"end":{"line":185,"column":87}},"61":{"start":{"line":185,"column":53},"end":{"line":185,"column":85}},"62":{"start":{"line":201,"column":16},"end":{"line":201,"column":34}},"63":{"start":{"line":202,"column":16},"end":{"line":202,"column":39}},"64":{"start":{"line":203,"column":16},"end":{"line":203,"column":53}},"65":{"start":{"line":232,"column":33},"end":{"line":232,"column":60}},"66":{"start":{"line":238,"column":33},"end":{"line":238,"column":59}},"67":{"start":{"line":244,"column":33},"end":{"line":244,"column":56}},"68":{"start":{"line":250,"column":33},"end":{"line":250,"column":54}},"69":{"start":{"line":256,"column":33},"end":{"line":256,"column":52}},"70":{"start":{"line":270,"column":16},"end":{"line":318,"column":21}},"71":{"start":{"line":277,"column":33},"end":{"line":277,"column":50}},"72":{"start":{"line":313,"column":38},"end":{"line":313,"column":65}}},"fnMap":{"0":{"name":"(anonymous_0)","decl":{"start":{"line":4,"column":31},"end":{"line":4,"column":32}},"loc":{"start":{"line":4,"column":69},"end":{"line":326,"column":1}},"line":4},"1":{"name":"(anonymous_1)","decl":{"start":{"line":11,"column":33},"end":{"line":11,"column":34}},"loc":{"start":{"line":11,"column":44},"end":{"line":18,"column":3}},"line":11},"2":{"name":"(anonymous_2)","decl":{"start":{"line":20,"column":44},"end":{"line":20,"column":45}},"loc":{"start":{"line":20,"column":50},"end":{"line":69,"column":12}},"line":20},"3":{"name":"(anonymous_3)","decl":{"start":{"line":21,"column":12},"end":{"line":21,"column":13}},"loc":{"start":{"line":21,"column":23},"end":{"line":49,"column":5}},"line":21},"4":{"name":"(anonymous_4)","decl":{"start":{"line":50,"column":10},"end":{"line":50,"column":11}},"loc":{"start":{"line":50,"column":20},"end":{"line":69,"column":11}},"line":50},"5":{"name":"(anonymous_5)","decl":{"start":{"line":71,"column":25},"end":{"line":71,"column":26}},"loc":{"start":{"line":71,"column":37},"end":{"line":79,"column":3}},"line":71},"6":{"name":"(anonymous_6)","decl":{"start":{"line":81,"column":21},"end":{"line":81,"column":22}},"loc":{"start":{"line":81,"column":37},"end":{"line":93,"column":3}},"line":81},"7":{"name":"(anonymous_7)","decl":{"start":{"line":95,"column":35},"end":{"line":95,"column":36}},"loc":{"start":{"line":95,"column":46},"end":{"line":98,"column":3}},"line":95},"8":{"name":"(anonymous_8)","decl":{"start":{"line":126,"column":24},"end":{"line":126,"column":25}},"loc":{"start":{"line":126,"column":31},"end":{"line":126,"column":60}},"line":126},"9":{"name":"(anonymous_9)","decl":{"start":{"line":143,"column":24},"end":{"line":143,"column":25}},"loc":{"start":{"line":143,"column":31},"end":{"line":143,"column":62}},"line":143},"10":{"name":"(anonymous_10)","decl":{"start":{"line":167,"column":24},"end":{"line":167,"column":25}},"loc":{"start":{"line":167,"column":31},"end":{"line":167,"column":89}},"line":167},"11":{"name":"(anonymous_11)","decl":{"start":{"line":167,"column":44},"end":{"line":167,"column":45}},"loc":{"start":{"line":167,"column":53},"end":{"line":167,"column":87}},"line":167},"12":{"name":"(anonymous_12)","decl":{"start":{"line":185,"column":24},"end":{"line":185,"column":25}},"loc":{"start":{"line":185,"column":31},"end":{"line":185,"column":87}},"line":185},"13":{"name":"(anonymous_13)","decl":{"start":{"line":185,"column":44},"end":{"line":185,"column":45}},"loc":{"start":{"line":185,"column":53},"end":{"line":185,"column":85}},"line":185},"14":{"name":"(anonymous_14)","decl":{"start":{"line":200,"column":23},"end":{"line":200,"column":24}},"loc":{"start":{"line":200,"column":29},"end":{"line":204,"column":15}},"line":200},"15":{"name":"(anonymous_15)","decl":{"start":{"line":232,"column":27},"end":{"line":232,"column":28}},"loc":{"start":{"line":232,"column":33},"end":{"line":232,"column":60}},"line":232},"16":{"name":"(anonymous_16)","decl":{"start":{"line":238,"column":27},"end":{"line":238,"column":28}},"loc":{"start":{"line":238,"column":33},"end":{"line":238,"column":59}},"line":238},"17":{"name":"(anonymous_17)","decl":{"start":{"line":244,"column":27},"end":{"line":244,"column":28}},"loc":{"start":{"line":244,"column":33},"end":{"line":244,"column":56}},"line":244},"18":{"name":"(anonymous_18)","decl":{"start":{"line":250,"column":27},"end":{"line":250,"column":28}},"loc":{"start":{"line":250,"column":33},"end":{"line":250,"column":54}},"line":250},"19":{"name":"(anonymous_19)","decl":{"start":{"line":256,"column":27},"end":{"line":256,"column":28}},"loc":{"start":{"line":256,"column":33},"end":{"line":256,"column":52}},"line":256},"20":{"name":"(anonymous_20)","decl":{"start":{"line":269,"column":45},"end":{"line":269,"column":46}},"loc":{"start":{"line":270,"column":16},"end":{"line":318,"column":21}},"line":270},"21":{"name":"(anonymous_21)","decl":{"start":{"line":277,"column":27},"end":{"line":277,"column":28}},"loc":{"start":{"line":277,"column":33},"end":{"line":277,"column":50}},"line":277},"22":{"name":"(anonymous_22)","decl":{"start":{"line":313,"column":31},"end":{"line":313,"column":32}},"loc":{"start":{"line":313,"column":38},"end":{"line":313,"column":65}},"line":313}},"branchMap":{"0":{"loc":{"start":{"line":12,"column":4},"end":{"line":17,"column":5}},"type":"if","locations":[{"start":{"line":12,"column":4},"end":{"line":17,"column":5}},{"start":{"line":14,"column":11},"end":{"line":17,"column":5}}],"line":12},"1":{"loc":{"start":{"line":13,"column":19},"end":{"line":13,"column":55}},"type":"cond-expr","locations":[{"start":{"line":13,"column":41},"end":{"line":13,"column":47}},{"start":{"line":13,"column":50},"end":{"line":13,"column":55}}],"line":13},"2":{"loc":{"start":{"line":23,"column":6},"end":{"line":25,"column":7}},"type":"if","locations":[{"start":{"line":23,"column":6},"end":{"line":25,"column":7}},{"start":{},"end":{}}],"line":23},"3":{"loc":{"start":{"line":23,"column":10},"end":{"line":23,"column":67}},"type":"binary-expr","locations":[{"start":{"line":23,"column":10},"end":{"line":23,"column":32}},{"start":{"line":23,"column":36},"end":{"line":23,"column":67}}],"line":23},"4":{"loc":{"start":{"line":28,"column":6},"end":{"line":35,"column":7}},"type":"if","locations":[{"start":{"line":28,"column":6},"end":{"line":35,"column":7}},{"start":{},"end":{}}],"line":28},"5":{"loc":{"start":{"line":31,"column":10},"end":{"line":33,"column":67}},"type":"binary-expr","locations":[{"start":{"line":31,"column":10},"end":{"line":31,"column":67}},{"start":{"line":32,"column":10},"end":{"line":32,"column":66}},{"start":{"line":33,"column":10},"end":{"line":33,"column":67}}],"line":31},"6":{"loc":{"start":{"line":34,"column":8},"end":{"line":34,"column":41}},"type":"if","locations":[{"start":{"line":34,"column":8},"end":{"line":34,"column":41}},{"start":{},"end":{}}],"line":34},"7":{"loc":{"start":{"line":38,"column":6},"end":{"line":46,"column":7}},"type":"if","locations":[{"start":{"line":38,"column":6},"end":{"line":46,"column":7}},{"start":{},"end":{}}],"line":38},"8":{"loc":{"start":{"line":38,"column":10},"end":{"line":38,"column":42}},"type":"binary-expr","locations":[{"start":{"line":38,"column":10},"end":{"line":38,"column":25}},{"start":{"line":38,"column":29},"end":{"line":38,"column":42}}],"line":38},"9":{"loc":{"start":{"line":40,"column":8},"end":{"line":42,"column":9}},"type":"if","locations":[{"start":{"line":40,"column":8},"end":{"line":42,"column":9}},{"start":{},"end":{}}],"line":40},"10":{"loc":{"start":{"line":40,"column":12},"end":{"line":40,"column":70}},"type":"binary-expr","locations":[{"start":{"line":40,"column":12},"end":{"line":40,"column":27}},{"start":{"line":40,"column":31},"end":{"line":40,"column":70}}],"line":40},"11":{"loc":{"start":{"line":43,"column":8},"end":{"line":45,"column":9}},"type":"if","locations":[{"start":{"line":43,"column":8},"end":{"line":45,"column":9}},{"start":{},"end":{}}],"line":43},"12":{"loc":{"start":{"line":43,"column":12},"end":{"line":43,"column":66}},"type":"binary-expr","locations":[{"start":{"line":43,"column":12},"end":{"line":43,"column":25}},{"start":{"line":43,"column":29},"end":{"line":43,"column":66}}],"line":43},"13":{"loc":{"start":{"line":54,"column":6},"end":{"line":57,"column":7}},"type":"if","locations":[{"start":{"line":54,"column":6},"end":{"line":57,"column":7}},{"start":{},"end":{}}],"line":54},"14":{"loc":{"start":{"line":55,"column":17},"end":{"line":55,"column":40}},"type":"binary-expr","locations":[{"start":{"line":55,"column":17},"end":{"line":55,"column":35}},{"start":{"line":55,"column":39},"end":{"line":55,"column":40}}],"line":55},"15":{"loc":{"start":{"line":56,"column":17},"end":{"line":56,"column":40}},"type":"binary-expr","locations":[{"start":{"line":56,"column":17},"end":{"line":56,"column":35}},{"start":{"line":56,"column":39},"end":{"line":56,"column":40}}],"line":56},"16":{"loc":{"start":{"line":59,"column":6},"end":{"line":62,"column":7}},"type":"if","locations":[{"start":{"line":59,"column":6},"end":{"line":62,"column":7}},{"start":{},"end":{}}],"line":59},"17":{"loc":{"start":{"line":59,"column":10},"end":{"line":59,"column":56}},"type":"binary-expr","locations":[{"start":{"line":59,"column":10},"end":{"line":59,"column":32}},{"start":{"line":59,"column":36},"end":{"line":59,"column":56}}],"line":59},"18":{"loc":{"start":{"line":64,"column":6},"end":{"line":68,"column":7}},"type":"if","locations":[{"start":{"line":64,"column":6},"end":{"line":68,"column":7}},{"start":{"line":66,"column":13},"end":{"line":68,"column":7}}],"line":64},"19":{"loc":{"start":{"line":65,"column":15},"end":{"line":65,"column":39}},"type":"cond-expr","locations":[{"start":{"line":65,"column":33},"end":{"line":65,"column":34}},{"start":{"line":65,"column":37},"end":{"line":65,"column":39}}],"line":65},"20":{"loc":{"start":{"line":67,"column":15},"end":{"line":67,"column":39}},"type":"cond-expr","locations":[{"start":{"line":67,"column":33},"end":{"line":67,"column":34}},{"start":{"line":67,"column":37},"end":{"line":67,"column":39}}],"line":67},"21":{"loc":{"start":{"line":72,"column":4},"end":{"line":78,"column":5}},"type":"switch","locations":[{"start":{"line":73,"column":6},"end":{"line":73,"column":37}},{"start":{"line":74,"column":6},"end":{"line":74,"column":36}},{"start":{"line":75,"column":6},"end":{"line":75,"column":36}},{"start":{"line":76,"column":6},"end":{"line":76,"column":39}},{"start":{"line":77,"column":6},"end":{"line":77,"column":32}}],"line":72},"22":{"loc":{"start":{"line":84,"column":6},"end":{"line":87,"column":7}},"type":"if","locations":[{"start":{"line":84,"column":6},"end":{"line":87,"column":7}},{"start":{},"end":{}}],"line":84},"23":{"loc":{"start":{"line":197,"column":9},"end":{"line":218,"column":9}},"type":"binary-expr","locations":[{"start":{"line":197,"column":10},"end":{"line":197,"column":20}},{"start":{"line":197,"column":24},"end":{"line":197,"column":46}},{"start":{"line":197,"column":50},"end":{"line":197,"column":65}},{"start":{"line":197,"column":69},"end":{"line":197,"column":82}},{"start":{"line":198,"column":10},"end":{"line":217,"column":16}}],"line":197},"24":{"loc":{"start":{"line":221,"column":7},"end":{"line":323,"column":7}},"type":"cond-expr","locations":[{"start":{"line":222,"column":8},"end":{"line":224,"column":14}},{"start":{"line":226,"column":8},"end":{"line":322,"column":14}}],"line":221},"25":{"loc":{"start":{"line":223,"column":11},"end":{"line":223,"column":103}},"type":"cond-expr","locations":[{"start":{"line":223,"column":35},"end":{"line":223,"column":61}},{"start":{"line":223,"column":64},"end":{"line":223,"column":103}}],"line":223},"26":{"loc":{"start":{"line":234,"column":29},"end":{"line":234,"column":92}},"type":"binary-expr","locations":[{"start":{"line":234,"column":29},"end":{"line":234,"column":55}},{"start":{"line":234,"column":60},"end":{"line":234,"column":91}}],"line":234},"27":{"loc":{"start":{"line":234,"column":60},"end":{"line":234,"column":91}},"type":"cond-expr","locations":[{"start":{"line":234,"column":82},"end":{"line":234,"column":85}},{"start":{"line":234,"column":88},"end":{"line":234,"column":91}}],"line":234},"28":{"loc":{"start":{"line":240,"column":28},"end":{"line":240,"column":90}},"type":"binary-expr","locations":[{"start":{"line":240,"column":28},"end":{"line":240,"column":53}},{"start":{"line":240,"column":58},"end":{"line":240,"column":89}}],"line":240},"29":{"loc":{"start":{"line":240,"column":58},"end":{"line":240,"column":89}},"type":"cond-expr","locations":[{"start":{"line":240,"column":80},"end":{"line":240,"column":83}},{"start":{"line":240,"column":86},"end":{"line":240,"column":89}}],"line":240},"30":{"loc":{"start":{"line":246,"column":27},"end":{"line":246,"column":86}},"type":"binary-expr","locations":[{"start":{"line":246,"column":27},"end":{"line":246,"column":49}},{"start":{"line":246,"column":54},"end":{"line":246,"column":85}}],"line":246},"31":{"loc":{"start":{"line":246,"column":54},"end":{"line":246,"column":85}},"type":"cond-expr","locations":[{"start":{"line":246,"column":76},"end":{"line":246,"column":79}},{"start":{"line":246,"column":82},"end":{"line":246,"column":85}}],"line":246},"32":{"loc":{"start":{"line":252,"column":28},"end":{"line":252,"column":85}},"type":"binary-expr","locations":[{"start":{"line":252,"column":28},"end":{"line":252,"column":48}},{"start":{"line":252,"column":53},"end":{"line":252,"column":84}}],"line":252},"33":{"loc":{"start":{"line":252,"column":53},"end":{"line":252,"column":84}},"type":"cond-expr","locations":[{"start":{"line":252,"column":75},"end":{"line":252,"column":78}},{"start":{"line":252,"column":81},"end":{"line":252,"column":84}}],"line":252},"34":{"loc":{"start":{"line":258,"column":25},"end":{"line":258,"column":80}},"type":"binary-expr","locations":[{"start":{"line":258,"column":25},"end":{"line":258,"column":43}},{"start":{"line":258,"column":48},"end":{"line":258,"column":79}}],"line":258},"35":{"loc":{"start":{"line":258,"column":48},"end":{"line":258,"column":79}},"type":"cond-expr","locations":[{"start":{"line":258,"column":70},"end":{"line":258,"column":73}},{"start":{"line":258,"column":76},"end":{"line":258,"column":79}}],"line":258},"36":{"loc":{"start":{"line":292,"column":22},"end":{"line":292,"column":57}},"type":"binary-expr","locations":[{"start":{"line":292,"column":22},"end":{"line":292,"column":47}},{"start":{"line":292,"column":51},"end":{"line":292,"column":57}}],"line":292}},"s":{"0":2,"1":13,"2":13,"3":13,"4":13,"5":13,"6":13,"7":2,"8":0,"9":2,"10":2,"11":13,"12":13,"13":34,"14":0,"15":34,"16":0,"17":0,"18":0,"19":0,"20":34,"21":0,"22":0,"23":0,"24":0,"25":0,"26":34,"27":24,"28":24,"29":24,"30":4,"31":4,"32":24,"33":18,"34":18,"35":24,"36":6,"37":18,"38":13,"39":34,"40":12,"41":11,"42":11,"43":0,"44":0,"45":13,"46":68,"47":68,"48":68,"49":2,"50":66,"51":0,"52":13,"53":2,"54":2,"55":13,"56":0,"57":0,"58":0,"59":0,"60":0,"61":0,"62":0,"63":0,"64":0,"65":0,"66":1,"67":0,"68":0,"69":1,"70":34,"71":1,"72":2},"f":{"0":13,"1":2,"2":13,"3":34,"4":24,"5":34,"6":68,"7":2,"8":0,"9":0,"10":0,"11":0,"12":0,"13":0,"14":0,"15":0,"16":1,"17":0,"18":0,"19":1,"20":34,"21":1,"22":2},"b":{"0":[0,2],"1":[0,0],"2":[0,34],"3":[34,0],"4":[0,34],"5":[0,0,0],"6":[0,0],"7":[0,34],"8":[34,34],"9":[0,0],"10":[0,0],"11":[0,0],"12":[0,0],"13":[4,20],"14":[4,0],"15":[4,0],"16":[18,6],"17":[24,6],"18":[6,18],"19":[1,5],"20":[0,18],"21":[12,11,11,0,0],"22":[2,66],"23":[13,13,13,13,0],"24":[1,12],"25":[1,0],"26":[12,0],"27":[0,0],"28":[12,1],"29":[1,0],"30":[12,10],"31":[0,10],"32":[12,0],"33":[0,0],"34":[12,1],"35":[1,0],"36":[34,0]},"_coverageSchema":"1a1c01bbd47fc00a2c39e90264f33305004495a9","hash":"1e8e5280c8519397e15fd61ca8fd276a75fe4424"}
,"/workspace/src/components/LoadingSpinner.js": {"path":"/workspace/src/components/LoadingSpinner.js","statementMap":{"0":{"start":{"line":3,"column":23},"end":{"line":53,"column":1}},"1":{"start":{"line":4,"column":16},"end":{"line":8,"column":3}},"2":{"start":{"line":10,"column":22},"end":{"line":10,"column":33}},"3":{"start":{"line":12,"column":23},"end":{"line":20,"column":3}},"4":{"start":{"line":22,"column":25},"end":{"line":29,"column":3}},"5":{"start":{"line":31,"column":20},"end":{"line":35,"column":3}},"6":{"start":{"line":37,"column":2},"end":{"line":52,"column":4}},"7":{"start":{"line":55,"column":30},"end":{"line":70,"column":1}},"8":{"start":{"line":56,"column":2},"end":{"line":69,"column":8}},"9":{"start":{"line":72,"column":28},"end":{"line":82,"column":1}},"10":{"start":{"line":73,"column":2},"end":{"line":81,"column":8}}},"fnMap":{"0":{"name":"(anonymous_0)","decl":{"start":{"line":3,"column":23},"end":{"line":3,"column":24}},"loc":{"start":{"line":3,"column":88},"end":{"line":53,"column":1}},"line":3},"1":{"name":"(anonymous_1)","decl":{"start":{"line":55,"column":30},"end":{"line":55,"column":31}},"loc":{"start":{"line":56,"column":2},"end":{"line":69,"column":8}},"line":56},"2":{"name":"(anonymous_2)","decl":{"start":{"line":72,"column":28},"end":{"line":72,"column":29}},"loc":{"start":{"line":73,"column":2},"end":{"line":81,"column":8}},"line":73}},"branchMap":{"0":{"loc":{"start":{"line":3,"column":26},"end":{"line":3,"column":41}},"type":"default-arg","locations":[{"start":{"line":3,"column":33},"end":{"line":3,"column":41}}],"line":3},"1":{"loc":{"start":{"line":3,"column":43},"end":{"line":3,"column":60}},"type":"default-arg","locations":[{"start":{"line":3,"column":51},"end":{"line":3,"column":60}}],"line":3},"2":{"loc":{"start":{"line":3,"column":62},"end":{"line":3,"column":81}},"type":"default-arg","locations":[{"start":{"line":3,"column":69},"end":{"line":3,"column":81}}],"line":3},"3":{"loc":{"start":{"line":49,"column":9},"end":{"line":49,"column":52}},"type":"binary-expr","locations":[{"start":{"line":49,"column":9},"end":{"line":49,"column":13}},{"start":{"line":49,"column":17},"end":{"line":49,"column":52}}],"line":49},"4":{"loc":{"start":{"line":55,"column":33},"end":{"line":55,"column":52}},"type":"default-arg","locations":[{"start":{"line":55,"column":40},"end":{"line":55,"column":52}}],"line":55},"5":{"loc":{"start":{"line":72,"column":31},"end":{"line":72,"column":50}},"type":"default-arg","locations":[{"start":{"line":72,"column":38},"end":{"line":72,"column":50}}],"line":72}},"s":{"0":1,"1":0,"2":0,"3":0,"4":0,"5":0,"6":0,"7":1,"8":0,"9":1,"10":0},"f":{"0":0,"1":0,"2":0},"b":{"0":[0],"1":[0],"2":[0],"3":[0,0],"4":[0],"5":[0]},"_coverageSchema":"1a1c01bbd47fc00a2c39e90264f33305004495a9","hash":"e1fdda06c2d1febb4f54ed4642bdcc7a55382b08"}
,"/workspace/src/components/Toast.js": {"path":"/workspace/src/components/Toast.js","statementMap":{"0":{"start":{"line":3,"column":14},"end":{"line":71,"column":1}},"1":{"start":{"line":4,"column":32},"end":{"line":4,"column":46}},"2":{"start":{"line":6,"column":2},"end":{"line":13,"column":26}},"3":{"start":{"line":7,"column":18},"end":{"line":10,"column":16}},"4":{"start":{"line":8,"column":6},"end":{"line":8,"column":24}},"5":{"start":{"line":9,"column":6},"end":{"line":9,"column":31}},"6":{"start":{"line":12,"column":4},"end":{"line":12,"column":37}},"7":{"start":{"line":12,"column":17},"end":{"line":12,"column":36}},"8":{"start":{"line":15,"column":24},"end":{"line":42,"column":3}},"9":{"start":{"line":16,"column":22},"end":{"line":32,"column":5}},"10":{"start":{"line":34,"column":23},"end":{"line":39,"column":5}},"11":{"start":{"line":41,"column":4},"end":{"line":41,"column":49}},"12":{"start":{"line":44,"column":22},"end":{"line":47,"column":3}},"13":{"start":{"line":45,"column":4},"end":{"line":45,"column":22}},"14":{"start":{"line":46,"column":4},"end":{"line":46,"column":29}},"15":{"start":{"line":49,"column":2},"end":{"line":70,"column":4}}},"fnMap":{"0":{"name":"(anonymous_0)","decl":{"start":{"line":3,"column":14},"end":{"line":3,"column":15}},"loc":{"start":{"line":3,"column":72},"end":{"line":71,"column":1}},"line":3},"1":{"name":"(anonymous_1)","decl":{"start":{"line":6,"column":12},"end":{"line":6,"column":13}},"loc":{"start":{"line":6,"column":18},"end":{"line":13,"column":3}},"line":6},"2":{"name":"(anonymous_2)","decl":{"start":{"line":7,"column":29},"end":{"line":7,"column":30}},"loc":{"start":{"line":7,"column":35},"end":{"line":10,"column":5}},"line":7},"3":{"name":"(anonymous_3)","decl":{"start":{"line":12,"column":11},"end":{"line":12,"column":12}},"loc":{"start":{"line":12,"column":17},"end":{"line":12,"column":36}},"line":12},"4":{"name":"(anonymous_4)","decl":{"start":{"line":15,"column":24},"end":{"line":15,"column":25}},"loc":{"start":{"line":15,"column":30},"end":{"line":42,"column":3}},"line":15},"5":{"name":"(anonymous_5)","decl":{"start":{"line":44,"column":22},"end":{"line":44,"column":23}},"loc":{"start":{"line":44,"column":28},"end":{"line":47,"column":3}},"line":44}},"branchMap":{"0":{"loc":{"start":{"line":3,"column":26},"end":{"line":3,"column":39}},"type":"default-arg","locations":[{"start":{"line":3,"column":33},"end":{"line":3,"column":39}}],"line":3},"1":{"loc":{"start":{"line":3,"column":41},"end":{"line":3,"column":56}},"type":"default-arg","locations":[{"start":{"line":3,"column":52},"end":{"line":3,"column":56}}],"line":3},"2":{"loc":{"start":{"line":26,"column":17},"end":{"line":26,"column":63}},"type":"cond-expr","locations":[{"start":{"line":26,"column":27},"end":{"line":26,"column":42}},{"start":{"line":26,"column":45},"end":{"line":26,"column":63}}],"line":26},"3":{"loc":{"start":{"line":27,"column":15},"end":{"line":27,"column":30}},"type":"cond-expr","locations":[{"start":{"line":27,"column":25},"end":{"line":27,"column":26}},{"start":{"line":27,"column":29},"end":{"line":27,"column":30}}],"line":27}},"s":{"0":1,"1":0,"2":0,"3":0,"4":0,"5":0,"6":0,"7":0,"8":0,"9":0,"10":0,"11":0,"12":0,"13":0,"14":0,"15":0},"f":{"0":0,"1":0,"2":0,"3":0,"4":0,"5":0},"b":{"0":[0],"1":[0],"2":[0,0],"3":[0,0]},"_coverageSchema":"1a1c01bbd47fc00a2c39e90264f33305004495a9","hash":"fab47062b635e6b4f6f13b497dc766dcb675b23c"}
,"/workspace/src/contexts/ToastContext.js": {"path":"/workspace/src/contexts/ToastContext.js","statementMap":{"0":{"start":{"line":4,"column":21},"end":{"line":4,"column":36}},"1":{"start":{"line":6,"column":24},"end":{"line":12,"column":1}},"2":{"start":{"line":7,"column":18},"end":{"line":7,"column":42}},"3":{"start":{"line":8,"column":2},"end":{"line":10,"column":3}},"4":{"start":{"line":9,"column":4},"end":{"line":9,"column":68}},"5":{"start":{"line":11,"column":2},"end":{"line":11,"column":17}},"6":{"start":{"line":14,"column":29},"end":{"line":67,"column":1}},"7":{"start":{"line":15,"column":30},"end":{"line":15,"column":42}},"8":{"start":{"line":17,"column":19},"end":{"line":24,"column":8}},"9":{"start":{"line":18,"column":15},"end":{"line":18,"column":41}},"10":{"start":{"line":19,"column":18},"end":{"line":19,"column":49}},"11":{"start":{"line":21,"column":4},"end":{"line":21,"column":40}},"12":{"start":{"line":21,"column":22},"end":{"line":21,"column":38}},"13":{"start":{"line":23,"column":4},"end":{"line":23,"column":14}},"14":{"start":{"line":26,"column":22},"end":{"line":28,"column":8}},"15":{"start":{"line":27,"column":4},"end":{"line":27,"column":61}},"16":{"start":{"line":27,"column":22},"end":{"line":27,"column":59}},"17":{"start":{"line":27,"column":43},"end":{"line":27,"column":58}},"18":{"start":{"line":30,"column":22},"end":{"line":30,"column":108}},"19":{"start":{"line":30,"column":57},"end":{"line":30,"column":95}},"20":{"start":{"line":31,"column":20},"end":{"line":31,"column":104}},"21":{"start":{"line":31,"column":55},"end":{"line":31,"column":91}},"22":{"start":{"line":32,"column":22},"end":{"line":32,"column":108}},"23":{"start":{"line":32,"column":57},"end":{"line":32,"column":95}},"24":{"start":{"line":33,"column":19},"end":{"line":33,"column":102}},"25":{"start":{"line":33,"column":54},"end":{"line":33,"column":89}},"26":{"start":{"line":35,"column":16},"end":{"line":42,"column":3}},"27":{"start":{"line":44,"column":2},"end":{"line":66,"column":4}},"28":{"start":{"line":49,"column":10},"end":{"line":62,"column":16}},"29":{"start":{"line":60,"column":29},"end":{"line":60,"column":50}}},"fnMap":{"0":{"name":"(anonymous_0)","decl":{"start":{"line":6,"column":24},"end":{"line":6,"column":25}},"loc":{"start":{"line":6,"column":30},"end":{"line":12,"column":1}},"line":6},"1":{"name":"(anonymous_1)","decl":{"start":{"line":14,"column":29},"end":{"line":14,"column":30}},"loc":{"start":{"line":14,"column":47},"end":{"line":67,"column":1}},"line":14},"2":{"name":"(anonymous_2)","decl":{"start":{"line":17,"column":31},"end":{"line":17,"column":32}},"loc":{"start":{"line":17,"column":76},"end":{"line":24,"column":3}},"line":17},"3":{"name":"(anonymous_3)","decl":{"start":{"line":21,"column":14},"end":{"line":21,"column":15}},"loc":{"start":{"line":21,"column":22},"end":{"line":21,"column":38}},"line":21},"4":{"name":"(anonymous_4)","decl":{"start":{"line":26,"column":34},"end":{"line":26,"column":35}},"loc":{"start":{"line":26,"column":42},"end":{"line":28,"column":3}},"line":26},"5":{"name":"(anonymous_5)","decl":{"start":{"line":27,"column":14},"end":{"line":27,"column":15}},"loc":{"start":{"line":27,"column":22},"end":{"line":27,"column":59}},"line":27},"6":{"name":"(anonymous_6)","decl":{"start":{"line":27,"column":34},"end":{"line":27,"column":35}},"loc":{"start":{"line":27,"column":43},"end":{"line":27,"column":58}},"line":27},"7":{"name":"(anonymous_7)","decl":{"start":{"line":30,"column":34},"end":{"line":30,"column":35}},"loc":{"start":{"line":30,"column":57},"end":{"line":30,"column":95}},"line":30},"8":{"name":"(anonymous_8)","decl":{"start":{"line":31,"column":32},"end":{"line":31,"column":33}},"loc":{"start":{"line":31,"column":55},"end":{"line":31,"column":91}},"line":31},"9":{"name":"(anonymous_9)","decl":{"start":{"line":32,"column":34},"end":{"line":32,"column":35}},"loc":{"start":{"line":32,"column":57},"end":{"line":32,"column":95}},"line":32},"10":{"name":"(anonymous_10)","decl":{"start":{"line":33,"column":31},"end":{"line":33,"column":32}},"loc":{"start":{"line":33,"column":54},"end":{"line":33,"column":89}},"line":33},"11":{"name":"(anonymous_11)","decl":{"start":{"line":48,"column":20},"end":{"line":48,"column":21}},"loc":{"start":{"line":49,"column":10},"end":{"line":62,"column":16}},"line":49},"12":{"name":"(anonymous_12)","decl":{"start":{"line":60,"column":23},"end":{"line":60,"column":24}},"loc":{"start":{"line":60,"column":29},"end":{"line":60,"column":50}},"line":60}},"branchMap":{"0":{"loc":{"start":{"line":8,"column":2},"end":{"line":10,"column":3}},"type":"if","locations":[{"start":{"line":8,"column":2},"end":{"line":10,"column":3}},{"start":{},"end":{}}],"line":8},"1":{"loc":{"start":{"line":17,"column":41},"end":{"line":17,"column":54}},"type":"default-arg","locations":[{"start":{"line":17,"column":48},"end":{"line":17,"column":54}}],"line":17},"2":{"loc":{"start":{"line":17,"column":56},"end":{"line":17,"column":71}},"type":"default-arg","locations":[{"start":{"line":17,"column":67},"end":{"line":17,"column":71}}],"line":17}},"s":{"0":1,"1":1,"2":20,"3":20,"4":20,"5":0,"6":1,"7":0,"8":0,"9":0,"10":0,"11":0,"12":0,"13":0,"14":0,"15":0,"16":0,"17":0,"18":0,"19":0,"20":0,"21":0,"22":0,"23":0,"24":0,"25":0,"26":0,"27":0,"28":0,"29":0},"f":{"0":20,"1":0,"2":0,"3":0,"4":0,"5":0,"6":0,"7":0,"8":0,"9":0,"10":0,"11":0,"12":0},"b":{"0":[20,0],"1":[0],"2":[0]},"_coverageSchema":"1a1c01bbd47fc00a2c39e90264f33305004495a9","hash":"880d4e9f926a47885a51a2372f2ee6e100b79f57"}
,"/workspace/src/hooks/useInvoices.js": {"path":"/workspace/src/hooks/useInvoices.js","statementMap":{"0":{"start":{"line":4,"column":27},"end":{"line":188,"column":1}},"1":{"start":{"line":5,"column":34},"end":{"line":5,"column":46}},"2":{"start":{"line":6,"column":32},"end":{"line":6,"column":47}},"3":{"start":{"line":7,"column":28},"end":{"line":7,"column":42}},"4":{"start":{"line":10,"column":2},"end":{"line":24,"column":9}},"5":{"start":{"line":11,"column":4},"end":{"line":11,"column":21}},"6":{"start":{"line":12,"column":4},"end":{"line":23,"column":5}},"7":{"start":{"line":13,"column":28},"end":{"line":13,"column":60}},"8":{"start":{"line":14,"column":6},"end":{"line":17,"column":7}},"9":{"start":{"line":15,"column":31},"end":{"line":15,"column":56}},"10":{"start":{"line":16,"column":8},"end":{"line":16,"column":36}},"11":{"start":{"line":19,"column":6},"end":{"line":19,"column":55}},"12":{"start":{"line":20,"column":6},"end":{"line":20,"column":52}},"13":{"start":{"line":22,"column":6},"end":{"line":22,"column":24}},"14":{"start":{"line":27,"column":2},"end":{"line":36,"column":17}},"15":{"start":{"line":28,"column":4},"end":{"line":35,"column":5}},"16":{"start":{"line":29,"column":6},"end":{"line":34,"column":7}},"17":{"start":{"line":30,"column":8},"end":{"line":30,"column":67}},"18":{"start":{"line":32,"column":8},"end":{"line":32,"column":55}},"19":{"start":{"line":33,"column":8},"end":{"line":33,"column":53}},"20":{"start":{"line":39,"column":24},"end":{"line":62,"column":17}},"21":{"start":{"line":40,"column":4},"end":{"line":40,"column":21}},"22":{"start":{"line":41,"column":4},"end":{"line":41,"column":19}},"23":{"start":{"line":43,"column":4},"end":{"line":61,"column":5}},"24":{"start":{"line":44,"column":25},"end":{"line":49,"column":7}},"25":{"start":{"line":51,"column":6},"end":{"line":51,"column":65}},"26":{"start":{"line":51,"column":34},"end":{"line":51,"column":63}},"27":{"start":{"line":52,"column":6},"end":{"line":52,"column":62}},"28":{"start":{"line":53,"column":6},"end":{"line":53,"column":52}},"29":{"start":{"line":55,"column":6},"end":{"line":55,"column":43}},"30":{"start":{"line":56,"column":6},"end":{"line":56,"column":55}},"31":{"start":{"line":57,"column":6},"end":{"line":57,"column":52}},"32":{"start":{"line":58,"column":6},"end":{"line":58,"column":52}},"33":{"start":{"line":60,"column":6},"end":{"line":60,"column":24}},"34":{"start":{"line":65,"column":24},"end":{"line":85,"column":17}},"35":{"start":{"line":66,"column":4},"end":{"line":66,"column":21}},"36":{"start":{"line":67,"column":4},"end":{"line":67,"column":19}},"37":{"start":{"line":69,"column":4},"end":{"line":84,"column":5}},"38":{"start":{"line":70,"column":6},"end":{"line":74,"column":8}},"39":{"start":{"line":71,"column":8},"end":{"line":73,"column":9}},"40":{"start":{"line":72,"column":10},"end":{"line":72,"column":70}},"41":{"start":{"line":75,"column":6},"end":{"line":75,"column":62}},"42":{"start":{"line":76,"column":6},"end":{"line":76,"column":31}},"43":{"start":{"line":78,"column":6},"end":{"line":78,"column":43}},"44":{"start":{"line":79,"column":6},"end":{"line":79,"column":55}},"45":{"start":{"line":80,"column":6},"end":{"line":80,"column":52}},"46":{"start":{"line":81,"column":6},"end":{"line":81,"column":52}},"47":{"start":{"line":83,"column":6},"end":{"line":83,"column":24}},"48":{"start":{"line":88,"column":24},"end":{"line":106,"column":17}},"49":{"start":{"line":89,"column":4},"end":{"line":89,"column":21}},"50":{"start":{"line":90,"column":4},"end":{"line":90,"column":19}},"51":{"start":{"line":92,"column":4},"end":{"line":105,"column":5}},"52":{"start":{"line":93,"column":6},"end":{"line":95,"column":8}},"53":{"start":{"line":94,"column":8},"end":{"line":94,"column":57}},"54":{"start":{"line":94,"column":39},"end":{"line":94,"column":56}},"55":{"start":{"line":96,"column":6},"end":{"line":96,"column":62}},"56":{"start":{"line":97,"column":6},"end":{"line":97,"column":31}},"57":{"start":{"line":99,"column":6},"end":{"line":99,"column":43}},"58":{"start":{"line":100,"column":6},"end":{"line":100,"column":55}},"59":{"start":{"line":101,"column":6},"end":{"line":101,"column":52}},"60":{"start":{"line":102,"column":6},"end":{"line":102,"column":52}},"61":{"start":{"line":104,"column":6},"end":{"line":104,"column":24}},"62":{"start":{"line":109,"column":25},"end":{"line":131,"column":27}},"63":{"start":{"line":110,"column":4},"end":{"line":130,"column":5}},"64":{"start":{"line":111,"column":19},"end":{"line":111,"column":52}},"65":{"start":{"line":112,"column":19},"end":{"line":112,"column":65}},"66":{"start":{"line":113,"column":18},"end":{"line":113,"column":43}},"67":{"start":{"line":115,"column":19},"end":{"line":115,"column":46}},"68":{"start":{"line":116,"column":6},"end":{"line":116,"column":22}},"69":{"start":{"line":117,"column":6},"end":{"line":117,"column":80}},"70":{"start":{"line":118,"column":6},"end":{"line":118,"column":38}},"71":{"start":{"line":119,"column":6},"end":{"line":119,"column":19}},"72":{"start":{"line":120,"column":6},"end":{"line":120,"column":38}},"73":{"start":{"line":121,"column":6},"end":{"line":121,"column":31}},"74":{"start":{"line":123,"column":6},"end":{"line":123,"column":83}},"75":{"start":{"line":124,"column":6},"end":{"line":124,"column":31}},"76":{"start":{"line":126,"column":6},"end":{"line":126,"column":44}},"77":{"start":{"line":127,"column":6},"end":{"line":127,"column":56}},"78":{"start":{"line":128,"column":6},"end":{"line":128,"column":54}},"79":{"start":{"line":129,"column":6},"end":{"line":129,"column":52}},"80":{"start":{"line":134,"column":25},"end":{"line":170,"column":17}},"81":{"start":{"line":135,"column":4},"end":{"line":135,"column":21}},"82":{"start":{"line":136,"column":4},"end":{"line":136,"column":19}},"83":{"start":{"line":138,"column":4},"end":{"line":169,"column":7}},"84":{"start":{"line":139,"column":21},"end":{"line":139,"column":37}},"85":{"start":{"line":141,"column":6},"end":{"line":159,"column":8}},"86":{"start":{"line":142,"column":8},"end":{"line":158,"column":9}},"87":{"start":{"line":143,"column":31},"end":{"line":143,"column":58}},"88":{"start":{"line":144,"column":10},"end":{"line":150,"column":11}},"89":{"start":{"line":145,"column":12},"end":{"line":145,"column":38}},"90":{"start":{"line":146,"column":12},"end":{"line":146,"column":93}},"91":{"start":{"line":147,"column":12},"end":{"line":147,"column":67}},"92":{"start":{"line":149,"column":12},"end":{"line":149,"column":51}},"93":{"start":{"line":152,"column":10},"end":{"line":152,"column":48}},"94":{"start":{"line":153,"column":10},"end":{"line":153,"column":91}},"95":{"start":{"line":154,"column":10},"end":{"line":154,"column":58}},"96":{"start":{"line":155,"column":10},"end":{"line":155,"column":58}},"97":{"start":{"line":157,"column":10},"end":{"line":157,"column":28}},"98":{"start":{"line":161,"column":6},"end":{"line":166,"column":8}},"99":{"start":{"line":162,"column":8},"end":{"line":162,"column":40}},"100":{"start":{"line":163,"column":8},"end":{"line":163,"column":52}},"101":{"start":{"line":164,"column":8},"end":{"line":164,"column":26}},"102":{"start":{"line":165,"column":8},"end":{"line":165,"column":66}},"103":{"start":{"line":168,"column":6},"end":{"line":168,"column":30}},"104":{"start":{"line":173,"column":21},"end":{"line":175,"column":8}},"105":{"start":{"line":174,"column":4},"end":{"line":174,"column":19}},"106":{"start":{"line":177,"column":2},"end":{"line":187,"column":4}}},"fnMap":{"0":{"name":"(anonymous_0)","decl":{"start":{"line":4,"column":27},"end":{"line":4,"column":28}},"loc":{"start":{"line":4,"column":42},"end":{"line":188,"column":1}},"line":4},"1":{"name":"(anonymous_1)","decl":{"start":{"line":10,"column":12},"end":{"line":10,"column":13}},"loc":{"start":{"line":10,"column":18},"end":{"line":24,"column":3}},"line":10},"2":{"name":"(anonymous_2)","decl":{"start":{"line":27,"column":12},"end":{"line":27,"column":13}},"loc":{"start":{"line":27,"column":18},"end":{"line":36,"column":3}},"line":27},"3":{"name":"(anonymous_3)","decl":{"start":{"line":39,"column":36},"end":{"line":39,"column":37}},"loc":{"start":{"line":39,"column":53},"end":{"line":62,"column":3}},"line":39},"4":{"name":"(anonymous_4)","decl":{"start":{"line":51,"column":18},"end":{"line":51,"column":19}},"loc":{"start":{"line":51,"column":34},"end":{"line":51,"column":63}},"line":51},"5":{"name":"(anonymous_5)","decl":{"start":{"line":65,"column":36},"end":{"line":65,"column":37}},"loc":{"start":{"line":65,"column":57},"end":{"line":85,"column":3}},"line":65},"6":{"name":"(anonymous_6)","decl":{"start":{"line":70,"column":18},"end":{"line":70,"column":19}},"loc":{"start":{"line":71,"column":8},"end":{"line":73,"column":9}},"line":71},"7":{"name":"(anonymous_7)","decl":{"start":{"line":71,"column":25},"end":{"line":71,"column":26}},"loc":{"start":{"line":72,"column":10},"end":{"line":72,"column":70}},"line":72},"8":{"name":"(anonymous_8)","decl":{"start":{"line":88,"column":36},"end":{"line":88,"column":37}},"loc":{"start":{"line":88,"column":44},"end":{"line":106,"column":3}},"line":88},"9":{"name":"(anonymous_9)","decl":{"start":{"line":93,"column":18},"end":{"line":93,"column":19}},"loc":{"start":{"line":94,"column":8},"end":{"line":94,"column":57}},"line":94},"10":{"name":"(anonymous_10)","decl":{"start":{"line":94,"column":28},"end":{"line":94,"column":29}},"loc":{"start":{"line":94,"column":39},"end":{"line":94,"column":56}},"line":94},"11":{"name":"(anonymous_11)","decl":{"start":{"line":109,"column":37},"end":{"line":109,"column":38}},"loc":{"start":{"line":109,"column":43},"end":{"line":131,"column":3}},"line":109},"12":{"name":"(anonymous_12)","decl":{"start":{"line":134,"column":37},"end":{"line":134,"column":38}},"loc":{"start":{"line":134,"column":47},"end":{"line":170,"column":3}},"line":134},"13":{"name":"(anonymous_13)","decl":{"start":{"line":138,"column":23},"end":{"line":138,"column":24}},"loc":{"start":{"line":138,"column":36},"end":{"line":169,"column":5}},"line":138},"14":{"name":"(anonymous_14)","decl":{"start":{"line":141,"column":22},"end":{"line":141,"column":23}},"loc":{"start":{"line":141,"column":29},"end":{"line":159,"column":7}},"line":141},"15":{"name":"(anonymous_15)","decl":{"start":{"line":161,"column":23},"end":{"line":161,"column":24}},"loc":{"start":{"line":161,"column":29},"end":{"line":166,"column":7}},"line":161},"16":{"name":"(anonymous_16)","decl":{"start":{"line":173,"column":33},"end":{"line":173,"column":34}},"loc":{"start":{"line":173,"column":39},"end":{"line":175,"column":3}},"line":173}},"branchMap":{"0":{"loc":{"start":{"line":14,"column":6},"end":{"line":17,"column":7}},"type":"if","locations":[{"start":{"line":14,"column":6},"end":{"line":17,"column":7}},{"start":{},"end":{}}],"line":14},"1":{"loc":{"start":{"line":28,"column":4},"end":{"line":35,"column":5}},"type":"if","locations":[{"start":{"line":28,"column":4},"end":{"line":35,"column":5}},{"start":{},"end":{}}],"line":28},"2":{"loc":{"start":{"line":72,"column":10},"end":{"line":72,"column":70}},"type":"cond-expr","locations":[{"start":{"line":72,"column":30},"end":{"line":72,"column":60}},{"start":{"line":72,"column":63},"end":{"line":72,"column":70}}],"line":72},"3":{"loc":{"start":{"line":144,"column":10},"end":{"line":150,"column":11}},"type":"if","locations":[{"start":{"line":144,"column":10},"end":{"line":150,"column":11}},{"start":{"line":148,"column":17},"end":{"line":150,"column":11}}],"line":144}},"s":{"0":1,"1":0,"2":0,"3":0,"4":0,"5":0,"6":0,"7":0,"8":0,"9":0,"10":0,"11":0,"12":0,"13":0,"14":0,"15":0,"16":0,"17":0,"18":0,"19":0,"20":0,"21":0,"22":0,"23":0,"24":0,"25":0,"26":0,"27":0,"28":0,"29":0,"30":0,"31":0,"32":0,"33":0,"34":0,"35":0,"36":0,"37":0,"38":0,"39":0,"40":0,"41":0,"42":0,"43":0,"44":0,"45":0,"46":0,"47":0,"48":0,"49":0,"50":0,"51":0,"52":0,"53":0,"54":0,"55":0,"56":0,"57":0,"58":0,"59":0,"60":0,"61":0,"62":0,"63":0,"64":0,"65":0,"66":0,"67":0,"68":0,"69":0,"70":0,"71":0,"72":0,"73":0,"74":0,"75":0,"76":0,"77":0,"78":0,"79":0,"80":0,"81":0,"82":0,"83":0,"84":0,"85":0,"86":0,"87":0,"88":0,"89":0,"90":0,"91":0,"92":0,"93":0,"94":0,"95":0,"96":0,"97":0,"98":0,"99":0,"100":0,"101":0,"102":0,"103":0,"104":0,"105":0,"106":0},"f":{"0":0,"1":0,"2":0,"3":0,"4":0,"5":0,"6":0,"7":0,"8":0,"9":0,"10":0,"11":0,"12":0,"13":0,"14":0,"15":0,"16":0},"b":{"0":[0,0],"1":[0,0],"2":[0,0],"3":[0,0]},"_coverageSchema":"1a1c01bbd47fc00a2c39e90264f33305004495a9","hash":"315e0de22fd71909812e5512d979645ca25a5228"}
}
