{"/workspace/src/App.js": {"path":"/workspace/src/App.js","statementMap":{"0":{"start":{"line":7,"column":34},"end":{"line":7,"column":46}},"1":{"start":{"line":8,"column":48},"end":{"line":8,"column":62}},"2":{"start":{"line":9,"column":26},"end":{"line":9,"column":42}},"3":{"start":{"line":12,"column":2},"end":{"line":17,"column":9}},"4":{"start":{"line":13,"column":26},"end":{"line":13,"column":58}},"5":{"start":{"line":14,"column":4},"end":{"line":16,"column":5}},"6":{"start":{"line":15,"column":6},"end":{"line":15,"column":45}},"7":{"start":{"line":20,"column":2},"end":{"line":22,"column":17}},"8":{"start":{"line":21,"column":4},"end":{"line":21,"column":63}},"9":{"start":{"line":24,"column":30},"end":{"line":33,"column":3}},"10":{"start":{"line":25,"column":23},"end":{"line":30,"column":5}},"11":{"start":{"line":31,"column":4},"end":{"line":31,"column":43}},"12":{"start":{"line":32,"column":4},"end":{"line":32,"column":20}},"13":{"start":{"line":35,"column":28},"end":{"line":40,"column":3}},"14":{"start":{"line":36,"column":4},"end":{"line":38,"column":7}},"15":{"start":{"line":37,"column":6},"end":{"line":37,"column":66}},"16":{"start":{"line":39,"column":4},"end":{"line":39,"column":20}},"17":{"start":{"line":42,"column":30},"end":{"line":48,"column":3}},"18":{"start":{"line":43,"column":4},"end":{"line":43,"column":63}},"19":{"start":{"line":43,"column":43},"end":{"line":43,"column":60}},"20":{"start":{"line":44,"column":4},"end":{"line":47,"column":5}},"21":{"start":{"line":45,"column":6},"end":{"line":45,"column":31}},"22":{"start":{"line":46,"column":6},"end":{"line":46,"column":22}},"23":{"start":{"line":50,"column":30},"end":{"line":53,"column":3}},"24":{"start":{"line":51,"column":4},"end":{"line":51,"column":32}},"25":{"start":{"line":52,"column":4},"end":{"line":52,"column":23}},"26":{"start":{"line":55,"column":2},"end":{"line":103,"column":4}},"27":{"start":{"line":67,"column":27},"end":{"line":67,"column":44}},"28":{"start":{"line":73,"column":27},"end":{"line":73,"column":42}},"29":{"start":{"line":82,"column":28},"end":{"line":82,"column":43}},"30":{"start":{"line":97,"column":37},"end":{"line":97,"column":87}},"31":{"start":{"line":98,"column":26},"end":{"line":98,"column":41}}},"fnMap":{"0":{"name":"App","decl":{"start":{"line":6,"column":9},"end":{"line":6,"column":12}},"loc":{"start":{"line":6,"column":15},"end":{"line":104,"column":1}},"line":6},"1":{"name":"(anonymous_1)","decl":{"start":{"line":12,"column":12},"end":{"line":12,"column":13}},"loc":{"start":{"line":12,"column":18},"end":{"line":17,"column":3}},"line":12},"2":{"name":"(anonymous_2)","decl":{"start":{"line":20,"column":12},"end":{"line":20,"column":13}},"loc":{"start":{"line":20,"column":18},"end":{"line":22,"column":3}},"line":20},"3":{"name":"(anonymous_3)","decl":{"start":{"line":24,"column":30},"end":{"line":24,"column":31}},"loc":{"start":{"line":24,"column":47},"end":{"line":33,"column":3}},"line":24},"4":{"name":"(anonymous_4)","decl":{"start":{"line":35,"column":28},"end":{"line":35,"column":29}},"loc":{"start":{"line":35,"column":49},"end":{"line":40,"column":3}},"line":35},"5":{"name":"(anonymous_5)","decl":{"start":{"line":36,"column":29},"end":{"line":36,"column":30}},"loc":{"start":{"line":37,"column":6},"end":{"line":37,"column":66}},"line":37},"6":{"name":"(anonymous_6)","decl":{"start":{"line":42,"column":30},"end":{"line":42,"column":31}},"loc":{"start":{"line":42,"column":38},"end":{"line":48,"column":3}},"line":42},"7":{"name":"(anonymous_7)","decl":{"start":{"line":43,"column":32},"end":{"line":43,"column":33}},"loc":{"start":{"line":43,"column":43},"end":{"line":43,"column":60}},"line":43},"8":{"name":"(anonymous_8)","decl":{"start":{"line":50,"column":30},"end":{"line":50,"column":31}},"loc":{"start":{"line":50,"column":43},"end":{"line":53,"column":3}},"line":50},"9":{"name":"(anonymous_9)","decl":{"start":{"line":67,"column":21},"end":{"line":67,"column":22}},"loc":{"start":{"line":67,"column":27},"end":{"line":67,"column":44}},"line":67},"10":{"name":"(anonymous_10)","decl":{"start":{"line":73,"column":21},"end":{"line":73,"column":22}},"loc":{"start":{"line":73,"column":27},"end":{"line":73,"column":42}},"line":73},"11":{"name":"(anonymous_11)","decl":{"start":{"line":82,"column":22},"end":{"line":82,"column":23}},"loc":{"start":{"line":82,"column":28},"end":{"line":82,"column":43}},"line":82},"12":{"name":"(anonymous_12)","decl":{"start":{"line":97,"column":20},"end":{"line":97,"column":21}},"loc":{"start":{"line":97,"column":37},"end":{"line":97,"column":87}},"line":97},"13":{"name":"(anonymous_13)","decl":{"start":{"line":98,"column":20},"end":{"line":98,"column":21}},"loc":{"start":{"line":98,"column":26},"end":{"line":98,"column":41}},"line":98}},"branchMap":{"0":{"loc":{"start":{"line":14,"column":4},"end":{"line":16,"column":5}},"type":"if","locations":[{"start":{"line":14,"column":4},"end":{"line":16,"column":5}},{"start":{},"end":{}}],"line":14},"1":{"loc":{"start":{"line":37,"column":6},"end":{"line":37,"column":66}},"type":"cond-expr","locations":[{"start":{"line":37,"column":26},"end":{"line":37,"column":56}},{"start":{"line":37,"column":59},"end":{"line":37,"column":66}}],"line":37},"2":{"loc":{"start":{"line":44,"column":4},"end":{"line":47,"column":5}},"type":"if","locations":[{"start":{"line":44,"column":4},"end":{"line":47,"column":5}},{"start":{},"end":{}}],"line":44},"3":{"loc":{"start":{"line":44,"column":8},"end":{"line":44,"column":52}},"type":"binary-expr","locations":[{"start":{"line":44,"column":8},"end":{"line":44,"column":23}},{"start":{"line":44,"column":27},"end":{"line":44,"column":52}}],"line":44},"4":{"loc":{"start":{"line":79,"column":9},"end":{"line":84,"column":9}},"type":"binary-expr","locations":[{"start":{"line":79,"column":9},"end":{"line":79,"column":26}},{"start":{"line":80,"column":10},"end":{"line":83,"column":12}}],"line":79},"5":{"loc":{"start":{"line":86,"column":9},"end":{"line":92,"column":9}},"type":"binary-expr","locations":[{"start":{"line":86,"column":9},"end":{"line":86,"column":24}},{"start":{"line":87,"column":10},"end":{"line":91,"column":12}}],"line":86},"6":{"loc":{"start":{"line":94,"column":9},"end":{"line":100,"column":9}},"type":"binary-expr","locations":[{"start":{"line":94,"column":9},"end":{"line":94,"column":27}},{"start":{"line":94,"column":31},"end":{"line":94,"column":46}},{"start":{"line":95,"column":10},"end":{"line":99,"column":12}}],"line":94}},"s":{"0":12,"1":11,"2":11,"3":11,"4":5,"5":5,"6":4,"7":11,"8":9,"9":11,"10":0,"11":0,"12":0,"13":11,"14":0,"15":0,"16":0,"17":11,"18":0,"19":0,"20":0,"21":0,"22":0,"23":11,"24":0,"25":0,"26":11,"27":2,"28":0,"29":0,"30":0,"31":0},"f":{"0":12,"1":5,"2":9,"3":0,"4":0,"5":0,"6":0,"7":0,"8":0,"9":2,"10":0,"11":0,"12":0,"13":0},"b":{"0":[4,1],"1":[0,0],"2":[0,0],"3":[0,0],"4":[11,2],"5":[11,9],"6":[11,0,0]},"_coverageSchema":"1a1c01bbd47fc00a2c39e90264f33305004495a9","hash":"7e9a983d2e609eb4c2d9fa3682fe405dca9e0fe4"}
,"/workspace/src/index.js": {"path":"/workspace/src/index.js","statementMap":{"0":{"start":{"line":6,"column":13},"end":{"line":6,"column":65}},"1":{"start":{"line":7,"column":0},"end":{"line":11,"column":2}}},"fnMap":{},"branchMap":{},"s":{"0":0,"1":0},"f":{},"b":{}}
,"/workspace/src/components/InvoiceDetails.js": {"path":"/workspace/src/components/InvoiceDetails.js","statementMap":{"0":{"start":{"line":5,"column":23},"end":{"line":170,"column":1}},"1":{"start":{"line":6,"column":36},"end":{"line":6,"column":51}},"2":{"start":{"line":7,"column":30},"end":{"line":7,"column":54}},"3":{"start":{"line":9,"column":21},"end":{"line":15,"column":3}},"4":{"start":{"line":10,"column":4},"end":{"line":14,"column":5}},"5":{"start":{"line":11,"column":6},"end":{"line":11,"column":59}},"6":{"start":{"line":13,"column":6},"end":{"line":13,"column":24}},"7":{"start":{"line":17,"column":29},"end":{"line":20,"column":3}},"8":{"start":{"line":18,"column":4},"end":{"line":18,"column":25}},"9":{"start":{"line":19,"column":4},"end":{"line":19,"column":34}},"10":{"start":{"line":22,"column":27},"end":{"line":25,"column":3}},"11":{"start":{"line":23,"column":4},"end":{"line":23,"column":24}},"12":{"start":{"line":24,"column":4},"end":{"line":24,"column":24}},"13":{"start":{"line":27,"column":22},"end":{"line":29,"column":3}},"14":{"start":{"line":28,"column":4},"end":{"line":28,"column":19}},"15":{"start":{"line":31,"column":29},"end":{"line":36,"column":3}},"16":{"start":{"line":33,"column":21},"end":{"line":33,"column":51}},"17":{"start":{"line":34,"column":18},"end":{"line":34,"column":45}},"18":{"start":{"line":35,"column":4},"end":{"line":35,"column":28}},"19":{"start":{"line":38,"column":2},"end":{"line":46,"column":3}},"20":{"start":{"line":39,"column":4},"end":{"line":45,"column":6}},"21":{"start":{"line":43,"column":24},"end":{"line":43,"column":43}},"22":{"start":{"line":48,"column":2},"end":{"line":169,"column":4}},"23":{"start":{"line":55,"column":61},"end":{"line":55,"column":79}},"24":{"start":{"line":102,"column":33},"end":{"line":102,"column":67}},"25":{"start":{"line":130,"column":12},"end":{"line":135,"column":17}}},"fnMap":{"0":{"name":"(anonymous_0)","decl":{"start":{"line":5,"column":23},"end":{"line":5,"column":24}},"loc":{"start":{"line":5,"column":56},"end":{"line":170,"column":1}},"line":5},"1":{"name":"(anonymous_1)","decl":{"start":{"line":9,"column":21},"end":{"line":9,"column":22}},"loc":{"start":{"line":9,"column":37},"end":{"line":15,"column":3}},"line":9},"2":{"name":"(anonymous_2)","decl":{"start":{"line":17,"column":29},"end":{"line":17,"column":30}},"loc":{"start":{"line":17,"column":44},"end":{"line":20,"column":3}},"line":17},"3":{"name":"(anonymous_3)","decl":{"start":{"line":22,"column":27},"end":{"line":22,"column":28}},"loc":{"start":{"line":22,"column":44},"end":{"line":25,"column":3}},"line":22},"4":{"name":"(anonymous_4)","decl":{"start":{"line":27,"column":22},"end":{"line":27,"column":23}},"loc":{"start":{"line":27,"column":28},"end":{"line":29,"column":3}},"line":27},"5":{"name":"(anonymous_5)","decl":{"start":{"line":31,"column":29},"end":{"line":31,"column":30}},"loc":{"start":{"line":31,"column":39},"end":{"line":36,"column":3}},"line":31},"6":{"name":"(anonymous_6)","decl":{"start":{"line":43,"column":18},"end":{"line":43,"column":19}},"loc":{"start":{"line":43,"column":24},"end":{"line":43,"column":43}},"line":43},"7":{"name":"(anonymous_7)","decl":{"start":{"line":55,"column":55},"end":{"line":55,"column":56}},"loc":{"start":{"line":55,"column":61},"end":{"line":55,"column":79}},"line":55},"8":{"name":"(anonymous_8)","decl":{"start":{"line":102,"column":26},"end":{"line":102,"column":27}},"loc":{"start":{"line":102,"column":33},"end":{"line":102,"column":67}},"line":102},"9":{"name":"(anonymous_9)","decl":{"start":{"line":129,"column":29},"end":{"line":129,"column":30}},"loc":{"start":{"line":130,"column":12},"end":{"line":135,"column":17}},"line":130}},"branchMap":{"0":{"loc":{"start":{"line":33,"column":21},"end":{"line":33,"column":51}},"type":"binary-expr","locations":[{"start":{"line":33,"column":21},"end":{"line":33,"column":46}},{"start":{"line":33,"column":50},"end":{"line":33,"column":51}}],"line":33},"1":{"loc":{"start":{"line":34,"column":18},"end":{"line":34,"column":45}},"type":"binary-expr","locations":[{"start":{"line":34,"column":18},"end":{"line":34,"column":40}},{"start":{"line":34,"column":44},"end":{"line":34,"column":45}}],"line":34},"2":{"loc":{"start":{"line":38,"column":2},"end":{"line":46,"column":3}},"type":"if","locations":[{"start":{"line":38,"column":2},"end":{"line":46,"column":3}},{"start":{},"end":{}}],"line":38},"3":{"loc":{"start":{"line":83,"column":13},"end":{"line":85,"column":13}},"type":"binary-expr","locations":[{"start":{"line":83,"column":13},"end":{"line":83,"column":36}},{"start":{"line":84,"column":14},"end":{"line":84,"column":102}}],"line":83},"4":{"loc":{"start":{"line":130,"column":21},"end":{"line":130,"column":37}},"type":"binary-expr","locations":[{"start":{"line":130,"column":21},"end":{"line":130,"column":28}},{"start":{"line":130,"column":32},"end":{"line":130,"column":37}}],"line":130},"5":{"loc":{"start":{"line":143,"column":17},"end":{"line":143,"column":55}},"type":"binary-expr","locations":[{"start":{"line":143,"column":17},"end":{"line":143,"column":45}},{"start":{"line":143,"column":49},"end":{"line":143,"column":55}}],"line":143},"6":{"loc":{"start":{"line":146,"column":17},"end":{"line":146,"column":56}},"type":"binary-expr","locations":[{"start":{"line":146,"column":17},"end":{"line":146,"column":46}},{"start":{"line":146,"column":50},"end":{"line":146,"column":56}}],"line":146},"7":{"loc":{"start":{"line":152,"column":22},"end":{"line":152,"column":57}},"type":"binary-expr","locations":[{"start":{"line":152,"column":22},"end":{"line":152,"column":47}},{"start":{"line":152,"column":51},"end":{"line":152,"column":57}}],"line":152},"8":{"loc":{"start":{"line":157,"column":7},"end":{"line":162,"column":7}},"type":"binary-expr","locations":[{"start":{"line":157,"column":7},"end":{"line":157,"column":20}},{"start":{"line":158,"column":8},"end":{"line":161,"column":14}}],"line":157}},"s":{"0":1,"1":0,"2":0,"3":0,"4":0,"5":0,"6":0,"7":0,"8":0,"9":0,"10":0,"11":0,"12":0,"13":0,"14":0,"15":0,"16":0,"17":0,"18":0,"19":0,"20":0,"21":0,"22":0,"23":0,"24":0,"25":0},"f":{"0":0,"1":0,"2":0,"3":0,"4":0,"5":0,"6":0,"7":0,"8":0,"9":0},"b":{"0":[0,0],"1":[0,0],"2":[0,0],"3":[0,0],"4":[0,0],"5":[0,0],"6":[0,0],"7":[0,0],"8":[0,0]},"_coverageSchema":"1a1c01bbd47fc00a2c39e90264f33305004495a9","hash":"40ee2bdc3b6b676630f353e47f2511497f49cd07"}
,"/workspace/src/components/InvoiceForm.js": {"path":"/workspace/src/components/InvoiceForm.js","statementMap":{"0":{"start":{"line":4,"column":20},"end":{"line":322,"column":1}},"1":{"start":{"line":5,"column":34},"end":{"line":15,"column":4}},"2":{"start":{"line":17,"column":30},"end":{"line":17,"column":42}},"3":{"start":{"line":19,"column":28},"end":{"line":33,"column":3}},"4":{"start":{"line":20,"column":28},"end":{"line":20,"column":36}},"5":{"start":{"line":21,"column":4},"end":{"line":24,"column":8}},"6":{"start":{"line":21,"column":25},"end":{"line":24,"column":5}},"7":{"start":{"line":27,"column":4},"end":{"line":32,"column":5}},"8":{"start":{"line":28,"column":6},"end":{"line":31,"column":10}},"9":{"start":{"line":28,"column":25},"end":{"line":31,"column":7}},"10":{"start":{"line":35,"column":27},"end":{"line":43,"column":3}},"11":{"start":{"line":36,"column":25},"end":{"line":38,"column":5}},"12":{"start":{"line":37,"column":6},"end":{"line":37,"column":54}},"13":{"start":{"line":39,"column":4},"end":{"line":42,"column":8}},"14":{"start":{"line":39,"column":25},"end":{"line":42,"column":5}},"15":{"start":{"line":45,"column":18},"end":{"line":50,"column":3}},"16":{"start":{"line":46,"column":4},"end":{"line":49,"column":8}},"17":{"start":{"line":46,"column":25},"end":{"line":49,"column":5}},"18":{"start":{"line":52,"column":21},"end":{"line":59,"column":3}},"19":{"start":{"line":53,"column":4},"end":{"line":58,"column":5}},"20":{"start":{"line":54,"column":6},"end":{"line":57,"column":10}},"21":{"start":{"line":54,"column":27},"end":{"line":57,"column":7}},"22":{"start":{"line":56,"column":43},"end":{"line":56,"column":54}},"23":{"start":{"line":61,"column":28},"end":{"line":68,"column":3}},"24":{"start":{"line":62,"column":4},"end":{"line":67,"column":10}},"25":{"start":{"line":64,"column":23},"end":{"line":64,"column":53}},"26":{"start":{"line":65,"column":20},"end":{"line":65,"column":47}},"27":{"start":{"line":66,"column":6},"end":{"line":66,"column":38}},"28":{"start":{"line":70,"column":23},"end":{"line":75,"column":3}},"29":{"start":{"line":71,"column":21},"end":{"line":71,"column":40}},"30":{"start":{"line":73,"column":20},"end":{"line":73,"column":49}},"31":{"start":{"line":74,"column":4},"end":{"line":74,"column":62}},"32":{"start":{"line":77,"column":25},"end":{"line":82,"column":3}},"33":{"start":{"line":78,"column":21},"end":{"line":78,"column":40}},"34":{"start":{"line":79,"column":16},"end":{"line":79,"column":30}},"35":{"start":{"line":81,"column":4},"end":{"line":81,"column":52}},"36":{"start":{"line":84,"column":23},"end":{"line":126,"column":3}},"37":{"start":{"line":85,"column":22},"end":{"line":85,"column":24}},"38":{"start":{"line":87,"column":4},"end":{"line":89,"column":5}},"39":{"start":{"line":88,"column":6},"end":{"line":88,"column":61}},"40":{"start":{"line":91,"column":4},"end":{"line":93,"column":5}},"41":{"start":{"line":92,"column":6},"end":{"line":92,"column":59}},"42":{"start":{"line":95,"column":4},"end":{"line":99,"column":5}},"43":{"start":{"line":96,"column":6},"end":{"line":96,"column":61}},"44":{"start":{"line":97,"column":11},"end":{"line":99,"column":5}},"45":{"start":{"line":98,"column":6},"end":{"line":98,"column":69}},"46":{"start":{"line":101,"column":4},"end":{"line":105,"column":5}},"47":{"start":{"line":102,"column":6},"end":{"line":102,"column":49}},"48":{"start":{"line":103,"column":11},"end":{"line":105,"column":5}},"49":{"start":{"line":104,"column":6},"end":{"line":104,"column":62}},"50":{"start":{"line":108,"column":4},"end":{"line":122,"column":7}},"51":{"start":{"line":109,"column":6},"end":{"line":111,"column":7}},"52":{"start":{"line":110,"column":8},"end":{"line":110,"column":80}},"53":{"start":{"line":113,"column":23},"end":{"line":113,"column":48}},"54":{"start":{"line":114,"column":6},"end":{"line":116,"column":7}},"55":{"start":{"line":115,"column":8},"end":{"line":115,"column":80}},"56":{"start":{"line":118,"column":20},"end":{"line":118,"column":42}},"57":{"start":{"line":119,"column":6},"end":{"line":121,"column":7}},"58":{"start":{"line":120,"column":8},"end":{"line":120,"column":70}},"59":{"start":{"line":124,"column":4},"end":{"line":124,"column":25}},"60":{"start":{"line":125,"column":4},"end":{"line":125,"column":47}},"61":{"start":{"line":128,"column":23},"end":{"line":140,"column":3}},"62":{"start":{"line":129,"column":4},"end":{"line":129,"column":23}},"63":{"start":{"line":131,"column":4},"end":{"line":139,"column":5}},"64":{"start":{"line":132,"column":26},"end":{"line":137,"column":7}},"65":{"start":{"line":138,"column":6},"end":{"line":138,"column":28}},"66":{"start":{"line":142,"column":2},"end":{"line":321,"column":4}},"67":{"start":{"line":237,"column":10},"end":{"line":287,"column":16}},"68":{"start":{"line":244,"column":35},"end":{"line":244,"column":89}},"69":{"start":{"line":255,"column":35},"end":{"line":255,"column":101}},"70":{"start":{"line":267,"column":35},"end":{"line":267,"column":100}},"71":{"start":{"line":278,"column":31},"end":{"line":278,"column":48}}},"fnMap":{"0":{"name":"(anonymous_0)","decl":{"start":{"line":4,"column":20},"end":{"line":4,"column":21}},"loc":{"start":{"line":4,"column":57},"end":{"line":322,"column":1}},"line":4},"1":{"name":"(anonymous_1)","decl":{"start":{"line":19,"column":28},"end":{"line":19,"column":29}},"loc":{"start":{"line":19,"column":35},"end":{"line":33,"column":3}},"line":19},"2":{"name":"(anonymous_2)","decl":{"start":{"line":21,"column":16},"end":{"line":21,"column":17}},"loc":{"start":{"line":21,"column":25},"end":{"line":24,"column":5}},"line":21},"3":{"name":"(anonymous_3)","decl":{"start":{"line":28,"column":16},"end":{"line":28,"column":17}},"loc":{"start":{"line":28,"column":25},"end":{"line":31,"column":7}},"line":28},"4":{"name":"(anonymous_4)","decl":{"start":{"line":35,"column":27},"end":{"line":35,"column":28}},"loc":{"start":{"line":35,"column":52},"end":{"line":43,"column":3}},"line":35},"5":{"name":"(anonymous_5)","decl":{"start":{"line":36,"column":44},"end":{"line":36,"column":45}},"loc":{"start":{"line":37,"column":6},"end":{"line":37,"column":54}},"line":37},"6":{"name":"(anonymous_6)","decl":{"start":{"line":39,"column":16},"end":{"line":39,"column":17}},"loc":{"start":{"line":39,"column":25},"end":{"line":42,"column":5}},"line":39},"7":{"name":"(anonymous_7)","decl":{"start":{"line":45,"column":18},"end":{"line":45,"column":19}},"loc":{"start":{"line":45,"column":24},"end":{"line":50,"column":3}},"line":45},"8":{"name":"(anonymous_8)","decl":{"start":{"line":46,"column":16},"end":{"line":46,"column":17}},"loc":{"start":{"line":46,"column":25},"end":{"line":49,"column":5}},"line":46},"9":{"name":"(anonymous_9)","decl":{"start":{"line":52,"column":21},"end":{"line":52,"column":22}},"loc":{"start":{"line":52,"column":32},"end":{"line":59,"column":3}},"line":52},"10":{"name":"(anonymous_10)","decl":{"start":{"line":54,"column":18},"end":{"line":54,"column":19}},"loc":{"start":{"line":54,"column":27},"end":{"line":57,"column":7}},"line":54},"11":{"name":"(anonymous_11)","decl":{"start":{"line":56,"column":33},"end":{"line":56,"column":34}},"loc":{"start":{"line":56,"column":43},"end":{"line":56,"column":54}},"line":56},"12":{"name":"(anonymous_12)","decl":{"start":{"line":61,"column":28},"end":{"line":61,"column":29}},"loc":{"start":{"line":61,"column":34},"end":{"line":68,"column":3}},"line":61},"13":{"name":"(anonymous_13)","decl":{"start":{"line":62,"column":33},"end":{"line":62,"column":34}},"loc":{"start":{"line":62,"column":48},"end":{"line":67,"column":5}},"line":62},"14":{"name":"(anonymous_14)","decl":{"start":{"line":70,"column":23},"end":{"line":70,"column":24}},"loc":{"start":{"line":70,"column":29},"end":{"line":75,"column":3}},"line":70},"15":{"name":"(anonymous_15)","decl":{"start":{"line":77,"column":25},"end":{"line":77,"column":26}},"loc":{"start":{"line":77,"column":31},"end":{"line":82,"column":3}},"line":77},"16":{"name":"(anonymous_16)","decl":{"start":{"line":84,"column":23},"end":{"line":84,"column":24}},"loc":{"start":{"line":84,"column":29},"end":{"line":126,"column":3}},"line":84},"17":{"name":"(anonymous_17)","decl":{"start":{"line":108,"column":27},"end":{"line":108,"column":28}},"loc":{"start":{"line":108,"column":44},"end":{"line":122,"column":5}},"line":108},"18":{"name":"(anonymous_18)","decl":{"start":{"line":128,"column":23},"end":{"line":128,"column":24}},"loc":{"start":{"line":128,"column":30},"end":{"line":140,"column":3}},"line":128},"19":{"name":"(anonymous_19)","decl":{"start":{"line":236,"column":28},"end":{"line":236,"column":29}},"loc":{"start":{"line":237,"column":10},"end":{"line":287,"column":16}},"line":237},"20":{"name":"(anonymous_20)","decl":{"start":{"line":244,"column":28},"end":{"line":244,"column":29}},"loc":{"start":{"line":244,"column":35},"end":{"line":244,"column":89}},"line":244},"21":{"name":"(anonymous_21)","decl":{"start":{"line":255,"column":28},"end":{"line":255,"column":29}},"loc":{"start":{"line":255,"column":35},"end":{"line":255,"column":101}},"line":255},"22":{"name":"(anonymous_22)","decl":{"start":{"line":267,"column":28},"end":{"line":267,"column":29}},"loc":{"start":{"line":267,"column":35},"end":{"line":267,"column":100}},"line":267},"23":{"name":"(anonymous_23)","decl":{"start":{"line":278,"column":25},"end":{"line":278,"column":26}},"loc":{"start":{"line":278,"column":31},"end":{"line":278,"column":48}},"line":278}},"branchMap":{"0":{"loc":{"start":{"line":6,"column":19},"end":{"line":6,"column":47}},"type":"binary-expr","locations":[{"start":{"line":6,"column":19},"end":{"line":6,"column":41}},{"start":{"line":6,"column":45},"end":{"line":6,"column":47}}],"line":6},"1":{"loc":{"start":{"line":7,"column":18},"end":{"line":7,"column":45}},"type":"binary-expr","locations":[{"start":{"line":7,"column":18},"end":{"line":7,"column":39}},{"start":{"line":7,"column":43},"end":{"line":7,"column":45}}],"line":7},"2":{"loc":{"start":{"line":8,"column":19},"end":{"line":8,"column":47}},"type":"binary-expr","locations":[{"start":{"line":8,"column":19},"end":{"line":8,"column":41}},{"start":{"line":8,"column":45},"end":{"line":8,"column":47}}],"line":8},"3":{"loc":{"start":{"line":9,"column":21},"end":{"line":9,"column":51}},"type":"binary-expr","locations":[{"start":{"line":9,"column":21},"end":{"line":9,"column":45}},{"start":{"line":9,"column":49},"end":{"line":9,"column":51}}],"line":9},"4":{"loc":{"start":{"line":10,"column":15},"end":{"line":10,"column":75}},"type":"binary-expr","locations":[{"start":{"line":10,"column":15},"end":{"line":10,"column":33}},{"start":{"line":10,"column":37},"end":{"line":10,"column":75}}],"line":10},"5":{"loc":{"start":{"line":11,"column":13},"end":{"line":11,"column":35}},"type":"binary-expr","locations":[{"start":{"line":11,"column":13},"end":{"line":11,"column":29}},{"start":{"line":11,"column":33},"end":{"line":11,"column":35}}],"line":11},"6":{"loc":{"start":{"line":12,"column":11},"end":{"line":12,"column":87}},"type":"binary-expr","locations":[{"start":{"line":12,"column":11},"end":{"line":12,"column":25}},{"start":{"line":12,"column":29},"end":{"line":12,"column":87}}],"line":12},"7":{"loc":{"start":{"line":13,"column":11},"end":{"line":13,"column":31}},"type":"binary-expr","locations":[{"start":{"line":13,"column":11},"end":{"line":13,"column":25}},{"start":{"line":13,"column":29},"end":{"line":13,"column":31}}],"line":13},"8":{"loc":{"start":{"line":14,"column":9},"end":{"line":14,"column":27}},"type":"binary-expr","locations":[{"start":{"line":14,"column":9},"end":{"line":14,"column":21}},{"start":{"line":14,"column":25},"end":{"line":14,"column":27}}],"line":14},"9":{"loc":{"start":{"line":27,"column":4},"end":{"line":32,"column":5}},"type":"if","locations":[{"start":{"line":27,"column":4},"end":{"line":32,"column":5}},{"start":{},"end":{}}],"line":27},"10":{"loc":{"start":{"line":37,"column":6},"end":{"line":37,"column":54}},"type":"cond-expr","locations":[{"start":{"line":37,"column":20},"end":{"line":37,"column":47}},{"start":{"line":37,"column":50},"end":{"line":37,"column":54}}],"line":37},"11":{"loc":{"start":{"line":53,"column":4},"end":{"line":58,"column":5}},"type":"if","locations":[{"start":{"line":53,"column":4},"end":{"line":58,"column":5}},{"start":{},"end":{}}],"line":53},"12":{"loc":{"start":{"line":64,"column":23},"end":{"line":64,"column":53}},"type":"binary-expr","locations":[{"start":{"line":64,"column":23},"end":{"line":64,"column":48}},{"start":{"line":64,"column":52},"end":{"line":64,"column":53}}],"line":64},"13":{"loc":{"start":{"line":65,"column":20},"end":{"line":65,"column":47}},"type":"binary-expr","locations":[{"start":{"line":65,"column":20},"end":{"line":65,"column":42}},{"start":{"line":65,"column":46},"end":{"line":65,"column":47}}],"line":65},"14":{"loc":{"start":{"line":73,"column":20},"end":{"line":73,"column":49}},"type":"binary-expr","locations":[{"start":{"line":73,"column":20},"end":{"line":73,"column":44}},{"start":{"line":73,"column":48},"end":{"line":73,"column":49}}],"line":73},"15":{"loc":{"start":{"line":87,"column":4},"end":{"line":89,"column":5}},"type":"if","locations":[{"start":{"line":87,"column":4},"end":{"line":89,"column":5}},{"start":{},"end":{}}],"line":87},"16":{"loc":{"start":{"line":91,"column":4},"end":{"line":93,"column":5}},"type":"if","locations":[{"start":{"line":91,"column":4},"end":{"line":93,"column":5}},{"start":{},"end":{}}],"line":91},"17":{"loc":{"start":{"line":95,"column":4},"end":{"line":99,"column":5}},"type":"if","locations":[{"start":{"line":95,"column":4},"end":{"line":99,"column":5}},{"start":{"line":97,"column":11},"end":{"line":99,"column":5}}],"line":95},"18":{"loc":{"start":{"line":97,"column":11},"end":{"line":99,"column":5}},"type":"if","locations":[{"start":{"line":97,"column":11},"end":{"line":99,"column":5}},{"start":{},"end":{}}],"line":97},"19":{"loc":{"start":{"line":101,"column":4},"end":{"line":105,"column":5}},"type":"if","locations":[{"start":{"line":101,"column":4},"end":{"line":105,"column":5}},{"start":{"line":103,"column":11},"end":{"line":105,"column":5}}],"line":101},"20":{"loc":{"start":{"line":103,"column":11},"end":{"line":105,"column":5}},"type":"if","locations":[{"start":{"line":103,"column":11},"end":{"line":105,"column":5}},{"start":{},"end":{}}],"line":103},"21":{"loc":{"start":{"line":109,"column":6},"end":{"line":111,"column":7}},"type":"if","locations":[{"start":{"line":109,"column":6},"end":{"line":111,"column":7}},{"start":{},"end":{}}],"line":109},"22":{"loc":{"start":{"line":114,"column":6},"end":{"line":116,"column":7}},"type":"if","locations":[{"start":{"line":114,"column":6},"end":{"line":116,"column":7}},{"start":{},"end":{}}],"line":114},"23":{"loc":{"start":{"line":114,"column":10},"end":{"line":114,"column":42}},"type":"binary-expr","locations":[{"start":{"line":114,"column":10},"end":{"line":114,"column":25}},{"start":{"line":114,"column":29},"end":{"line":114,"column":42}}],"line":114},"24":{"loc":{"start":{"line":119,"column":6},"end":{"line":121,"column":7}},"type":"if","locations":[{"start":{"line":119,"column":6},"end":{"line":121,"column":7}},{"start":{},"end":{}}],"line":119},"25":{"loc":{"start":{"line":119,"column":10},"end":{"line":119,"column":35}},"type":"binary-expr","locations":[{"start":{"line":119,"column":10},"end":{"line":119,"column":22}},{"start":{"line":119,"column":26},"end":{"line":119,"column":35}}],"line":119},"26":{"loc":{"start":{"line":131,"column":4},"end":{"line":139,"column":5}},"type":"if","locations":[{"start":{"line":131,"column":4},"end":{"line":139,"column":5}},{"start":{},"end":{}}],"line":131},"27":{"loc":{"start":{"line":144,"column":11},"end":{"line":144,"column":58}},"type":"cond-expr","locations":[{"start":{"line":144,"column":21},"end":{"line":144,"column":35}},{"start":{"line":144,"column":38},"end":{"line":144,"column":58}}],"line":144},"28":{"loc":{"start":{"line":156,"column":11},"end":{"line":156,"column":86}},"type":"binary-expr","locations":[{"start":{"line":156,"column":11},"end":{"line":156,"column":31}},{"start":{"line":156,"column":35},"end":{"line":156,"column":86}}],"line":156},"29":{"loc":{"start":{"line":180,"column":9},"end":{"line":180,"column":82}},"type":"binary-expr","locations":[{"start":{"line":180,"column":9},"end":{"line":180,"column":28}},{"start":{"line":180,"column":32},"end":{"line":180,"column":82}}],"line":180},"30":{"loc":{"start":{"line":192,"column":9},"end":{"line":192,"column":84}},"type":"binary-expr","locations":[{"start":{"line":192,"column":9},"end":{"line":192,"column":29}},{"start":{"line":192,"column":33},"end":{"line":192,"column":84}}],"line":192},"31":{"loc":{"start":{"line":216,"column":11},"end":{"line":216,"column":74}},"type":"binary-expr","locations":[{"start":{"line":216,"column":11},"end":{"line":216,"column":25}},{"start":{"line":216,"column":29},"end":{"line":216,"column":74}}],"line":216},"32":{"loc":{"start":{"line":246,"column":17},"end":{"line":247,"column":84}},"type":"binary-expr","locations":[{"start":{"line":246,"column":17},"end":{"line":246,"column":52}},{"start":{"line":247,"column":18},"end":{"line":247,"column":84}}],"line":246},"33":{"loc":{"start":{"line":255,"column":71},"end":{"line":255,"column":100}},"type":"binary-expr","locations":[{"start":{"line":255,"column":71},"end":{"line":255,"column":95}},{"start":{"line":255,"column":99},"end":{"line":255,"column":100}}],"line":255},"34":{"loc":{"start":{"line":258,"column":17},"end":{"line":259,"column":81}},"type":"binary-expr","locations":[{"start":{"line":258,"column":17},"end":{"line":258,"column":49}},{"start":{"line":259,"column":18},"end":{"line":259,"column":81}}],"line":258},"35":{"loc":{"start":{"line":267,"column":68},"end":{"line":267,"column":99}},"type":"binary-expr","locations":[{"start":{"line":267,"column":68},"end":{"line":267,"column":94}},{"start":{"line":267,"column":98},"end":{"line":267,"column":99}}],"line":267},"36":{"loc":{"start":{"line":271,"column":17},"end":{"line":272,"column":78}},"type":"binary-expr","locations":[{"start":{"line":271,"column":17},"end":{"line":271,"column":46}},{"start":{"line":272,"column":18},"end":{"line":272,"column":78}}],"line":271},"37":{"loc":{"start":{"line":285,"column":25},"end":{"line":285,"column":55}},"type":"binary-expr","locations":[{"start":{"line":285,"column":25},"end":{"line":285,"column":50}},{"start":{"line":285,"column":54},"end":{"line":285,"column":55}}],"line":285},"38":{"loc":{"start":{"line":285,"column":60},"end":{"line":285,"column":87}},"type":"binary-expr","locations":[{"start":{"line":285,"column":60},"end":{"line":285,"column":82}},{"start":{"line":285,"column":86},"end":{"line":285,"column":87}}],"line":285},"39":{"loc":{"start":{"line":314,"column":11},"end":{"line":314,"column":56}},"type":"cond-expr","locations":[{"start":{"line":314,"column":21},"end":{"line":314,"column":37}},{"start":{"line":314,"column":40},"end":{"line":314,"column":56}}],"line":314}},"s":{"0":3,"1":96,"2":96,"3":96,"4":53,"5":53,"6":53,"7":53,"8":0,"9":0,"10":96,"11":19,"12":19,"13":19,"14":19,"15":96,"16":1,"17":1,"18":96,"19":1,"20":1,"21":1,"22":2,"23":96,"24":384,"25":388,"26":388,"27":388,"28":96,"29":192,"30":192,"31":192,"32":96,"33":96,"34":96,"35":96,"36":96,"37":8,"38":8,"39":5,"40":8,"41":5,"42":8,"43":4,"44":4,"45":1,"46":8,"47":4,"48":4,"49":4,"50":8,"51":8,"52":6,"53":8,"54":8,"55":3,"56":8,"57":8,"58":1,"59":8,"60":8,"61":96,"62":8,"63":8,"64":0,"65":0,"66":96,"67":97,"68":0,"69":8,"70":11,"71":1},"f":{"0":96,"1":53,"2":53,"3":0,"4":19,"5":19,"6":19,"7":1,"8":1,"9":1,"10":1,"11":2,"12":384,"13":388,"14":192,"15":96,"16":8,"17":8,"18":8,"19":97,"20":0,"21":8,"22":11,"23":1},"b":{"0":[96,92],"1":[96,92],"2":[96,92],"3":[96,96],"4":[96,96],"5":[96,92],"6":[96,92],"7":[96,96],"8":[96,96],"9":[0,53],"10":[19,0],"11":[1,0],"12":[388,40],"13":[388,344],"14":[192,0],"15":[5,3],"16":[5,3],"17":[4,4],"18":[1,3],"19":[4,4],"20":[4,0],"21":[6,2],"22":[3,5],"23":[8,8],"24":[1,7],"25":[8,8],"26":[0,8],"27":[4,92],"28":[96,5],"29":[96,5],"30":[96,5],"31":[96,8],"32":[97,6],"33":[8,5],"34":[97,3],"35":[11,4],"36":[97,1],"37":[97,10],"38":[97,86],"39":[4,92]},"_coverageSchema":"1a1c01bbd47fc00a2c39e90264f33305004495a9","hash":"bf29772fcc4b0f941eb768265e38916c857bee7b"}
,"/workspace/src/components/InvoiceList.js": {"path":"/workspace/src/components/InvoiceList.js","statementMap":{"0":{"start":{"line":4,"column":20},"end":{"line":204,"column":1}},"1":{"start":{"line":5,"column":30},"end":{"line":5,"column":51}},"2":{"start":{"line":6,"column":36},"end":{"line":6,"column":52}},"3":{"start":{"line":7,"column":42},"end":{"line":7,"column":57}},"4":{"start":{"line":9,"column":21},"end":{"line":16,"column":3}},"5":{"start":{"line":10,"column":4},"end":{"line":15,"column":5}},"6":{"start":{"line":11,"column":6},"end":{"line":11,"column":57}},"7":{"start":{"line":13,"column":6},"end":{"line":13,"column":23}},"8":{"start":{"line":14,"column":6},"end":{"line":14,"column":26}},"9":{"start":{"line":18,"column":36},"end":{"line":42,"column":6}},"10":{"start":{"line":20,"column":6},"end":{"line":20,"column":46}},"11":{"start":{"line":20,"column":34},"end":{"line":20,"column":46}},"12":{"start":{"line":21,"column":6},"end":{"line":21,"column":45}},"13":{"start":{"line":24,"column":19},"end":{"line":24,"column":28}},"14":{"start":{"line":25,"column":19},"end":{"line":25,"column":28}},"15":{"start":{"line":27,"column":6},"end":{"line":30,"column":7}},"16":{"start":{"line":28,"column":8},"end":{"line":28,"column":41}},"17":{"start":{"line":29,"column":8},"end":{"line":29,"column":41}},"18":{"start":{"line":32,"column":6},"end":{"line":35,"column":7}},"19":{"start":{"line":33,"column":8},"end":{"line":33,"column":34}},"20":{"start":{"line":34,"column":8},"end":{"line":34,"column":34}},"21":{"start":{"line":37,"column":6},"end":{"line":41,"column":7}},"22":{"start":{"line":38,"column":8},"end":{"line":38,"column":40}},"23":{"start":{"line":40,"column":8},"end":{"line":40,"column":40}},"24":{"start":{"line":44,"column":25},"end":{"line":52,"column":3}},"25":{"start":{"line":45,"column":4},"end":{"line":51,"column":5}},"26":{"start":{"line":46,"column":20},"end":{"line":46,"column":37}},"27":{"start":{"line":47,"column":19},"end":{"line":47,"column":36}},"28":{"start":{"line":48,"column":19},"end":{"line":48,"column":36}},"29":{"start":{"line":49,"column":22},"end":{"line":49,"column":39}},"30":{"start":{"line":50,"column":15},"end":{"line":50,"column":32}},"31":{"start":{"line":54,"column":21},"end":{"line":66,"column":3}},"32":{"start":{"line":55,"column":4},"end":{"line":65,"column":5}},"33":{"start":{"line":56,"column":19},"end":{"line":56,"column":39}},"34":{"start":{"line":57,"column":6},"end":{"line":60,"column":7}},"35":{"start":{"line":59,"column":8},"end":{"line":59,"column":30}},"36":{"start":{"line":61,"column":6},"end":{"line":61,"column":42}},"37":{"start":{"line":64,"column":6},"end":{"line":64,"column":28}},"38":{"start":{"line":68,"column":23},"end":{"line":73,"column":3}},"39":{"start":{"line":69,"column":4},"end":{"line":69,"column":24}},"40":{"start":{"line":70,"column":4},"end":{"line":72,"column":5}},"41":{"start":{"line":71,"column":6},"end":{"line":71,"column":19}},"42":{"start":{"line":75,"column":2},"end":{"line":203,"column":4}},"43":{"start":{"line":86,"column":31},"end":{"line":86,"column":62}},"44":{"start":{"line":110,"column":33},"end":{"line":110,"column":60}},"45":{"start":{"line":116,"column":33},"end":{"line":116,"column":59}},"46":{"start":{"line":122,"column":33},"end":{"line":122,"column":56}},"47":{"start":{"line":128,"column":33},"end":{"line":128,"column":54}},"48":{"start":{"line":134,"column":33},"end":{"line":134,"column":52}},"49":{"start":{"line":148,"column":16},"end":{"line":196,"column":21}},"50":{"start":{"line":155,"column":33},"end":{"line":155,"column":50}},"51":{"start":{"line":191,"column":38},"end":{"line":191,"column":65}}},"fnMap":{"0":{"name":"(anonymous_0)","decl":{"start":{"line":4,"column":20},"end":{"line":4,"column":21}},"loc":{"start":{"line":4,"column":58},"end":{"line":204,"column":1}},"line":4},"1":{"name":"(anonymous_1)","decl":{"start":{"line":9,"column":21},"end":{"line":9,"column":22}},"loc":{"start":{"line":9,"column":32},"end":{"line":16,"column":3}},"line":9},"2":{"name":"(anonymous_2)","decl":{"start":{"line":19,"column":12},"end":{"line":19,"column":13}},"loc":{"start":{"line":19,"column":23},"end":{"line":22,"column":5}},"line":19},"3":{"name":"(anonymous_3)","decl":{"start":{"line":23,"column":10},"end":{"line":23,"column":11}},"loc":{"start":{"line":23,"column":20},"end":{"line":42,"column":5}},"line":23},"4":{"name":"(anonymous_4)","decl":{"start":{"line":44,"column":25},"end":{"line":44,"column":26}},"loc":{"start":{"line":44,"column":37},"end":{"line":52,"column":3}},"line":44},"5":{"name":"(anonymous_5)","decl":{"start":{"line":54,"column":21},"end":{"line":54,"column":22}},"loc":{"start":{"line":54,"column":37},"end":{"line":66,"column":3}},"line":54},"6":{"name":"(anonymous_6)","decl":{"start":{"line":68,"column":23},"end":{"line":68,"column":24}},"loc":{"start":{"line":68,"column":34},"end":{"line":73,"column":3}},"line":68},"7":{"name":"(anonymous_7)","decl":{"start":{"line":86,"column":24},"end":{"line":86,"column":25}},"loc":{"start":{"line":86,"column":31},"end":{"line":86,"column":62}},"line":86},"8":{"name":"(anonymous_8)","decl":{"start":{"line":110,"column":27},"end":{"line":110,"column":28}},"loc":{"start":{"line":110,"column":33},"end":{"line":110,"column":60}},"line":110},"9":{"name":"(anonymous_9)","decl":{"start":{"line":116,"column":27},"end":{"line":116,"column":28}},"loc":{"start":{"line":116,"column":33},"end":{"line":116,"column":59}},"line":116},"10":{"name":"(anonymous_10)","decl":{"start":{"line":122,"column":27},"end":{"line":122,"column":28}},"loc":{"start":{"line":122,"column":33},"end":{"line":122,"column":56}},"line":122},"11":{"name":"(anonymous_11)","decl":{"start":{"line":128,"column":27},"end":{"line":128,"column":28}},"loc":{"start":{"line":128,"column":33},"end":{"line":128,"column":54}},"line":128},"12":{"name":"(anonymous_12)","decl":{"start":{"line":134,"column":27},"end":{"line":134,"column":28}},"loc":{"start":{"line":134,"column":33},"end":{"line":134,"column":52}},"line":134},"13":{"name":"(anonymous_13)","decl":{"start":{"line":147,"column":45},"end":{"line":147,"column":46}},"loc":{"start":{"line":148,"column":16},"end":{"line":196,"column":21}},"line":148},"14":{"name":"(anonymous_14)","decl":{"start":{"line":155,"column":27},"end":{"line":155,"column":28}},"loc":{"start":{"line":155,"column":33},"end":{"line":155,"column":50}},"line":155},"15":{"name":"(anonymous_15)","decl":{"start":{"line":191,"column":31},"end":{"line":191,"column":32}},"loc":{"start":{"line":191,"column":38},"end":{"line":191,"column":65}},"line":191}},"branchMap":{"0":{"loc":{"start":{"line":10,"column":4},"end":{"line":15,"column":5}},"type":"if","locations":[{"start":{"line":10,"column":4},"end":{"line":15,"column":5}},{"start":{"line":12,"column":11},"end":{"line":15,"column":5}}],"line":10},"1":{"loc":{"start":{"line":11,"column":19},"end":{"line":11,"column":55}},"type":"cond-expr","locations":[{"start":{"line":11,"column":41},"end":{"line":11,"column":47}},{"start":{"line":11,"column":50},"end":{"line":11,"column":55}}],"line":11},"2":{"loc":{"start":{"line":20,"column":6},"end":{"line":20,"column":46}},"type":"if","locations":[{"start":{"line":20,"column":6},"end":{"line":20,"column":46}},{"start":{},"end":{}}],"line":20},"3":{"loc":{"start":{"line":27,"column":6},"end":{"line":30,"column":7}},"type":"if","locations":[{"start":{"line":27,"column":6},"end":{"line":30,"column":7}},{"start":{},"end":{}}],"line":27},"4":{"loc":{"start":{"line":28,"column":17},"end":{"line":28,"column":40}},"type":"binary-expr","locations":[{"start":{"line":28,"column":17},"end":{"line":28,"column":35}},{"start":{"line":28,"column":39},"end":{"line":28,"column":40}}],"line":28},"5":{"loc":{"start":{"line":29,"column":17},"end":{"line":29,"column":40}},"type":"binary-expr","locations":[{"start":{"line":29,"column":17},"end":{"line":29,"column":35}},{"start":{"line":29,"column":39},"end":{"line":29,"column":40}}],"line":29},"6":{"loc":{"start":{"line":32,"column":6},"end":{"line":35,"column":7}},"type":"if","locations":[{"start":{"line":32,"column":6},"end":{"line":35,"column":7}},{"start":{},"end":{}}],"line":32},"7":{"loc":{"start":{"line":32,"column":10},"end":{"line":32,"column":56}},"type":"binary-expr","locations":[{"start":{"line":32,"column":10},"end":{"line":32,"column":32}},{"start":{"line":32,"column":36},"end":{"line":32,"column":56}}],"line":32},"8":{"loc":{"start":{"line":37,"column":6},"end":{"line":41,"column":7}},"type":"if","locations":[{"start":{"line":37,"column":6},"end":{"line":41,"column":7}},{"start":{"line":39,"column":13},"end":{"line":41,"column":7}}],"line":37},"9":{"loc":{"start":{"line":38,"column":15},"end":{"line":38,"column":39}},"type":"cond-expr","locations":[{"start":{"line":38,"column":33},"end":{"line":38,"column":34}},{"start":{"line":38,"column":37},"end":{"line":38,"column":39}}],"line":38},"10":{"loc":{"start":{"line":40,"column":15},"end":{"line":40,"column":39}},"type":"cond-expr","locations":[{"start":{"line":40,"column":33},"end":{"line":40,"column":34}},{"start":{"line":40,"column":37},"end":{"line":40,"column":39}}],"line":40},"11":{"loc":{"start":{"line":45,"column":4},"end":{"line":51,"column":5}},"type":"switch","locations":[{"start":{"line":46,"column":6},"end":{"line":46,"column":37}},{"start":{"line":47,"column":6},"end":{"line":47,"column":36}},{"start":{"line":48,"column":6},"end":{"line":48,"column":36}},{"start":{"line":49,"column":6},"end":{"line":49,"column":39}},{"start":{"line":50,"column":6},"end":{"line":50,"column":32}}],"line":45},"12":{"loc":{"start":{"line":57,"column":6},"end":{"line":60,"column":7}},"type":"if","locations":[{"start":{"line":57,"column":6},"end":{"line":60,"column":7}},{"start":{},"end":{}}],"line":57},"13":{"loc":{"start":{"line":70,"column":4},"end":{"line":72,"column":5}},"type":"if","locations":[{"start":{"line":70,"column":4},"end":{"line":72,"column":5}},{"start":{},"end":{}}],"line":70},"14":{"loc":{"start":{"line":99,"column":7},"end":{"line":201,"column":7}},"type":"cond-expr","locations":[{"start":{"line":100,"column":8},"end":{"line":102,"column":14}},{"start":{"line":104,"column":8},"end":{"line":200,"column":14}}],"line":99},"15":{"loc":{"start":{"line":101,"column":11},"end":{"line":101,"column":103}},"type":"cond-expr","locations":[{"start":{"line":101,"column":35},"end":{"line":101,"column":61}},{"start":{"line":101,"column":64},"end":{"line":101,"column":103}}],"line":101},"16":{"loc":{"start":{"line":112,"column":29},"end":{"line":112,"column":92}},"type":"binary-expr","locations":[{"start":{"line":112,"column":29},"end":{"line":112,"column":55}},{"start":{"line":112,"column":60},"end":{"line":112,"column":91}}],"line":112},"17":{"loc":{"start":{"line":112,"column":60},"end":{"line":112,"column":91}},"type":"cond-expr","locations":[{"start":{"line":112,"column":82},"end":{"line":112,"column":85}},{"start":{"line":112,"column":88},"end":{"line":112,"column":91}}],"line":112},"18":{"loc":{"start":{"line":118,"column":28},"end":{"line":118,"column":90}},"type":"binary-expr","locations":[{"start":{"line":118,"column":28},"end":{"line":118,"column":53}},{"start":{"line":118,"column":58},"end":{"line":118,"column":89}}],"line":118},"19":{"loc":{"start":{"line":118,"column":58},"end":{"line":118,"column":89}},"type":"cond-expr","locations":[{"start":{"line":118,"column":80},"end":{"line":118,"column":83}},{"start":{"line":118,"column":86},"end":{"line":118,"column":89}}],"line":118},"20":{"loc":{"start":{"line":124,"column":27},"end":{"line":124,"column":86}},"type":"binary-expr","locations":[{"start":{"line":124,"column":27},"end":{"line":124,"column":49}},{"start":{"line":124,"column":54},"end":{"line":124,"column":85}}],"line":124},"21":{"loc":{"start":{"line":124,"column":54},"end":{"line":124,"column":85}},"type":"cond-expr","locations":[{"start":{"line":124,"column":76},"end":{"line":124,"column":79}},{"start":{"line":124,"column":82},"end":{"line":124,"column":85}}],"line":124},"22":{"loc":{"start":{"line":130,"column":28},"end":{"line":130,"column":85}},"type":"binary-expr","locations":[{"start":{"line":130,"column":28},"end":{"line":130,"column":48}},{"start":{"line":130,"column":53},"end":{"line":130,"column":84}}],"line":130},"23":{"loc":{"start":{"line":130,"column":53},"end":{"line":130,"column":84}},"type":"cond-expr","locations":[{"start":{"line":130,"column":75},"end":{"line":130,"column":78}},{"start":{"line":130,"column":81},"end":{"line":130,"column":84}}],"line":130},"24":{"loc":{"start":{"line":136,"column":25},"end":{"line":136,"column":80}},"type":"binary-expr","locations":[{"start":{"line":136,"column":25},"end":{"line":136,"column":43}},{"start":{"line":136,"column":48},"end":{"line":136,"column":79}}],"line":136},"25":{"loc":{"start":{"line":136,"column":48},"end":{"line":136,"column":79}},"type":"cond-expr","locations":[{"start":{"line":136,"column":70},"end":{"line":136,"column":73}},{"start":{"line":136,"column":76},"end":{"line":136,"column":79}}],"line":136},"26":{"loc":{"start":{"line":170,"column":22},"end":{"line":170,"column":57}},"type":"binary-expr","locations":[{"start":{"line":170,"column":22},"end":{"line":170,"column":47}},{"start":{"line":170,"column":51},"end":{"line":170,"column":57}}],"line":170}},"s":{"0":2,"1":24,"2":24,"3":24,"4":24,"5":2,"6":0,"7":2,"8":2,"9":24,"10":40,"11":34,"12":6,"13":24,"14":24,"15":24,"16":4,"17":4,"18":24,"19":18,"20":18,"21":24,"22":6,"23":18,"24":24,"25":35,"26":12,"27":11,"28":12,"29":0,"30":0,"31":24,"32":70,"33":70,"34":70,"35":2,"36":68,"37":0,"38":24,"39":2,"40":2,"41":1,"42":24,"43":2,"44":0,"45":1,"46":0,"47":0,"48":1,"49":35,"50":1,"51":2},"f":{"0":24,"1":2,"2":40,"3":24,"4":35,"5":70,"6":2,"7":2,"8":0,"9":1,"10":0,"11":0,"12":1,"13":35,"14":1,"15":2},"b":{"0":[0,2],"1":[0,0],"2":[34,6],"3":[4,20],"4":[4,0],"5":[4,0],"6":[18,6],"7":[24,6],"8":[6,18],"9":[1,5],"10":[0,18],"11":[12,11,12,0,0],"12":[2,68],"13":[1,1],"14":[11,13],"15":[10,1],"16":[13,0],"17":[0,0],"18":[13,1],"19":[1,0],"20":[13,11],"21":[0,11],"22":[13,0],"23":[0,0],"24":[13,1],"25":[1,0],"26":[35,0]},"_coverageSchema":"1a1c01bbd47fc00a2c39e90264f33305004495a9","hash":"b1183b78f062755bcfdf98a44370eeef2849995e"}
}
