TN:
SF:src/App.js
FN:6,App
FN:12,(anonymous_1)
FN:20,(anonymous_2)
FN:24,(anonymous_3)
FN:35,(anonymous_4)
FN:36,(anonymous_5)
FN:42,(anonymous_6)
FN:43,(anonymous_7)
FN:50,(anonymous_8)
FN:67,(anonymous_9)
FN:73,(anonymous_10)
FN:82,(anonymous_11)
FN:97,(anonymous_12)
FN:98,(anonymous_13)
FNF:14
FNH:4
FNDA:12,App
FNDA:5,(anonymous_1)
FNDA:9,(anonymous_2)
FNDA:0,(anonymous_3)
FNDA:0,(anonymous_4)
FNDA:0,(anonymous_5)
FNDA:0,(anonymous_6)
FNDA:0,(anonymous_7)
FNDA:0,(anonymous_8)
FNDA:2,(anonymous_9)
FNDA:0,(anonymous_10)
FNDA:0,(anonymous_11)
FNDA:0,(anonymous_12)
FNDA:0,(anonymous_13)
DA:7,12
DA:8,11
DA:9,11
DA:12,11
DA:13,5
DA:14,5
DA:15,4
DA:20,11
DA:21,9
DA:24,11
DA:25,0
DA:31,0
DA:32,0
DA:35,11
DA:36,0
DA:37,0
DA:39,0
DA:42,11
DA:43,0
DA:44,0
DA:45,0
DA:46,0
DA:50,11
DA:51,0
DA:52,0
DA:55,11
DA:67,2
DA:73,0
DA:82,0
DA:97,0
DA:98,0
LF:31
LH:15
BRDA:14,0,0,4
BRDA:14,0,1,1
BRDA:37,1,0,0
BRDA:37,1,1,0
BRDA:44,2,0,0
BRDA:44,2,1,0
BRDA:44,3,0,0
BRDA:44,3,1,0
BRDA:79,4,0,11
BRDA:79,4,1,2
BRDA:86,5,0,11
BRDA:86,5,1,9
BRDA:94,6,0,11
BRDA:94,6,1,0
BRDA:94,6,2,0
BRF:15
BRH:7
end_of_record
TN:
SF:src/index.js
FNF:0
FNH:0
DA:6,0
DA:7,0
LF:2
LH:0
BRF:0
BRH:0
end_of_record
TN:
SF:src/components/InvoiceDetails.js
FN:5,(anonymous_0)
FN:9,(anonymous_1)
FN:17,(anonymous_2)
FN:22,(anonymous_3)
FN:27,(anonymous_4)
FN:31,(anonymous_5)
FN:43,(anonymous_6)
FN:55,(anonymous_7)
FN:102,(anonymous_8)
FN:129,(anonymous_9)
FNF:10
FNH:0
FNDA:0,(anonymous_0)
FNDA:0,(anonymous_1)
FNDA:0,(anonymous_2)
FNDA:0,(anonymous_3)
FNDA:0,(anonymous_4)
FNDA:0,(anonymous_5)
FNDA:0,(anonymous_6)
FNDA:0,(anonymous_7)
FNDA:0,(anonymous_8)
FNDA:0,(anonymous_9)
DA:5,1
DA:6,0
DA:7,0
DA:9,0
DA:10,0
DA:11,0
DA:13,0
DA:17,0
DA:18,0
DA:19,0
DA:22,0
DA:23,0
DA:24,0
DA:27,0
DA:28,0
DA:31,0
DA:33,0
DA:34,0
DA:35,0
DA:38,0
DA:39,0
DA:43,0
DA:48,0
DA:55,0
DA:102,0
DA:130,0
LF:26
LH:1
BRDA:33,0,0,0
BRDA:33,0,1,0
BRDA:34,1,0,0
BRDA:34,1,1,0
BRDA:38,2,0,0
BRDA:38,2,1,0
BRDA:83,3,0,0
BRDA:83,3,1,0
BRDA:130,4,0,0
BRDA:130,4,1,0
BRDA:143,5,0,0
BRDA:143,5,1,0
BRDA:146,6,0,0
BRDA:146,6,1,0
BRDA:152,7,0,0
BRDA:152,7,1,0
BRDA:157,8,0,0
BRDA:157,8,1,0
BRF:18
BRH:0
end_of_record
TN:
SF:src/components/InvoiceForm.js
FN:4,(anonymous_0)
FN:19,(anonymous_1)
FN:21,(anonymous_2)
FN:28,(anonymous_3)
FN:35,(anonymous_4)
FN:36,(anonymous_5)
FN:39,(anonymous_6)
FN:45,(anonymous_7)
FN:46,(anonymous_8)
FN:52,(anonymous_9)
FN:54,(anonymous_10)
FN:56,(anonymous_11)
FN:61,(anonymous_12)
FN:62,(anonymous_13)
FN:70,(anonymous_14)
FN:77,(anonymous_15)
FN:84,(anonymous_16)
FN:108,(anonymous_17)
FN:128,(anonymous_18)
FN:236,(anonymous_19)
FN:244,(anonymous_20)
FN:255,(anonymous_21)
FN:267,(anonymous_22)
FN:278,(anonymous_23)
FNF:24
FNH:22
FNDA:96,(anonymous_0)
FNDA:53,(anonymous_1)
FNDA:53,(anonymous_2)
FNDA:0,(anonymous_3)
FNDA:19,(anonymous_4)
FNDA:19,(anonymous_5)
FNDA:19,(anonymous_6)
FNDA:1,(anonymous_7)
FNDA:1,(anonymous_8)
FNDA:1,(anonymous_9)
FNDA:1,(anonymous_10)
FNDA:2,(anonymous_11)
FNDA:384,(anonymous_12)
FNDA:388,(anonymous_13)
FNDA:192,(anonymous_14)
FNDA:96,(anonymous_15)
FNDA:8,(anonymous_16)
FNDA:8,(anonymous_17)
FNDA:8,(anonymous_18)
FNDA:97,(anonymous_19)
FNDA:0,(anonymous_20)
FNDA:8,(anonymous_21)
FNDA:11,(anonymous_22)
FNDA:1,(anonymous_23)
DA:4,3
DA:5,96
DA:17,96
DA:19,96
DA:20,53
DA:21,53
DA:27,53
DA:28,0
DA:35,96
DA:36,19
DA:37,19
DA:39,19
DA:45,96
DA:46,1
DA:52,96
DA:53,1
DA:54,1
DA:56,2
DA:61,96
DA:62,384
DA:64,388
DA:65,388
DA:66,388
DA:70,96
DA:71,192
DA:73,192
DA:74,192
DA:77,96
DA:78,96
DA:79,96
DA:81,96
DA:84,96
DA:85,8
DA:87,8
DA:88,5
DA:91,8
DA:92,5
DA:95,8
DA:96,4
DA:97,4
DA:98,1
DA:101,8
DA:102,4
DA:103,4
DA:104,4
DA:108,8
DA:109,8
DA:110,6
DA:113,8
DA:114,8
DA:115,3
DA:118,8
DA:119,8
DA:120,1
DA:124,8
DA:125,8
DA:128,96
DA:129,8
DA:131,8
DA:132,0
DA:138,0
DA:142,96
DA:237,97
DA:244,0
DA:255,8
DA:267,11
DA:278,1
LF:67
LH:63
BRDA:6,0,0,96
BRDA:6,0,1,92
BRDA:7,1,0,96
BRDA:7,1,1,92
BRDA:8,2,0,96
BRDA:8,2,1,92
BRDA:9,3,0,96
BRDA:9,3,1,96
BRDA:10,4,0,96
BRDA:10,4,1,96
BRDA:11,5,0,96
BRDA:11,5,1,92
BRDA:12,6,0,96
BRDA:12,6,1,92
BRDA:13,7,0,96
BRDA:13,7,1,96
BRDA:14,8,0,96
BRDA:14,8,1,96
BRDA:27,9,0,0
BRDA:27,9,1,53
BRDA:37,10,0,19
BRDA:37,10,1,0
BRDA:53,11,0,1
BRDA:53,11,1,0
BRDA:64,12,0,388
BRDA:64,12,1,40
BRDA:65,13,0,388
BRDA:65,13,1,344
BRDA:73,14,0,192
BRDA:73,14,1,0
BRDA:87,15,0,5
BRDA:87,15,1,3
BRDA:91,16,0,5
BRDA:91,16,1,3
BRDA:95,17,0,4
BRDA:95,17,1,4
BRDA:97,18,0,1
BRDA:97,18,1,3
BRDA:101,19,0,4
BRDA:101,19,1,4
BRDA:103,20,0,4
BRDA:103,20,1,0
BRDA:109,21,0,6
BRDA:109,21,1,2
BRDA:114,22,0,3
BRDA:114,22,1,5
BRDA:114,23,0,8
BRDA:114,23,1,8
BRDA:119,24,0,1
BRDA:119,24,1,7
BRDA:119,25,0,8
BRDA:119,25,1,8
BRDA:131,26,0,0
BRDA:131,26,1,8
BRDA:144,27,0,4
BRDA:144,27,1,92
BRDA:156,28,0,96
BRDA:156,28,1,5
BRDA:180,29,0,96
BRDA:180,29,1,5
BRDA:192,30,0,96
BRDA:192,30,1,5
BRDA:216,31,0,96
BRDA:216,31,1,8
BRDA:246,32,0,97
BRDA:246,32,1,6
BRDA:255,33,0,8
BRDA:255,33,1,5
BRDA:258,34,0,97
BRDA:258,34,1,3
BRDA:267,35,0,11
BRDA:267,35,1,4
BRDA:271,36,0,97
BRDA:271,36,1,1
BRDA:285,37,0,97
BRDA:285,37,1,10
BRDA:285,38,0,97
BRDA:285,38,1,86
BRDA:314,39,0,4
BRDA:314,39,1,92
BRF:80
BRH:74
end_of_record
TN:
SF:src/components/InvoiceList.js
FN:4,(anonymous_0)
FN:9,(anonymous_1)
FN:19,(anonymous_2)
FN:23,(anonymous_3)
FN:44,(anonymous_4)
FN:54,(anonymous_5)
FN:68,(anonymous_6)
FN:86,(anonymous_7)
FN:110,(anonymous_8)
FN:116,(anonymous_9)
FN:122,(anonymous_10)
FN:128,(anonymous_11)
FN:134,(anonymous_12)
FN:147,(anonymous_13)
FN:155,(anonymous_14)
FN:191,(anonymous_15)
FNF:16
FNH:13
FNDA:24,(anonymous_0)
FNDA:2,(anonymous_1)
FNDA:40,(anonymous_2)
FNDA:24,(anonymous_3)
FNDA:35,(anonymous_4)
FNDA:70,(anonymous_5)
FNDA:2,(anonymous_6)
FNDA:2,(anonymous_7)
FNDA:0,(anonymous_8)
FNDA:1,(anonymous_9)
FNDA:0,(anonymous_10)
FNDA:0,(anonymous_11)
FNDA:1,(anonymous_12)
FNDA:35,(anonymous_13)
FNDA:1,(anonymous_14)
FNDA:2,(anonymous_15)
DA:4,2
DA:5,24
DA:6,24
DA:7,24
DA:9,24
DA:10,2
DA:11,0
DA:13,2
DA:14,2
DA:18,24
DA:20,40
DA:21,6
DA:24,24
DA:25,24
DA:27,24
DA:28,4
DA:29,4
DA:32,24
DA:33,18
DA:34,18
DA:37,24
DA:38,6
DA:40,18
DA:44,24
DA:45,35
DA:46,12
DA:47,11
DA:48,12
DA:49,0
DA:50,0
DA:54,24
DA:55,70
DA:56,70
DA:57,70
DA:59,2
DA:61,68
DA:64,0
DA:68,24
DA:69,2
DA:70,2
DA:71,1
DA:75,24
DA:86,2
DA:110,0
DA:116,1
DA:122,0
DA:128,0
DA:134,1
DA:148,35
DA:155,1
DA:191,2
LF:51
LH:44
BRDA:10,0,0,0
BRDA:10,0,1,2
BRDA:11,1,0,0
BRDA:11,1,1,0
BRDA:20,2,0,34
BRDA:20,2,1,6
BRDA:27,3,0,4
BRDA:27,3,1,20
BRDA:28,4,0,4
BRDA:28,4,1,0
BRDA:29,5,0,4
BRDA:29,5,1,0
BRDA:32,6,0,18
BRDA:32,6,1,6
BRDA:32,7,0,24
BRDA:32,7,1,6
BRDA:37,8,0,6
BRDA:37,8,1,18
BRDA:38,9,0,1
BRDA:38,9,1,5
BRDA:40,10,0,0
BRDA:40,10,1,18
BRDA:45,11,0,12
BRDA:45,11,1,11
BRDA:45,11,2,12
BRDA:45,11,3,0
BRDA:45,11,4,0
BRDA:57,12,0,2
BRDA:57,12,1,68
BRDA:70,13,0,1
BRDA:70,13,1,1
BRDA:99,14,0,11
BRDA:99,14,1,13
BRDA:101,15,0,10
BRDA:101,15,1,1
BRDA:112,16,0,13
BRDA:112,16,1,0
BRDA:112,17,0,0
BRDA:112,17,1,0
BRDA:118,18,0,13
BRDA:118,18,1,1
BRDA:118,19,0,1
BRDA:118,19,1,0
BRDA:124,20,0,13
BRDA:124,20,1,11
BRDA:124,21,0,0
BRDA:124,21,1,11
BRDA:130,22,0,13
BRDA:130,22,1,0
BRDA:130,23,0,0
BRDA:130,23,1,0
BRDA:136,24,0,13
BRDA:136,24,1,1
BRDA:136,25,0,1
BRDA:136,25,1,0
BRDA:170,26,0,35
BRDA:170,26,1,0
BRF:57
BRH:39
end_of_record
