TN:
SF:src/App.js
FN:11,App
FN:30,(anonymous_1)
FN:37,(anonymous_2)
FN:48,(anonymous_3)
FN:52,(anonymous_4)
FN:65,(anonymous_5)
FN:69,(anonymous_6)
FN:74,(anonymous_7)
FN:78,(anonymous_8)
FN:87,(anonymous_9)
FN:137,(anonymous_10)
FN:144,(anonymous_11)
FN:182,(anonymous_12)
FN:197,(anonymous_13)
FN:198,(anonymous_14)
FNF:15
FNH:1
FNDA:21,App
FNDA:0,(anonymous_1)
FNDA:0,(anonymous_2)
FNDA:0,(anonymous_3)
FNDA:0,(anonymous_4)
FNDA:0,(anonymous_5)
FNDA:0,(anonymous_6)
FNDA:0,(anonymous_7)
FNDA:0,(anonymous_8)
FNDA:0,(anonymous_9)
FNDA:0,(anonymous_10)
FNDA:0,(anonymous_11)
FNDA:0,(anonymous_12)
FNDA:0,(anonymous_13)
FNDA:0,(anonymous_14)
DA:12,21
DA:13,20
DA:14,20
DA:15,20
DA:17,20
DA:28,0
DA:30,0
DA:31,0
DA:32,0
DA:33,0
DA:37,0
DA:38,0
DA:39,0
DA:40,0
DA:42,0
DA:43,0
DA:48,0
DA:49,0
DA:52,0
DA:53,0
DA:54,0
DA:55,0
DA:56,0
DA:57,0
DA:58,0
DA:62,0
DA:65,0
DA:66,0
DA:69,0
DA:70,0
DA:71,0
DA:74,0
DA:75,0
DA:78,0
DA:79,0
DA:80,0
DA:81,0
DA:83,0
DA:87,0
DA:88,0
DA:91,0
DA:92,0
DA:95,0
DA:137,0
DA:144,0
DA:182,0
DA:197,0
DA:198,0
LF:48
LH:5
BRDA:32,0,0,0
BRDA:32,0,1,0
BRDA:39,1,0,0
BRDA:39,1,1,0
BRDA:42,2,0,0
BRDA:42,2,1,0
BRDA:42,3,0,0
BRDA:42,3,1,0
BRDA:53,4,0,0
BRDA:53,4,1,0
BRDA:55,5,0,0
BRDA:55,5,1,0
BRDA:56,6,0,0
BRDA:56,6,1,0
BRDA:56,7,0,0
BRDA:56,7,1,0
BRDA:80,8,0,0
BRDA:80,8,1,0
BRDA:91,9,0,0
BRDA:91,9,1,0
BRDA:91,10,0,0
BRDA:91,10,1,0
BRDA:105,11,0,0
BRDA:105,11,1,0
BRDA:152,12,0,0
BRDA:152,12,1,0
BRDA:173,13,0,0
BRDA:173,13,1,0
BRDA:173,13,2,0
BRDA:179,14,0,0
BRDA:179,14,1,0
BRDA:186,15,0,0
BRDA:186,15,1,0
BRDA:194,16,0,0
BRDA:194,16,1,0
BRDA:194,16,2,0
BRF:36
BRH:0
end_of_record
TN:
SF:src/index.js
FNF:0
FNH:0
DA:7,0
DA:8,0
LF:2
LH:0
BRF:0
BRH:0
end_of_record
TN:
SF:src/components/ConfirmationModal.js
FN:3,(anonymous_0)
FN:13,(anonymous_1)
FN:14,(anonymous_2)
FN:25,(anonymous_3)
FN:33,(anonymous_4)
FN:138,(anonymous_5)
FN:168,(anonymous_6)
FN:178,(anonymous_7)
FN:179,(anonymous_8)
FN:186,(anonymous_9)
FN:187,(anonymous_10)
FNF:11
FNH:0
FNDA:0,(anonymous_0)
FNDA:0,(anonymous_1)
FNDA:0,(anonymous_2)
FNDA:0,(anonymous_3)
FNDA:0,(anonymous_4)
FNDA:0,(anonymous_5)
FNDA:0,(anonymous_6)
FNDA:0,(anonymous_7)
FNDA:0,(anonymous_8)
FNDA:0,(anonymous_9)
FNDA:0,(anonymous_10)
DA:3,1
DA:13,0
DA:14,0
DA:15,0
DA:16,0
DA:20,0
DA:21,0
DA:22,0
DA:25,0
DA:26,0
DA:27,0
DA:31,0
DA:33,0
DA:34,0
DA:51,0
DA:54,0
DA:56,0
DA:69,0
DA:79,0
DA:92,0
DA:100,0
DA:108,0
DA:114,0
DA:126,0
DA:138,0
DA:139,0
DA:141,0
DA:143,0
DA:145,0
DA:147,0
DA:151,0
DA:168,0
DA:178,0
DA:179,0
DA:186,0
DA:187,0
LF:36
LH:1
BRDA:5,0,0,0
BRDA:7,1,0,0
BRDA:8,2,0,0
BRDA:11,3,0,0
BRDA:15,4,0,0
BRDA:15,4,1,0
BRDA:20,5,0,0
BRDA:20,5,1,0
BRDA:31,6,0,0
BRDA:31,6,1,0
BRDA:51,7,0,0
BRDA:51,7,1,0
BRDA:139,8,0,0
BRDA:139,8,1,0
BRDA:139,8,2,0
BRDA:139,8,3,0
BRF:16
BRH:0
end_of_record
TN:
SF:src/components/ErrorBoundary.js
FN:4,(anonymous_0)
FN:13,(anonymous_1)
FN:18,(anonymous_2)
FN:31,(anonymous_3)
FN:39,(anonymous_4)
FN:122,(anonymous_5)
FN:123,(anonymous_6)
FN:129,(anonymous_7)
FN:141,(anonymous_8)
FN:142,(anonymous_9)
FN:157,(anonymous_10)
FN:158,(anonymous_11)
FNF:12
FNH:0
FNDA:0,(anonymous_0)
FNDA:0,(anonymous_1)
FNDA:0,(anonymous_2)
FNDA:0,(anonymous_3)
FNDA:0,(anonymous_4)
FNDA:0,(anonymous_5)
FNDA:0,(anonymous_6)
FNDA:0,(anonymous_7)
FNDA:0,(anonymous_8)
FNDA:0,(anonymous_9)
FNDA:0,(anonymous_10)
FNDA:0,(anonymous_11)
DA:5,0
DA:6,0
DA:15,0
DA:20,0
DA:22,0
DA:31,0
DA:32,0
DA:40,0
DA:42,0
DA:122,0
DA:123,0
DA:129,0
DA:141,0
DA:142,0
DA:152,0
DA:157,1
DA:158,0
DA:159,0
DA:164,0
DA:165,0
LF:20
LH:1
BRDA:40,0,0,0
BRDA:40,0,1,0
BRDA:78,1,0,0
BRDA:78,1,1,0
BRDA:78,1,2,0
BRDA:157,2,0,0
BRDA:164,3,0,0
BRDA:164,3,1,0
BRF:8
BRH:0
end_of_record
TN:
SF:src/components/InvoiceDetails.js
FN:5,(anonymous_0)
FN:9,(anonymous_1)
FN:17,(anonymous_2)
FN:22,(anonymous_3)
FN:27,(anonymous_4)
FN:31,(anonymous_5)
FN:43,(anonymous_6)
FN:55,(anonymous_7)
FN:102,(anonymous_8)
FN:129,(anonymous_9)
FNF:10
FNH:0
FNDA:0,(anonymous_0)
FNDA:0,(anonymous_1)
FNDA:0,(anonymous_2)
FNDA:0,(anonymous_3)
FNDA:0,(anonymous_4)
FNDA:0,(anonymous_5)
FNDA:0,(anonymous_6)
FNDA:0,(anonymous_7)
FNDA:0,(anonymous_8)
FNDA:0,(anonymous_9)
DA:5,1
DA:6,0
DA:7,0
DA:9,0
DA:10,0
DA:11,0
DA:13,0
DA:17,0
DA:18,0
DA:19,0
DA:22,0
DA:23,0
DA:24,0
DA:27,0
DA:28,0
DA:31,0
DA:33,0
DA:34,0
DA:35,0
DA:38,0
DA:39,0
DA:43,0
DA:48,0
DA:55,0
DA:102,0
DA:130,0
LF:26
LH:1
BRDA:33,0,0,0
BRDA:33,0,1,0
BRDA:34,1,0,0
BRDA:34,1,1,0
BRDA:38,2,0,0
BRDA:38,2,1,0
BRDA:83,3,0,0
BRDA:83,3,1,0
BRDA:130,4,0,0
BRDA:130,4,1,0
BRDA:143,5,0,0
BRDA:143,5,1,0
BRDA:146,6,0,0
BRDA:146,6,1,0
BRDA:152,7,0,0
BRDA:152,7,1,0
BRDA:157,8,0,0
BRDA:157,8,1,0
BRF:18
BRH:0
end_of_record
TN:
SF:src/components/InvoiceForm.js
FN:4,(anonymous_0)
FN:19,(anonymous_1)
FN:21,(anonymous_2)
FN:28,(anonymous_3)
FN:35,(anonymous_4)
FN:36,(anonymous_5)
FN:39,(anonymous_6)
FN:45,(anonymous_7)
FN:46,(anonymous_8)
FN:52,(anonymous_9)
FN:54,(anonymous_10)
FN:56,(anonymous_11)
FN:61,(anonymous_12)
FN:62,(anonymous_13)
FN:70,(anonymous_14)
FN:76,(anonymous_15)
FN:81,(anonymous_16)
FN:105,(anonymous_17)
FN:125,(anonymous_18)
FN:233,(anonymous_19)
FN:241,(anonymous_20)
FN:252,(anonymous_21)
FN:264,(anonymous_22)
FN:275,(anonymous_23)
FNF:24
FNH:22
FNDA:56,(anonymous_0)
FNDA:16,(anonymous_1)
FNDA:16,(anonymous_2)
FNDA:0,(anonymous_3)
FNDA:19,(anonymous_4)
FNDA:19,(anonymous_5)
FNDA:19,(anonymous_6)
FNDA:1,(anonymous_7)
FNDA:1,(anonymous_8)
FNDA:1,(anonymous_9)
FNDA:1,(anonymous_10)
FNDA:2,(anonymous_11)
FNDA:33,(anonymous_12)
FNDA:34,(anonymous_13)
FNDA:19,(anonymous_14)
FNDA:19,(anonymous_15)
FNDA:7,(anonymous_16)
FNDA:7,(anonymous_17)
FNDA:7,(anonymous_18)
FNDA:57,(anonymous_19)
FNDA:0,(anonymous_20)
FNDA:8,(anonymous_21)
FNDA:11,(anonymous_22)
FNDA:1,(anonymous_23)
DA:4,3
DA:5,56
DA:17,56
DA:19,56
DA:20,16
DA:21,16
DA:27,16
DA:28,0
DA:35,56
DA:36,19
DA:37,19
DA:39,19
DA:45,56
DA:46,1
DA:52,56
DA:53,1
DA:54,1
DA:56,2
DA:61,56
DA:62,33
DA:64,34
DA:65,34
DA:66,34
DA:70,56
DA:72,19
DA:73,19
DA:76,56
DA:78,19
DA:81,56
DA:82,7
DA:84,7
DA:85,5
DA:88,7
DA:89,5
DA:92,7
DA:93,4
DA:94,3
DA:95,1
DA:98,7
DA:99,4
DA:100,3
DA:101,3
DA:105,7
DA:106,7
DA:107,5
DA:110,7
DA:111,7
DA:112,3
DA:115,7
DA:116,7
DA:117,1
DA:121,7
DA:122,7
DA:125,56
DA:126,7
DA:128,7
DA:129,0
DA:135,0
DA:139,56
DA:234,57
DA:241,0
DA:252,8
DA:264,11
DA:275,1
LF:64
LH:60
BRDA:6,0,0,56
BRDA:6,0,1,52
BRDA:7,1,0,56
BRDA:7,1,1,52
BRDA:8,2,0,56
BRDA:8,2,1,52
BRDA:9,3,0,56
BRDA:9,3,1,56
BRDA:10,4,0,56
BRDA:10,4,1,56
BRDA:11,5,0,56
BRDA:11,5,1,52
BRDA:12,6,0,56
BRDA:12,6,1,52
BRDA:13,7,0,56
BRDA:13,7,1,56
BRDA:14,8,0,56
BRDA:14,8,1,56
BRDA:27,9,0,0
BRDA:27,9,1,16
BRDA:37,10,0,19
BRDA:37,10,1,0
BRDA:53,11,0,1
BRDA:53,11,1,0
BRDA:64,12,0,34
BRDA:64,12,1,7
BRDA:65,13,0,34
BRDA:65,13,1,25
BRDA:72,14,0,19
BRDA:72,14,1,0
BRDA:84,15,0,5
BRDA:84,15,1,2
BRDA:88,16,0,5
BRDA:88,16,1,2
BRDA:92,17,0,4
BRDA:92,17,1,3
BRDA:94,18,0,1
BRDA:94,18,1,2
BRDA:98,19,0,4
BRDA:98,19,1,3
BRDA:100,20,0,3
BRDA:100,20,1,0
BRDA:106,21,0,5
BRDA:106,21,1,2
BRDA:111,22,0,3
BRDA:111,22,1,4
BRDA:111,23,0,7
BRDA:111,23,1,7
BRDA:116,24,0,1
BRDA:116,24,1,6
BRDA:116,25,0,7
BRDA:116,25,1,7
BRDA:128,26,0,0
BRDA:128,26,1,7
BRDA:141,27,0,4
BRDA:141,27,1,52
BRDA:153,28,0,56
BRDA:153,28,1,5
BRDA:177,29,0,56
BRDA:177,29,1,5
BRDA:189,30,0,56
BRDA:189,30,1,5
BRDA:213,31,0,56
BRDA:213,31,1,7
BRDA:243,32,0,57
BRDA:243,32,1,5
BRDA:252,33,0,8
BRDA:252,33,1,5
BRDA:255,34,0,57
BRDA:255,34,1,3
BRDA:264,35,0,11
BRDA:264,35,1,4
BRDA:268,36,0,57
BRDA:268,36,1,1
BRDA:282,37,0,57
BRDA:282,37,1,10
BRDA:282,38,0,57
BRDA:282,38,1,46
BRDA:311,39,0,4
BRDA:311,39,1,52
BRF:80
BRH:74
end_of_record
TN:
SF:src/components/InvoiceList.js
FN:4,(anonymous_0)
FN:11,(anonymous_1)
FN:20,(anonymous_2)
FN:21,(anonymous_3)
FN:50,(anonymous_4)
FN:71,(anonymous_5)
FN:81,(anonymous_6)
FN:95,(anonymous_7)
FN:126,(anonymous_8)
FN:143,(anonymous_9)
FN:167,(anonymous_10)
FN:167,(anonymous_11)
FN:185,(anonymous_12)
FN:185,(anonymous_13)
FN:200,(anonymous_14)
FN:232,(anonymous_15)
FN:238,(anonymous_16)
FN:244,(anonymous_17)
FN:250,(anonymous_18)
FN:256,(anonymous_19)
FN:269,(anonymous_20)
FN:277,(anonymous_21)
FN:313,(anonymous_22)
FNF:23
FNH:13
FNDA:13,(anonymous_0)
FNDA:2,(anonymous_1)
FNDA:13,(anonymous_2)
FNDA:34,(anonymous_3)
FNDA:24,(anonymous_4)
FNDA:34,(anonymous_5)
FNDA:68,(anonymous_6)
FNDA:2,(anonymous_7)
FNDA:0,(anonymous_8)
FNDA:0,(anonymous_9)
FNDA:0,(anonymous_10)
FNDA:0,(anonymous_11)
FNDA:0,(anonymous_12)
FNDA:0,(anonymous_13)
FNDA:0,(anonymous_14)
FNDA:0,(anonymous_15)
FNDA:1,(anonymous_16)
FNDA:0,(anonymous_17)
FNDA:0,(anonymous_18)
FNDA:1,(anonymous_19)
FNDA:34,(anonymous_20)
FNDA:1,(anonymous_21)
FNDA:2,(anonymous_22)
DA:4,2
DA:5,13
DA:6,13
DA:7,13
DA:8,13
DA:9,13
DA:11,13
DA:12,2
DA:13,0
DA:15,2
DA:16,2
DA:20,13
DA:23,34
DA:24,0
DA:28,34
DA:29,0
DA:31,0
DA:34,0
DA:38,34
DA:39,0
DA:40,0
DA:41,0
DA:43,0
DA:44,0
DA:48,34
DA:51,24
DA:52,24
DA:54,24
DA:55,4
DA:56,4
DA:59,24
DA:60,18
DA:61,18
DA:64,24
DA:65,6
DA:67,18
DA:71,13
DA:72,34
DA:73,12
DA:74,11
DA:75,11
DA:76,0
DA:77,0
DA:81,13
DA:82,68
DA:83,68
DA:84,68
DA:86,2
DA:88,66
DA:91,0
DA:95,13
DA:96,2
DA:97,2
DA:100,13
DA:126,0
DA:143,0
DA:167,0
DA:185,0
DA:201,0
DA:202,0
DA:203,0
DA:232,0
DA:238,1
DA:244,0
DA:250,0
DA:256,1
DA:270,34
DA:277,1
DA:313,2
LF:69
LH:46
BRDA:12,0,0,0
BRDA:12,0,1,2
BRDA:13,1,0,0
BRDA:13,1,1,0
BRDA:23,2,0,0
BRDA:23,2,1,34
BRDA:23,3,0,34
BRDA:23,3,1,0
BRDA:28,4,0,0
BRDA:28,4,1,34
BRDA:31,5,0,0
BRDA:31,5,1,0
BRDA:31,5,2,0
BRDA:34,6,0,0
BRDA:34,6,1,0
BRDA:38,7,0,0
BRDA:38,7,1,34
BRDA:38,8,0,34
BRDA:38,8,1,34
BRDA:40,9,0,0
BRDA:40,9,1,0
BRDA:40,10,0,0
BRDA:40,10,1,0
BRDA:43,11,0,0
BRDA:43,11,1,0
BRDA:43,12,0,0
BRDA:43,12,1,0
BRDA:54,13,0,4
BRDA:54,13,1,20
BRDA:55,14,0,4
BRDA:55,14,1,0
BRDA:56,15,0,4
BRDA:56,15,1,0
BRDA:59,16,0,18
BRDA:59,16,1,6
BRDA:59,17,0,24
BRDA:59,17,1,6
BRDA:64,18,0,6
BRDA:64,18,1,18
BRDA:65,19,0,1
BRDA:65,19,1,5
BRDA:67,20,0,0
BRDA:67,20,1,18
BRDA:72,21,0,12
BRDA:72,21,1,11
BRDA:72,21,2,11
BRDA:72,21,3,0
BRDA:72,21,4,0
BRDA:84,22,0,2
BRDA:84,22,1,66
BRDA:197,23,0,13
BRDA:197,23,1,13
BRDA:197,23,2,13
BRDA:197,23,3,13
BRDA:197,23,4,0
BRDA:221,24,0,1
BRDA:221,24,1,12
BRDA:223,25,0,1
BRDA:223,25,1,0
BRDA:234,26,0,12
BRDA:234,26,1,0
BRDA:234,27,0,0
BRDA:234,27,1,0
BRDA:240,28,0,12
BRDA:240,28,1,1
BRDA:240,29,0,1
BRDA:240,29,1,0
BRDA:246,30,0,12
BRDA:246,30,1,10
BRDA:246,31,0,0
BRDA:246,31,1,10
BRDA:252,32,0,12
BRDA:252,32,1,0
BRDA:252,33,0,0
BRDA:252,33,1,0
BRDA:258,34,0,12
BRDA:258,34,1,1
BRDA:258,35,0,1
BRDA:258,35,1,0
BRDA:292,36,0,34
BRDA:292,36,1,0
BRF:81
BRH:44
end_of_record
TN:
SF:src/components/LoadingSpinner.js
FN:3,(anonymous_0)
FN:55,(anonymous_1)
FN:72,(anonymous_2)
FNF:3
FNH:0
FNDA:0,(anonymous_0)
FNDA:0,(anonymous_1)
FNDA:0,(anonymous_2)
DA:3,1
DA:4,0
DA:10,0
DA:12,0
DA:22,0
DA:31,0
DA:37,0
DA:55,1
DA:56,0
DA:72,1
DA:73,0
LF:11
LH:3
BRDA:3,0,0,0
BRDA:3,1,0,0
BRDA:3,2,0,0
BRDA:49,3,0,0
BRDA:49,3,1,0
BRDA:55,4,0,0
BRDA:72,5,0,0
BRF:7
BRH:0
end_of_record
TN:
SF:src/components/Toast.js
FN:3,(anonymous_0)
FN:6,(anonymous_1)
FN:7,(anonymous_2)
FN:12,(anonymous_3)
FN:15,(anonymous_4)
FN:44,(anonymous_5)
FNF:6
FNH:0
FNDA:0,(anonymous_0)
FNDA:0,(anonymous_1)
FNDA:0,(anonymous_2)
FNDA:0,(anonymous_3)
FNDA:0,(anonymous_4)
FNDA:0,(anonymous_5)
DA:3,1
DA:4,0
DA:6,0
DA:7,0
DA:8,0
DA:9,0
DA:12,0
DA:15,0
DA:16,0
DA:34,0
DA:41,0
DA:44,0
DA:45,0
DA:46,0
DA:49,0
LF:15
LH:1
BRDA:3,0,0,0
BRDA:3,1,0,0
BRDA:26,2,0,0
BRDA:26,2,1,0
BRDA:27,3,0,0
BRDA:27,3,1,0
BRF:6
BRH:0
end_of_record
TN:
SF:src/contexts/ToastContext.js
FN:6,(anonymous_0)
FN:14,(anonymous_1)
FN:17,(anonymous_2)
FN:21,(anonymous_3)
FN:26,(anonymous_4)
FN:27,(anonymous_5)
FN:27,(anonymous_6)
FN:30,(anonymous_7)
FN:31,(anonymous_8)
FN:32,(anonymous_9)
FN:33,(anonymous_10)
FN:48,(anonymous_11)
FN:60,(anonymous_12)
FNF:13
FNH:1
FNDA:20,(anonymous_0)
FNDA:0,(anonymous_1)
FNDA:0,(anonymous_2)
FNDA:0,(anonymous_3)
FNDA:0,(anonymous_4)
FNDA:0,(anonymous_5)
FNDA:0,(anonymous_6)
FNDA:0,(anonymous_7)
FNDA:0,(anonymous_8)
FNDA:0,(anonymous_9)
FNDA:0,(anonymous_10)
FNDA:0,(anonymous_11)
FNDA:0,(anonymous_12)
DA:4,1
DA:6,1
DA:7,20
DA:8,20
DA:9,20
DA:11,0
DA:14,1
DA:15,0
DA:17,0
DA:18,0
DA:19,0
DA:21,0
DA:23,0
DA:26,0
DA:27,0
DA:30,0
DA:31,0
DA:32,0
DA:33,0
DA:35,0
DA:44,0
DA:49,0
DA:60,0
LF:23
LH:6
BRDA:8,0,0,20
BRDA:8,0,1,0
BRDA:17,1,0,0
BRDA:17,2,0,0
BRF:4
BRH:1
end_of_record
TN:
SF:src/hooks/useInvoices.js
FN:4,(anonymous_0)
FN:10,(anonymous_1)
FN:27,(anonymous_2)
FN:39,(anonymous_3)
FN:51,(anonymous_4)
FN:65,(anonymous_5)
FN:70,(anonymous_6)
FN:71,(anonymous_7)
FN:88,(anonymous_8)
FN:93,(anonymous_9)
FN:94,(anonymous_10)
FN:109,(anonymous_11)
FN:134,(anonymous_12)
FN:138,(anonymous_13)
FN:141,(anonymous_14)
FN:161,(anonymous_15)
FN:173,(anonymous_16)
FNF:17
FNH:0
FNDA:0,(anonymous_0)
FNDA:0,(anonymous_1)
FNDA:0,(anonymous_2)
FNDA:0,(anonymous_3)
FNDA:0,(anonymous_4)
FNDA:0,(anonymous_5)
FNDA:0,(anonymous_6)
FNDA:0,(anonymous_7)
FNDA:0,(anonymous_8)
FNDA:0,(anonymous_9)
FNDA:0,(anonymous_10)
FNDA:0,(anonymous_11)
FNDA:0,(anonymous_12)
FNDA:0,(anonymous_13)
FNDA:0,(anonymous_14)
FNDA:0,(anonymous_15)
FNDA:0,(anonymous_16)
DA:4,1
DA:5,0
DA:6,0
DA:7,0
DA:10,0
DA:11,0
DA:12,0
DA:13,0
DA:14,0
DA:15,0
DA:16,0
DA:19,0
DA:20,0
DA:22,0
DA:27,0
DA:28,0
DA:29,0
DA:30,0
DA:32,0
DA:33,0
DA:39,0
DA:40,0
DA:41,0
DA:43,0
DA:44,0
DA:51,0
DA:52,0
DA:53,0
DA:55,0
DA:56,0
DA:57,0
DA:58,0
DA:60,0
DA:65,0
DA:66,0
DA:67,0
DA:69,0
DA:70,0
DA:71,0
DA:72,0
DA:75,0
DA:76,0
DA:78,0
DA:79,0
DA:80,0
DA:81,0
DA:83,0
DA:88,0
DA:89,0
DA:90,0
DA:92,0
DA:93,0
DA:94,0
DA:96,0
DA:97,0
DA:99,0
DA:100,0
DA:101,0
DA:102,0
DA:104,0
DA:109,0
DA:110,0
DA:111,0
DA:112,0
DA:113,0
DA:115,0
DA:116,0
DA:117,0
DA:118,0
DA:119,0
DA:120,0
DA:121,0
DA:123,0
DA:124,0
DA:126,0
DA:127,0
DA:128,0
DA:129,0
DA:134,0
DA:135,0
DA:136,0
DA:138,0
DA:139,0
DA:141,0
DA:142,0
DA:143,0
DA:144,0
DA:145,0
DA:146,0
DA:147,0
DA:149,0
DA:152,0
DA:153,0
DA:154,0
DA:155,0
DA:157,0
DA:161,0
DA:162,0
DA:163,0
DA:164,0
DA:165,0
DA:168,0
DA:173,0
DA:174,0
DA:177,0
LF:105
LH:1
BRDA:14,0,0,0
BRDA:14,0,1,0
BRDA:28,1,0,0
BRDA:28,1,1,0
BRDA:72,2,0,0
BRDA:72,2,1,0
BRDA:144,3,0,0
BRDA:144,3,1,0
BRF:8
BRH:0
end_of_record
